
===========================================================================
Reading File ...

===========================================================================
Calculating State Probability ...
glp_exact: 8 rows, 7 columns, 32 non-zeros
GLPK bignum module is being used
(Consider installing GNU MP to attain a much better performance.)
      0:   infsum =                      1   (7)
      7:   infsum =                      0   (1)
*     7:   objval =                      0   (1)
*     7:   objval =                      0   (1)
OPTIMAL SOLUTION FOUND
-----
S0:	0.204372
S1:	0.266667
S2:	0.196721
S3:	0.133333
S4:	0.0491803
S5:	0.133333
S6:	0.0163934
-----
S1 <-> S0:	2.30786
S2 <-> S0:	1.37053
S2 <-> S1:	2.25558
S3 <-> S1:	2.27799
S3 <-> S2:	0.455598
S4 <-> S1:	0.336097
S4 <-> S2:	0.840242
S5 <-> S0:	0.455598
S5 <-> S2:	0.455598
S5 <-> S3:	0.911196
S6 <-> S0:	0.0560161
S6 <-> S1:	0.112032
S6 <-> S4:	0.168048

===========================================================================
State Assignment ...
   [   Round 1   ]   
Set col: S0 -> 1
Set col: S1 -> 3
Set col: S2 -> 2
Set col: S3 -> 5
Set col: S4 -> 4
Set col: S5 -> 6
Set col: S6 -> 7
Size of Group: 1
Group 1 | Size 7
Set row: 1 lb: 1 ub: 4
Set row: 2 lb: -6 ub: -3
1: 1 7 1
2: 2 7 -1
3: 1 6 1
4: 2 6 -1
5: 1 3 1
6: 2 3 -1
7: 1 1 1
8: 2 1 -1
9: 1 2 1
10: 2 2 -1
11: 1 5 1
12: 2 5 -1
13: 1 4 1
14: 2 4 -1
Edge found! S1:3 <-> S0:1	Weight: 2.30786	Set col: 8
Set row: 3 ub: 0
15: 3 3 -1 | 16: 3 1 -1 | 17: 3 8 1
Set row: 4 ub: 2
18: 4 3 1 | 19: 4 1 1 | 20: 4 8 1
Set row: 5 lb: 0
21: 5 3 -1 | 22: 5 1 1 | 23: 5 8 1
Set row: 6 lb: 0
24: 6 3 1 | 25: 6 1 -1 | 26: 6 8 1
Edge found! S2:2 <-> S0:1	Weight: 1.37053	Set col: 9
Set row: 7 ub: 0
27: 7 2 -1 | 28: 7 1 -1 | 29: 7 9 1
Set row: 8 ub: 2
30: 8 2 1 | 31: 8 1 1 | 32: 8 9 1
Set row: 9 lb: 0
33: 9 2 -1 | 34: 9 1 1 | 35: 9 9 1
Set row: 10 lb: 0
36: 10 2 1 | 37: 10 1 -1 | 38: 10 9 1
Edge found! S2:2 <-> S1:3	Weight: 2.25558	Set col: 10
Set row: 11 ub: 0
39: 11 2 -1 | 40: 11 3 -1 | 41: 11 10 1
Set row: 12 ub: 2
42: 12 2 1 | 43: 12 3 1 | 44: 12 10 1
Set row: 13 lb: 0
45: 13 2 -1 | 46: 13 3 1 | 47: 13 10 1
Set row: 14 lb: 0
48: 14 2 1 | 49: 14 3 -1 | 50: 14 10 1
Edge found! S3:5 <-> S1:3	Weight: 2.27799	Set col: 11
Set row: 15 ub: 0
51: 15 5 -1 | 52: 15 3 -1 | 53: 15 11 1
Set row: 16 ub: 2
54: 16 5 1 | 55: 16 3 1 | 56: 16 11 1
Set row: 17 lb: 0
57: 17 5 -1 | 58: 17 3 1 | 59: 17 11 1
Set row: 18 lb: 0
60: 18 5 1 | 61: 18 3 -1 | 62: 18 11 1
Edge found! S3:5 <-> S2:2	Weight: 0.455598	Set col: 12
Set row: 19 ub: 0
63: 19 5 -1 | 64: 19 2 -1 | 65: 19 12 1
Set row: 20 ub: 2
66: 20 5 1 | 67: 20 2 1 | 68: 20 12 1
Set row: 21 lb: 0
69: 21 5 -1 | 70: 21 2 1 | 71: 21 12 1
Set row: 22 lb: 0
72: 22 5 1 | 73: 22 2 -1 | 74: 22 12 1
Edge found! S4:4 <-> S1:3	Weight: 0.336097	Set col: 13
Set row: 23 ub: 0
75: 23 4 -1 | 76: 23 3 -1 | 77: 23 13 1
Set row: 24 ub: 2
78: 24 4 1 | 79: 24 3 1 | 80: 24 13 1
Set row: 25 lb: 0
81: 25 4 -1 | 82: 25 3 1 | 83: 25 13 1
Set row: 26 lb: 0
84: 26 4 1 | 85: 26 3 -1 | 86: 26 13 1
Edge found! S4:4 <-> S2:2	Weight: 0.840242	Set col: 14
Set row: 27 ub: 0
87: 27 4 -1 | 88: 27 2 -1 | 89: 27 14 1
Set row: 28 ub: 2
90: 28 4 1 | 91: 28 2 1 | 92: 28 14 1
Set row: 29 lb: 0
93: 29 4 -1 | 94: 29 2 1 | 95: 29 14 1
Set row: 30 lb: 0
96: 30 4 1 | 97: 30 2 -1 | 98: 30 14 1
Edge found! S5:6 <-> S0:1	Weight: 0.455598	Set col: 15
Set row: 31 ub: 0
99: 31 6 -1 | 100: 31 1 -1 | 101: 31 15 1
Set row: 32 ub: 2
102: 32 6 1 | 103: 32 1 1 | 104: 32 15 1
Set row: 33 lb: 0
105: 33 6 -1 | 106: 33 1 1 | 107: 33 15 1
Set row: 34 lb: 0
108: 34 6 1 | 109: 34 1 -1 | 110: 34 15 1
Edge found! S5:6 <-> S2:2	Weight: 0.455598	Set col: 16
Set row: 35 ub: 0
111: 35 6 -1 | 112: 35 2 -1 | 113: 35 16 1
Set row: 36 ub: 2
114: 36 6 1 | 115: 36 2 1 | 116: 36 16 1
Set row: 37 lb: 0
117: 37 6 -1 | 118: 37 2 1 | 119: 37 16 1
Set row: 38 lb: 0
120: 38 6 1 | 121: 38 2 -1 | 122: 38 16 1
Edge found! S5:6 <-> S3:5	Weight: 0.911196	Set col: 17
Set row: 39 ub: 0
123: 39 6 -1 | 124: 39 5 -1 | 125: 39 17 1
Set row: 40 ub: 2
126: 40 6 1 | 127: 40 5 1 | 128: 40 17 1
Set row: 41 lb: 0
129: 41 6 -1 | 130: 41 5 1 | 131: 41 17 1
Set row: 42 lb: 0
132: 42 6 1 | 133: 42 5 -1 | 134: 42 17 1
Edge found! S6:7 <-> S0:1	Weight: 0.0560161	Set col: 18
Set row: 43 ub: 0
135: 43 7 -1 | 136: 43 1 -1 | 137: 43 18 1
Set row: 44 ub: 2
138: 44 7 1 | 139: 44 1 1 | 140: 44 18 1
Set row: 45 lb: 0
141: 45 7 -1 | 142: 45 1 1 | 143: 45 18 1
Set row: 46 lb: 0
144: 46 7 1 | 145: 46 1 -1 | 146: 46 18 1
Edge found! S6:7 <-> S1:3	Weight: 0.112032	Set col: 19
Set row: 47 ub: 0
147: 47 7 -1 | 148: 47 3 -1 | 149: 47 19 1
Set row: 48 ub: 2
150: 48 7 1 | 151: 48 3 1 | 152: 48 19 1
Set row: 49 lb: 0
153: 49 7 -1 | 154: 49 3 1 | 155: 49 19 1
Set row: 50 lb: 0
156: 50 7 1 | 157: 50 3 -1 | 158: 50 19 1
Edge found! S6:7 <-> S4:4	Weight: 0.168048	Set col: 20
Set row: 51 ub: 0
159: 51 7 -1 | 160: 51 4 -1 | 161: 51 20 1
Set row: 52 ub: 2
162: 52 7 1 | 163: 52 4 1 | 164: 52 20 1
Set row: 53 lb: 0
165: 53 7 -1 | 166: 53 4 1 | 167: 53 20 1
Set row: 54 lb: 0
168: 54 7 1 | 169: 54 4 -1 | 170: 54 20 1
GLPK Integer Optimizer 5.0
55 rows, 20 columns, 177 non-zeros
20 integer variables, all of which are binary
Preprocessing...
26 hidden covering inequaliti(es) were detected
55 rows, 20 columns, 177 non-zeros
20 integer variables, all of which are binary
Scaling...
 A: min|aij| =  1.000e+00  max|aij| =  2.000e+00  ratio =  2.000e+00
Problem data seem to be well scaled
Constructing initial basis...
Size of triangular part is 55
Solving LP relaxation...
GLPK Simplex Optimizer 5.0
55 rows, 20 columns, 177 non-zeros
      0: obj =   0.000000000e+00 inf =   4.000e+00 (2)
      8: obj =   0.000000000e+00 inf =   0.000e+00 (0)
OPTIMAL LP SOLUTION FOUND
Integer optimization begins...
Long-step dual simplex will be used
+     8: mip =     not found yet >=              -inf        (1; 0)
+    27: >>>>>   3.166778830e+00 >=   0.000000000e+00 100.0% (3; 0)
+    35: mip =   3.166778830e+00 >=     tree is empty   0.0% (0; 7)
INTEGER OPTIMAL SOLUTION FOUND
-----
Objective Function Value: 3.16678
S0	1	0
S1	3	0
S2	2	0
S3	5	0
S4	4	1
S5	6	1
S6	7	1
Number of 0 assigned: 4 | Number of 1 assigned: 3
XOR Constraint 8: 0
XOR Constraint 9: 0
XOR Constraint 10: 0
XOR Constraint 11: 0
XOR Constraint 12: 0
XOR Constraint 13: 1
XOR Constraint 14: 1
XOR Constraint 15: 1
XOR Constraint 16: 1
XOR Constraint 17: 1
XOR Constraint 18: 1
XOR Constraint 19: 1
XOR Constraint 20: 0
-----
Size of State Group: 2
 - 3 1 2 5
 - 4 6 7

   [   Round 2   ]   
Set col: S0 -> 1
Set col: S1 -> 3
Set col: S2 -> 2
Set col: S3 -> 5
Set col: S4 -> 4
Set col: S5 -> 6
Set col: S6 -> 7
Size of Group: 2
Group 1 | Size 4
Set row: 1 lb: 1 ub: 2
Set row: 2 lb: -3 ub: -2
1: 1 3 1
2: 2 3 -1
3: 1 1 1
4: 2 1 -1
5: 1 2 1
6: 2 2 -1
7: 1 5 1
8: 2 5 -1
Group 2 | Size 3
Set row: 3 lb: 1 ub: 2
Set row: 4 lb: -2 ub: -1
9: 3 4 1
10: 4 4 -1
11: 3 6 1
12: 4 6 -1
13: 3 7 1
14: 4 7 -1
Edge found! S1:3 <-> S0:1	Weight: 2.30786	Set col: 8
Set row: 5 ub: 0
15: 5 3 -1 | 16: 5 1 -1 | 17: 5 8 1
Set row: 6 ub: 2
18: 6 3 1 | 19: 6 1 1 | 20: 6 8 1
Set row: 7 lb: 0
21: 7 3 -1 | 22: 7 1 1 | 23: 7 8 1
Set row: 8 lb: 0
24: 8 3 1 | 25: 8 1 -1 | 26: 8 8 1
Edge found! S2:2 <-> S0:1	Weight: 1.37053	Set col: 9
Set row: 9 ub: 0
27: 9 2 -1 | 28: 9 1 -1 | 29: 9 9 1
Set row: 10 ub: 2
30: 10 2 1 | 31: 10 1 1 | 32: 10 9 1
Set row: 11 lb: 0
33: 11 2 -1 | 34: 11 1 1 | 35: 11 9 1
Set row: 12 lb: 0
36: 12 2 1 | 37: 12 1 -1 | 38: 12 9 1
Edge found! S2:2 <-> S1:3	Weight: 2.25558	Set col: 10
Set row: 13 ub: 0
39: 13 2 -1 | 40: 13 3 -1 | 41: 13 10 1
Set row: 14 ub: 2
42: 14 2 1 | 43: 14 3 1 | 44: 14 10 1
Set row: 15 lb: 0
45: 15 2 -1 | 46: 15 3 1 | 47: 15 10 1
Set row: 16 lb: 0
48: 16 2 1 | 49: 16 3 -1 | 50: 16 10 1
Edge found! S3:5 <-> S1:3	Weight: 2.27799	Set col: 11
Set row: 17 ub: 0
51: 17 5 -1 | 52: 17 3 -1 | 53: 17 11 1
Set row: 18 ub: 2
54: 18 5 1 | 55: 18 3 1 | 56: 18 11 1
Set row: 19 lb: 0
57: 19 5 -1 | 58: 19 3 1 | 59: 19 11 1
Set row: 20 lb: 0
60: 20 5 1 | 61: 20 3 -1 | 62: 20 11 1
Edge found! S3:5 <-> S2:2	Weight: 0.455598	Set col: 12
Set row: 21 ub: 0
63: 21 5 -1 | 64: 21 2 -1 | 65: 21 12 1
Set row: 22 ub: 2
66: 22 5 1 | 67: 22 2 1 | 68: 22 12 1
Set row: 23 lb: 0
69: 23 5 -1 | 70: 23 2 1 | 71: 23 12 1
Set row: 24 lb: 0
72: 24 5 1 | 73: 24 2 -1 | 74: 24 12 1
Edge found! S4:4 <-> S1:3	Weight: 0.672194	Set col: 13
Set row: 25 ub: 0
75: 25 4 -1 | 76: 25 3 -1 | 77: 25 13 1
Set row: 26 ub: 2
78: 26 4 1 | 79: 26 3 1 | 80: 26 13 1
Set row: 27 lb: 0
81: 27 4 -1 | 82: 27 3 1 | 83: 27 13 1
Set row: 28 lb: 0
84: 28 4 1 | 85: 28 3 -1 | 86: 28 13 1
Edge found! S4:4 <-> S2:2	Weight: 1.68048	Set col: 14
Set row: 29 ub: 0
87: 29 4 -1 | 88: 29 2 -1 | 89: 29 14 1
Set row: 30 ub: 2
90: 30 4 1 | 91: 30 2 1 | 92: 30 14 1
Set row: 31 lb: 0
93: 31 4 -1 | 94: 31 2 1 | 95: 31 14 1
Set row: 32 lb: 0
96: 32 4 1 | 97: 32 2 -1 | 98: 32 14 1
Edge found! S5:6 <-> S0:1	Weight: 0.911196	Set col: 15
Set row: 33 ub: 0
99: 33 6 -1 | 100: 33 1 -1 | 101: 33 15 1
Set row: 34 ub: 2
102: 34 6 1 | 103: 34 1 1 | 104: 34 15 1
Set row: 35 lb: 0
105: 35 6 -1 | 106: 35 1 1 | 107: 35 15 1
Set row: 36 lb: 0
108: 36 6 1 | 109: 36 1 -1 | 110: 36 15 1
Edge found! S5:6 <-> S2:2	Weight: 0.911196	Set col: 16
Set row: 37 ub: 0
111: 37 6 -1 | 112: 37 2 -1 | 113: 37 16 1
Set row: 38 ub: 2
114: 38 6 1 | 115: 38 2 1 | 116: 38 16 1
Set row: 39 lb: 0
117: 39 6 -1 | 118: 39 2 1 | 119: 39 16 1
Set row: 40 lb: 0
120: 40 6 1 | 121: 40 2 -1 | 122: 40 16 1
Edge found! S5:6 <-> S3:5	Weight: 1.82239	Set col: 17
Set row: 41 ub: 0
123: 41 6 -1 | 124: 41 5 -1 | 125: 41 17 1
Set row: 42 ub: 2
126: 42 6 1 | 127: 42 5 1 | 128: 42 17 1
Set row: 43 lb: 0
129: 43 6 -1 | 130: 43 5 1 | 131: 43 17 1
Set row: 44 lb: 0
132: 44 6 1 | 133: 44 5 -1 | 134: 44 17 1
Edge found! S6:7 <-> S0:1	Weight: 0.112032	Set col: 18
Set row: 45 ub: 0
135: 45 7 -1 | 136: 45 1 -1 | 137: 45 18 1
Set row: 46 ub: 2
138: 46 7 1 | 139: 46 1 1 | 140: 46 18 1
Set row: 47 lb: 0
141: 47 7 -1 | 142: 47 1 1 | 143: 47 18 1
Set row: 48 lb: 0
144: 48 7 1 | 145: 48 1 -1 | 146: 48 18 1
Edge found! S6:7 <-> S1:3	Weight: 0.224065	Set col: 19
Set row: 49 ub: 0
147: 49 7 -1 | 148: 49 3 -1 | 149: 49 19 1
Set row: 50 ub: 2
150: 50 7 1 | 151: 50 3 1 | 152: 50 19 1
Set row: 51 lb: 0
153: 51 7 -1 | 154: 51 3 1 | 155: 51 19 1
Set row: 52 lb: 0
156: 52 7 1 | 157: 52 3 -1 | 158: 52 19 1
Edge found! S6:7 <-> S4:4	Weight: 0.168048	Set col: 20
Set row: 53 ub: 0
159: 53 7 -1 | 160: 53 4 -1 | 161: 53 20 1
Set row: 54 ub: 2
162: 54 7 1 | 163: 54 4 1 | 164: 54 20 1
Set row: 55 lb: 0
165: 55 7 -1 | 166: 55 4 1 | 167: 55 20 1
Set row: 56 lb: 0
168: 56 7 1 | 169: 56 4 -1 | 170: 56 20 1
GLPK Integer Optimizer 5.0
57 rows, 20 columns, 177 non-zeros
20 integer variables, all of which are binary
Preprocessing...
28 hidden covering inequaliti(es) were detected
59 rows, 20 columns, 183 non-zeros
20 integer variables, all of which are binary
Scaling...
 A: min|aij| =  1.000e+00  max|aij| =  2.000e+00  ratio =  2.000e+00
Problem data seem to be well scaled
Constructing initial basis...
Size of triangular part is 59
Solving LP relaxation...
GLPK Simplex Optimizer 5.0
59 rows, 20 columns, 183 non-zeros
      0: obj =   0.000000000e+00 inf =   5.000e+00 (4)
      9: obj =   0.000000000e+00 inf =   0.000e+00 (0)
OPTIMAL LP SOLUTION FOUND
Integer optimization begins...
Long-step dual simplex will be used
+     9: mip =     not found yet >=              -inf        (1; 0)
+    35: >>>>>   7.737695444e+00 >=   3.921129448e-01  94.9% (4; 0)
+    56: >>>>>   7.655538446e+00 >=   6.518410906e+00  14.9% (4; 2)
+    56: >>>>>   7.435208315e+00 >=   6.535215747e+00  12.1% (2; 4)
+    60: mip =   7.435208315e+00 >=     tree is empty   0.0% (0; 11)
INTEGER OPTIMAL SOLUTION FOUND
-----
Objective Function Value: 7.43521
S0	1	1
S1	3	0
S2	2	0
S3	5	1
S4	4	0
S5	6	1
S6	7	0
Number of 0 assigned: 4 | Number of 1 assigned: 3
XOR Constraint 8: 1
XOR Constraint 9: 1
XOR Constraint 10: 0
XOR Constraint 11: 1
XOR Constraint 12: 1
XOR Constraint 13: 0
XOR Constraint 14: 0
XOR Constraint 15: 0
XOR Constraint 16: 1
XOR Constraint 17: 0
XOR Constraint 18: 1
XOR Constraint 19: 0
XOR Constraint 20: 0
-----
Size of State Group: 4
 - 3 2
 - 4 7
 - 5 1
 - 6

   [   Round 3   ]   
Set col: S0 -> 1
Set col: S1 -> 3
Set col: S2 -> 2
Set col: S3 -> 5
Set col: S4 -> 4
Set col: S5 -> 6
Set col: S6 -> 7
Size of Group: 4
Group 1 | Size 2
Set row: 1 lb: 1 ub: 1
Set row: 2 lb: -1 ub: -1
1: 1 3 1
2: 2 3 -1
3: 1 2 1
4: 2 2 -1
Group 2 | Size 2
Set row: 3 lb: 1 ub: 1
Set row: 4 lb: -1 ub: -1
5: 3 4 1
6: 4 4 -1
7: 3 7 1
8: 4 7 -1
Group 3 | Size 2
Set row: 5 lb: 1 ub: 1
Set row: 6 lb: -1 ub: -1
9: 5 5 1
10: 6 5 -1
11: 5 1 1
12: 6 1 -1
Group 4 | Size 1
Edge found! S1:3 <-> S0:1	Weight: 4.61573	Set col: 8
Set row: 7 ub: 0
13: 7 3 -1 | 14: 7 1 -1 | 15: 7 8 1
Set row: 8 ub: 2
16: 8 3 1 | 17: 8 1 1 | 18: 8 8 1
Set row: 9 lb: 0
19: 9 3 -1 | 20: 9 1 1 | 21: 9 8 1
Set row: 10 lb: 0
22: 10 3 1 | 23: 10 1 -1 | 24: 10 8 1
Edge found! S2:2 <-> S0:1	Weight: 2.74106	Set col: 9
Set row: 11 ub: 0
25: 11 2 -1 | 26: 11 1 -1 | 27: 11 9 1
Set row: 12 ub: 2
28: 12 2 1 | 29: 12 1 1 | 30: 12 9 1
Set row: 13 lb: 0
31: 13 2 -1 | 32: 13 1 1 | 33: 13 9 1
Set row: 14 lb: 0
34: 14 2 1 | 35: 14 1 -1 | 36: 14 9 1
Edge found! S2:2 <-> S1:3	Weight: 2.25558	Set col: 10
Set row: 15 ub: 0
37: 15 2 -1 | 38: 15 3 -1 | 39: 15 10 1
Set row: 16 ub: 2
40: 16 2 1 | 41: 16 3 1 | 42: 16 10 1
Set row: 17 lb: 0
43: 17 2 -1 | 44: 17 3 1 | 45: 17 10 1
Set row: 18 lb: 0
46: 18 2 1 | 47: 18 3 -1 | 48: 18 10 1
Edge found! S3:5 <-> S1:3	Weight: 4.55598	Set col: 11
Set row: 19 ub: 0
49: 19 5 -1 | 50: 19 3 -1 | 51: 19 11 1
Set row: 20 ub: 2
52: 20 5 1 | 53: 20 3 1 | 54: 20 11 1
Set row: 21 lb: 0
55: 21 5 -1 | 56: 21 3 1 | 57: 21 11 1
Set row: 22 lb: 0
58: 22 5 1 | 59: 22 3 -1 | 60: 22 11 1
Edge found! S3:5 <-> S2:2	Weight: 0.911196	Set col: 12
Set row: 23 ub: 0
61: 23 5 -1 | 62: 23 2 -1 | 63: 23 12 1
Set row: 24 ub: 2
64: 24 5 1 | 65: 24 2 1 | 66: 24 12 1
Set row: 25 lb: 0
67: 25 5 -1 | 68: 25 2 1 | 69: 25 12 1
Set row: 26 lb: 0
70: 26 5 1 | 71: 26 2 -1 | 72: 26 12 1
Edge found! S4:4 <-> S1:3	Weight: 0.672194	Set col: 13
Set row: 27 ub: 0
73: 27 4 -1 | 74: 27 3 -1 | 75: 27 13 1
Set row: 28 ub: 2
76: 28 4 1 | 77: 28 3 1 | 78: 28 13 1
Set row: 29 lb: 0
79: 29 4 -1 | 80: 29 3 1 | 81: 29 13 1
Set row: 30 lb: 0
82: 30 4 1 | 83: 30 3 -1 | 84: 30 13 1
Edge found! S4:4 <-> S2:2	Weight: 1.68048	Set col: 14
Set row: 31 ub: 0
85: 31 4 -1 | 86: 31 2 -1 | 87: 31 14 1
Set row: 32 ub: 2
88: 32 4 1 | 89: 32 2 1 | 90: 32 14 1
Set row: 33 lb: 0
91: 33 4 -1 | 92: 33 2 1 | 93: 33 14 1
Set row: 34 lb: 0
94: 34 4 1 | 95: 34 2 -1 | 96: 34 14 1
Edge found! S5:6 <-> S0:1	Weight: 0.911196	Set col: 15
Set row: 35 ub: 0
97: 35 6 -1 | 98: 35 1 -1 | 99: 35 15 1
Set row: 36 ub: 2
100: 36 6 1 | 101: 36 1 1 | 102: 36 15 1
Set row: 37 lb: 0
103: 37 6 -1 | 104: 37 1 1 | 105: 37 15 1
Set row: 38 lb: 0
106: 38 6 1 | 107: 38 1 -1 | 108: 38 15 1
Edge found! S5:6 <-> S2:2	Weight: 1.82239	Set col: 16
Set row: 39 ub: 0
109: 39 6 -1 | 110: 39 2 -1 | 111: 39 16 1
Set row: 40 ub: 2
112: 40 6 1 | 113: 40 2 1 | 114: 40 16 1
Set row: 41 lb: 0
115: 41 6 -1 | 116: 41 2 1 | 117: 41 16 1
Set row: 42 lb: 0
118: 42 6 1 | 119: 42 2 -1 | 120: 42 16 1
Edge found! S5:6 <-> S3:5	Weight: 1.82239	Set col: 17
Set row: 43 ub: 0
121: 43 6 -1 | 122: 43 5 -1 | 123: 43 17 1
Set row: 44 ub: 2
124: 44 6 1 | 125: 44 5 1 | 126: 44 17 1
Set row: 45 lb: 0
127: 45 6 -1 | 128: 45 5 1 | 129: 45 17 1
Set row: 46 lb: 0
130: 46 6 1 | 131: 46 5 -1 | 132: 46 17 1
Edge found! S6:7 <-> S0:1	Weight: 0.224065	Set col: 18
Set row: 47 ub: 0
133: 47 7 -1 | 134: 47 1 -1 | 135: 47 18 1
Set row: 48 ub: 2
136: 48 7 1 | 137: 48 1 1 | 138: 48 18 1
Set row: 49 lb: 0
139: 49 7 -1 | 140: 49 1 1 | 141: 49 18 1
Set row: 50 lb: 0
142: 50 7 1 | 143: 50 1 -1 | 144: 50 18 1
Edge found! S6:7 <-> S1:3	Weight: 0.224065	Set col: 19
Set row: 51 ub: 0
145: 51 7 -1 | 146: 51 3 -1 | 147: 51 19 1
Set row: 52 ub: 2
148: 52 7 1 | 149: 52 3 1 | 150: 52 19 1
Set row: 53 lb: 0
151: 53 7 -1 | 152: 53 3 1 | 153: 53 19 1
Set row: 54 lb: 0
154: 54 7 1 | 155: 54 3 -1 | 156: 54 19 1
Edge found! S6:7 <-> S4:4	Weight: 0.168048	Set col: 20
Set row: 55 ub: 0
157: 55 7 -1 | 158: 55 4 -1 | 159: 55 20 1
Set row: 56 ub: 2
160: 56 7 1 | 161: 56 4 1 | 162: 56 20 1
Set row: 57 lb: 0
163: 57 7 -1 | 164: 57 4 1 | 165: 57 20 1
Set row: 58 lb: 0
166: 58 7 1 | 167: 58 4 -1 | 168: 58 20 1
GLPK Integer Optimizer 5.0
59 rows, 20 columns, 175 non-zeros
20 integer variables, all of which are binary
Preprocessing...
26 hidden covering inequaliti(es) were detected
59 rows, 20 columns, 175 non-zeros
20 integer variables, all of which are binary
Scaling...
 A: min|aij| =  1.000e+00  max|aij| =  2.000e+00  ratio =  2.000e+00
Problem data seem to be well scaled
Constructing initial basis...
Size of triangular part is 56
Solving LP relaxation...
GLPK Simplex Optimizer 5.0
59 rows, 20 columns, 175 non-zeros
      0: obj =   0.000000000e+00 inf =   7.000e+00 (7)
      4: obj =   0.000000000e+00 inf =   0.000e+00 (0)
OPTIMAL LP SOLUTION FOUND
Integer optimization begins...
Long-step dual simplex will be used
+     4: mip =     not found yet >=              -inf        (1; 0)
+    20: >>>>>   1.130405604e+01 >=   2.741056205e+00  75.8% (3; 0)
+    37: >>>>>   1.066920651e+01 >=   1.066920651e+01   0.0% (1; 4)
+    37: mip =   1.066920651e+01 >=     tree is empty   0.0% (0; 7)
INTEGER OPTIMAL SOLUTION FOUND
-----
Objective Function Value: 10.6692
S0	1	0
S1	3	1
S2	2	0
S3	5	1
S4	4	0
S5	6	0
S6	7	1
Number of 0 assigned: 4 | Number of 1 assigned: 3
XOR Constraint 8: 1
XOR Constraint 9: 0
XOR Constraint 10: 1
XOR Constraint 11: 0
XOR Constraint 12: 1
XOR Constraint 13: 1
XOR Constraint 14: 0
XOR Constraint 15: 0
XOR Constraint 16: 0
XOR Constraint 17: 1
XOR Constraint 18: 1
XOR Constraint 19: 0
XOR Constraint 20: 1
-----
Size of State Group: 7
 - 2
 - 4
 - 1
 - 6
 - 3
 - 7
 - 5

Final Results:
Used Length / Total Length:	3 / 7
S0	: 1	| 010----
S1	: 3	| 001----
S2	: 2	| 000----
S3	: 5	| 011----
S4	: 4	| 100----
S5	: 6	| 110----
S6	: 7	| 101----

===========================================================================
Writing File ...

===========================================================================

Combinational power estimation, with Zero delay model.
Network: bbara_opt, Power = 427.5 uW assuming 20 MHz clock and Vdd = 5V
