
===========================================================================
Reading File ...

===========================================================================
Calculating State Probability ...
glp_exact: 14 rows, 13 columns, 58 non-zeros
GLPK bignum module is being used
(Consider installing GNU MP to attain a much better performance.)
      0:   infsum =                      1   (13)
     13:   infsum =                      0   (1)
*    13:   objval =                      0   (1)
*    13:   objval =                      0   (1)
OPTIMAL SOLUTION FOUND
-----
S0:	0.214286
S1:	0.0145048
S10:	3.13604e-07
S11:	0.225
S12:	0.45
S2:	0.0138249
S3:	0.075
S4:	0.0036262
S5:	0.00345622
S6:	0.000259037
S7:	3.23796e-05
S8:	9.25131e-06
S9:	1.17601e-06
-----
S1 <-> S0:	310.904
S10 <-> S0:	0.000455003
S11 <-> S0:	1305.8
S12 <-> S0:	6342.44
S12 <-> S1:	252.537
S12 <-> S10:	0.00546003
S12 <-> S11:	3917.39
S2 <-> S0:	310.904
S2 <-> S12:	240.7
S3 <-> S0:	435.265
S3 <-> S12:	2176.33
S4 <-> S1:	99.9627
S4 <-> S12:	63.1344
S5 <-> S1:	10.0292
S5 <-> S12:	60.1749
S5 <-> S2:	90.2624
S6 <-> S10:	0.000455003
S6 <-> S12:	4.50999
S6 <-> S4:	5.2612
S7 <-> S12:	0.563748
S7 <-> S6:	0.751664
S8 <-> S12:	0.161071
S8 <-> S7:	0.187916
S9 <-> S10:	0.00728004
S9 <-> S12:	0.0204751
S9 <-> S8:	0.0268452

===========================================================================
State Assignment ...
   [   Round 1   ]   
Set col: S0 -> 1
Set col: S1 -> 4
Set col: S10 -> 13
Set col: S11 -> 5
Set col: S12 -> 2
Set col: S2 -> 3
Set col: S3 -> 6
Set col: S4 -> 7
Set col: S5 -> 8
Set col: S6 -> 9
Set col: S7 -> 10
Set col: S8 -> 11
Set col: S9 -> 12
Size of Group: 1
Group 1 | Size 13
Set row: 1 lb: 1 ub: 8
Set row: 2 lb: -12 ub: -5
1: 1 12 1
2: 2 12 -1
3: 1 11 1
4: 2 11 -1
5: 1 2 1
6: 2 2 -1
7: 1 13 1
8: 2 13 -1
9: 1 5 1
10: 2 5 -1
11: 1 1 1
12: 2 1 -1
13: 1 4 1
14: 2 4 -1
15: 1 3 1
16: 2 3 -1
17: 1 6 1
18: 2 6 -1
19: 1 7 1
20: 2 7 -1
21: 1 8 1
22: 2 8 -1
23: 1 9 1
24: 2 9 -1
25: 1 10 1
26: 2 10 -1
Edge found! S1:4 <-> S0:1	Weight: 310.904	Set col: 14
Set row: 3 ub: 0
27: 3 4 -1 | 28: 3 1 -1 | 29: 3 14 1
Set row: 4 ub: 2
30: 4 4 1 | 31: 4 1 1 | 32: 4 14 1
Set row: 5 lb: 0
33: 5 4 -1 | 34: 5 1 1 | 35: 5 14 1
Set row: 6 lb: 0
36: 6 4 1 | 37: 6 1 -1 | 38: 6 14 1
Edge found! S10:13 <-> S0:1	Weight: 0.000455003	Set col: 15
Set row: 7 ub: 0
39: 7 13 -1 | 40: 7 1 -1 | 41: 7 15 1
Set row: 8 ub: 2
42: 8 13 1 | 43: 8 1 1 | 44: 8 15 1
Set row: 9 lb: 0
45: 9 13 -1 | 46: 9 1 1 | 47: 9 15 1
Set row: 10 lb: 0
48: 10 13 1 | 49: 10 1 -1 | 50: 10 15 1
Edge found! S11:5 <-> S0:1	Weight: 1305.8	Set col: 16
Set row: 11 ub: 0
51: 11 5 -1 | 52: 11 1 -1 | 53: 11 16 1
Set row: 12 ub: 2
54: 12 5 1 | 55: 12 1 1 | 56: 12 16 1
Set row: 13 lb: 0
57: 13 5 -1 | 58: 13 1 1 | 59: 13 16 1
Set row: 14 lb: 0
60: 14 5 1 | 61: 14 1 -1 | 62: 14 16 1
Edge found! S12:2 <-> S0:1	Weight: 6342.44	Set col: 17
Set row: 15 ub: 0
63: 15 2 -1 | 64: 15 1 -1 | 65: 15 17 1
Set row: 16 ub: 2
66: 16 2 1 | 67: 16 1 1 | 68: 16 17 1
Set row: 17 lb: 0
69: 17 2 -1 | 70: 17 1 1 | 71: 17 17 1
Set row: 18 lb: 0
72: 18 2 1 | 73: 18 1 -1 | 74: 18 17 1
Edge found! S12:2 <-> S1:4	Weight: 252.537	Set col: 18
Set row: 19 ub: 0
75: 19 2 -1 | 76: 19 4 -1 | 77: 19 18 1
Set row: 20 ub: 2
78: 20 2 1 | 79: 20 4 1 | 80: 20 18 1
Set row: 21 lb: 0
81: 21 2 -1 | 82: 21 4 1 | 83: 21 18 1
Set row: 22 lb: 0
84: 22 2 1 | 85: 22 4 -1 | 86: 22 18 1
Edge found! S12:2 <-> S10:13	Weight: 0.00546003	Set col: 19
Set row: 23 ub: 0
87: 23 2 -1 | 88: 23 13 -1 | 89: 23 19 1
Set row: 24 ub: 2
90: 24 2 1 | 91: 24 13 1 | 92: 24 19 1
Set row: 25 lb: 0
93: 25 2 -1 | 94: 25 13 1 | 95: 25 19 1
Set row: 26 lb: 0
96: 26 2 1 | 97: 26 13 -1 | 98: 26 19 1
Edge found! S12:2 <-> S11:5	Weight: 3917.39	Set col: 20
Set row: 27 ub: 0
99: 27 2 -1 | 100: 27 5 -1 | 101: 27 20 1
Set row: 28 ub: 2
102: 28 2 1 | 103: 28 5 1 | 104: 28 20 1
Set row: 29 lb: 0
105: 29 2 -1 | 106: 29 5 1 | 107: 29 20 1
Set row: 30 lb: 0
108: 30 2 1 | 109: 30 5 -1 | 110: 30 20 1
Edge found! S2:3 <-> S0:1	Weight: 310.904	Set col: 21
Set row: 31 ub: 0
111: 31 3 -1 | 112: 31 1 -1 | 113: 31 21 1
Set row: 32 ub: 2
114: 32 3 1 | 115: 32 1 1 | 116: 32 21 1
Set row: 33 lb: 0
117: 33 3 -1 | 118: 33 1 1 | 119: 33 21 1
Set row: 34 lb: 0
120: 34 3 1 | 121: 34 1 -1 | 122: 34 21 1
Edge found! S2:3 <-> S12:2	Weight: 240.7	Set col: 22
Set row: 35 ub: 0
123: 35 3 -1 | 124: 35 2 -1 | 125: 35 22 1
Set row: 36 ub: 2
126: 36 3 1 | 127: 36 2 1 | 128: 36 22 1
Set row: 37 lb: 0
129: 37 3 -1 | 130: 37 2 1 | 131: 37 22 1
Set row: 38 lb: 0
132: 38 3 1 | 133: 38 2 -1 | 134: 38 22 1
Edge found! S3:6 <-> S0:1	Weight: 435.265	Set col: 23
Set row: 39 ub: 0
135: 39 6 -1 | 136: 39 1 -1 | 137: 39 23 1
Set row: 40 ub: 2
138: 40 6 1 | 139: 40 1 1 | 140: 40 23 1
Set row: 41 lb: 0
141: 41 6 -1 | 142: 41 1 1 | 143: 41 23 1
Set row: 42 lb: 0
144: 42 6 1 | 145: 42 1 -1 | 146: 42 23 1
Edge found! S3:6 <-> S12:2	Weight: 2176.33	Set col: 24
Set row: 43 ub: 0
147: 43 6 -1 | 148: 43 2 -1 | 149: 43 24 1
Set row: 44 ub: 2
150: 44 6 1 | 151: 44 2 1 | 152: 44 24 1
Set row: 45 lb: 0
153: 45 6 -1 | 154: 45 2 1 | 155: 45 24 1
Set row: 46 lb: 0
156: 46 6 1 | 157: 46 2 -1 | 158: 46 24 1
Edge found! S4:7 <-> S1:4	Weight: 99.9627	Set col: 25
Set row: 47 ub: 0
159: 47 7 -1 | 160: 47 4 -1 | 161: 47 25 1
Set row: 48 ub: 2
162: 48 7 1 | 163: 48 4 1 | 164: 48 25 1
Set row: 49 lb: 0
165: 49 7 -1 | 166: 49 4 1 | 167: 49 25 1
Set row: 50 lb: 0
168: 50 7 1 | 169: 50 4 -1 | 170: 50 25 1
Edge found! S4:7 <-> S12:2	Weight: 63.1344	Set col: 26
Set row: 51 ub: 0
171: 51 7 -1 | 172: 51 2 -1 | 173: 51 26 1
Set row: 52 ub: 2
174: 52 7 1 | 175: 52 2 1 | 176: 52 26 1
Set row: 53 lb: 0
177: 53 7 -1 | 178: 53 2 1 | 179: 53 26 1
Set row: 54 lb: 0
180: 54 7 1 | 181: 54 2 -1 | 182: 54 26 1
Edge found! S5:8 <-> S1:4	Weight: 10.0292	Set col: 27
Set row: 55 ub: 0
183: 55 8 -1 | 184: 55 4 -1 | 185: 55 27 1
Set row: 56 ub: 2
186: 56 8 1 | 187: 56 4 1 | 188: 56 27 1
Set row: 57 lb: 0
189: 57 8 -1 | 190: 57 4 1 | 191: 57 27 1
Set row: 58 lb: 0
192: 58 8 1 | 193: 58 4 -1 | 194: 58 27 1
Edge found! S5:8 <-> S12:2	Weight: 60.1749	Set col: 28
Set row: 59 ub: 0
195: 59 8 -1 | 196: 59 2 -1 | 197: 59 28 1
Set row: 60 ub: 2
198: 60 8 1 | 199: 60 2 1 | 200: 60 28 1
Set row: 61 lb: 0
201: 61 8 -1 | 202: 61 2 1 | 203: 61 28 1
Set row: 62 lb: 0
204: 62 8 1 | 205: 62 2 -1 | 206: 62 28 1
Edge found! S5:8 <-> S2:3	Weight: 90.2624	Set col: 29
Set row: 63 ub: 0
207: 63 8 -1 | 208: 63 3 -1 | 209: 63 29 1
Set row: 64 ub: 2
210: 64 8 1 | 211: 64 3 1 | 212: 64 29 1
Set row: 65 lb: 0
213: 65 8 -1 | 214: 65 3 1 | 215: 65 29 1
Set row: 66 lb: 0
216: 66 8 1 | 217: 66 3 -1 | 218: 66 29 1
Edge found! S6:9 <-> S10:13	Weight: 0.000455003	Set col: 30
Set row: 67 ub: 0
219: 67 9 -1 | 220: 67 13 -1 | 221: 67 30 1
Set row: 68 ub: 2
222: 68 9 1 | 223: 68 13 1 | 224: 68 30 1
Set row: 69 lb: 0
225: 69 9 -1 | 226: 69 13 1 | 227: 69 30 1
Set row: 70 lb: 0
228: 70 9 1 | 229: 70 13 -1 | 230: 70 30 1
Edge found! S6:9 <-> S12:2	Weight: 4.50999	Set col: 31
Set row: 71 ub: 0
231: 71 9 -1 | 232: 71 2 -1 | 233: 71 31 1
Set row: 72 ub: 2
234: 72 9 1 | 235: 72 2 1 | 236: 72 31 1
Set row: 73 lb: 0
237: 73 9 -1 | 238: 73 2 1 | 239: 73 31 1
Set row: 74 lb: 0
240: 74 9 1 | 241: 74 2 -1 | 242: 74 31 1
Edge found! S6:9 <-> S4:7	Weight: 5.2612	Set col: 32
Set row: 75 ub: 0
243: 75 9 -1 | 244: 75 7 -1 | 245: 75 32 1
Set row: 76 ub: 2
246: 76 9 1 | 247: 76 7 1 | 248: 76 32 1
Set row: 77 lb: 0
249: 77 9 -1 | 250: 77 7 1 | 251: 77 32 1
Set row: 78 lb: 0
252: 78 9 1 | 253: 78 7 -1 | 254: 78 32 1
Edge found! S7:10 <-> S12:2	Weight: 0.563748	Set col: 33
Set row: 79 ub: 0
255: 79 10 -1 | 256: 79 2 -1 | 257: 79 33 1
Set row: 80 ub: 2
258: 80 10 1 | 259: 80 2 1 | 260: 80 33 1
Set row: 81 lb: 0
261: 81 10 -1 | 262: 81 2 1 | 263: 81 33 1
Set row: 82 lb: 0
264: 82 10 1 | 265: 82 2 -1 | 266: 82 33 1
Edge found! S7:10 <-> S6:9	Weight: 0.751664	Set col: 34
Set row: 83 ub: 0
267: 83 10 -1 | 268: 83 9 -1 | 269: 83 34 1
Set row: 84 ub: 2
270: 84 10 1 | 271: 84 9 1 | 272: 84 34 1
Set row: 85 lb: 0
273: 85 10 -1 | 274: 85 9 1 | 275: 85 34 1
Set row: 86 lb: 0
276: 86 10 1 | 277: 86 9 -1 | 278: 86 34 1
Edge found! S8:11 <-> S12:2	Weight: 0.161071	Set col: 35
Set row: 87 ub: 0
279: 87 11 -1 | 280: 87 2 -1 | 281: 87 35 1
Set row: 88 ub: 2
282: 88 11 1 | 283: 88 2 1 | 284: 88 35 1
Set row: 89 lb: 0
285: 89 11 -1 | 286: 89 2 1 | 287: 89 35 1
Set row: 90 lb: 0
288: 90 11 1 | 289: 90 2 -1 | 290: 90 35 1
Edge found! S8:11 <-> S7:10	Weight: 0.187916	Set col: 36
Set row: 91 ub: 0
291: 91 11 -1 | 292: 91 10 -1 | 293: 91 36 1
Set row: 92 ub: 2
294: 92 11 1 | 295: 92 10 1 | 296: 92 36 1
Set row: 93 lb: 0
297: 93 11 -1 | 298: 93 10 1 | 299: 93 36 1
Set row: 94 lb: 0
300: 94 11 1 | 301: 94 10 -1 | 302: 94 36 1
Edge found! S9:12 <-> S10:13	Weight: 0.00728004	Set col: 37
Set row: 95 ub: 0
303: 95 12 -1 | 304: 95 13 -1 | 305: 95 37 1
Set row: 96 ub: 2
306: 96 12 1 | 307: 96 13 1 | 308: 96 37 1
Set row: 97 lb: 0
309: 97 12 -1 | 310: 97 13 1 | 311: 97 37 1
Set row: 98 lb: 0
312: 98 12 1 | 313: 98 13 -1 | 314: 98 37 1
Edge found! S9:12 <-> S12:2	Weight: 0.0204751	Set col: 38
Set row: 99 ub: 0
315: 99 12 -1 | 316: 99 2 -1 | 317: 99 38 1
Set row: 100 ub: 2
318: 100 12 1 | 319: 100 2 1 | 320: 100 38 1
Set row: 101 lb: 0
321: 101 12 -1 | 322: 101 2 1 | 323: 101 38 1
Set row: 102 lb: 0
324: 102 12 1 | 325: 102 2 -1 | 326: 102 38 1
Edge found! S9:12 <-> S8:11	Weight: 0.0268452	Set col: 39
Set row: 103 ub: 0
327: 103 12 -1 | 328: 103 11 -1 | 329: 103 39 1
Set row: 104 ub: 2
330: 104 12 1 | 331: 104 11 1 | 332: 104 39 1
Set row: 105 lb: 0
333: 105 12 -1 | 334: 105 11 1 | 335: 105 39 1
Set row: 106 lb: 0
336: 106 12 1 | 337: 106 11 -1 | 338: 106 39 1
GLPK Integer Optimizer 5.0
107 rows, 39 columns, 351 non-zeros
39 integer variables, all of which are binary
Preprocessing...
52 hidden covering inequaliti(es) were detected
107 rows, 39 columns, 351 non-zeros
39 integer variables, all of which are binary
Scaling...
 A: min|aij| =  1.000e+00  max|aij| =  2.000e+00  ratio =  2.000e+00
Problem data seem to be well scaled
Constructing initial basis...
Size of triangular part is 107
Solving LP relaxation...
GLPK Simplex Optimizer 5.0
107 rows, 39 columns, 351 non-zeros
      0: obj =   0.000000000e+00 inf =   6.000e+00 (2)
     14: obj =   0.000000000e+00 inf =   0.000e+00 (0)
OPTIMAL LP SOLUTION FOUND
Integer optimization begins...
Long-step dual simplex will be used
+    14: mip =     not found yet >=              -inf        (1; 0)
+    36: >>>>>   1.052239220e+01 >=   0.000000000e+00 100.0% (2; 0)
+    36: mip =   1.052239220e+01 >=     tree is empty   0.0% (0; 3)
INTEGER OPTIMAL SOLUTION FOUND
-----
Objective Function Value: 10.5224
S0	1	0
S1	4	0
S10	13	1
S11	5	0
S12	2	0
S2	3	0
S3	6	0
S4	7	0
S5	8	0
S6	9	1
S7	10	1
S8	11	1
S9	12	1
Number of 0 assigned: 8 | Number of 1 assigned: 5
XOR Constraint 14: 0
XOR Constraint 15: 1
XOR Constraint 16: 0
XOR Constraint 17: 0
XOR Constraint 18: 0
XOR Constraint 19: 1
XOR Constraint 20: 0
XOR Constraint 21: 0
XOR Constraint 22: 0
XOR Constraint 23: 0
XOR Constraint 24: 0
XOR Constraint 25: 0
XOR Constraint 26: 0
XOR Constraint 27: 0
XOR Constraint 28: 0
XOR Constraint 29: 0
XOR Constraint 30: 0
XOR Constraint 31: 1
XOR Constraint 32: 1
XOR Constraint 33: 1
XOR Constraint 34: 0
XOR Constraint 35: 1
XOR Constraint 36: 0
XOR Constraint 37: 0
XOR Constraint 38: 1
XOR Constraint 39: 0
-----
Size of State Group: 2
 - 2 5 1 4 3 6 7 8
 - 10 9 13 11 12

   [   Round 2   ]   
Set col: S0 -> 1
Set col: S1 -> 4
Set col: S10 -> 13
Set col: S11 -> 5
Set col: S12 -> 2
Set col: S2 -> 3
Set col: S3 -> 6
Set col: S4 -> 7
Set col: S5 -> 8
Set col: S6 -> 9
Set col: S7 -> 10
Set col: S8 -> 11
Set col: S9 -> 12
Size of Group: 2
Group 1 | Size 8
Set row: 1 lb: 1 ub: 4
Set row: 2 lb: -7 ub: -4
1: 1 2 1
2: 2 2 -1
3: 1 5 1
4: 2 5 -1
5: 1 1 1
6: 2 1 -1
7: 1 4 1
8: 2 4 -1
9: 1 3 1
10: 2 3 -1
11: 1 6 1
12: 2 6 -1
13: 1 7 1
14: 2 7 -1
15: 1 8 1
16: 2 8 -1
Group 2 | Size 5
Set row: 3 lb: 1 ub: 4
Set row: 4 lb: -4 ub: -1
17: 3 10 1
18: 4 10 -1
19: 3 9 1
20: 4 9 -1
21: 3 13 1
22: 4 13 -1
23: 3 11 1
24: 4 11 -1
25: 3 12 1
26: 4 12 -1
Edge found! S1:4 <-> S0:1	Weight: 310.904	Set col: 14
Set row: 5 ub: 0
27: 5 4 -1 | 28: 5 1 -1 | 29: 5 14 1
Set row: 6 ub: 2
30: 6 4 1 | 31: 6 1 1 | 32: 6 14 1
Set row: 7 lb: 0
33: 7 4 -1 | 34: 7 1 1 | 35: 7 14 1
Set row: 8 lb: 0
36: 8 4 1 | 37: 8 1 -1 | 38: 8 14 1
Edge found! S10:13 <-> S0:1	Weight: 0.000910005	Set col: 15
Set row: 9 ub: 0
39: 9 13 -1 | 40: 9 1 -1 | 41: 9 15 1
Set row: 10 ub: 2
42: 10 13 1 | 43: 10 1 1 | 44: 10 15 1
Set row: 11 lb: 0
45: 11 13 -1 | 46: 11 1 1 | 47: 11 15 1
Set row: 12 lb: 0
48: 12 13 1 | 49: 12 1 -1 | 50: 12 15 1
Edge found! S11:5 <-> S0:1	Weight: 1305.8	Set col: 16
Set row: 13 ub: 0
51: 13 5 -1 | 52: 13 1 -1 | 53: 13 16 1
Set row: 14 ub: 2
54: 14 5 1 | 55: 14 1 1 | 56: 14 16 1
Set row: 15 lb: 0
57: 15 5 -1 | 58: 15 1 1 | 59: 15 16 1
Set row: 16 lb: 0
60: 16 5 1 | 61: 16 1 -1 | 62: 16 16 1
Edge found! S12:2 <-> S0:1	Weight: 6342.44	Set col: 17
Set row: 17 ub: 0
63: 17 2 -1 | 64: 17 1 -1 | 65: 17 17 1
Set row: 18 ub: 2
66: 18 2 1 | 67: 18 1 1 | 68: 18 17 1
Set row: 19 lb: 0
69: 19 2 -1 | 70: 19 1 1 | 71: 19 17 1
Set row: 20 lb: 0
72: 20 2 1 | 73: 20 1 -1 | 74: 20 17 1
Edge found! S12:2 <-> S1:4	Weight: 252.537	Set col: 18
Set row: 21 ub: 0
75: 21 2 -1 | 76: 21 4 -1 | 77: 21 18 1
Set row: 22 ub: 2
78: 22 2 1 | 79: 22 4 1 | 80: 22 18 1
Set row: 23 lb: 0
81: 23 2 -1 | 82: 23 4 1 | 83: 23 18 1
Set row: 24 lb: 0
84: 24 2 1 | 85: 24 4 -1 | 86: 24 18 1
Edge found! S12:2 <-> S10:13	Weight: 0.0109201	Set col: 19
Set row: 25 ub: 0
87: 25 2 -1 | 88: 25 13 -1 | 89: 25 19 1
Set row: 26 ub: 2
90: 26 2 1 | 91: 26 13 1 | 92: 26 19 1
Set row: 27 lb: 0
93: 27 2 -1 | 94: 27 13 1 | 95: 27 19 1
Set row: 28 lb: 0
96: 28 2 1 | 97: 28 13 -1 | 98: 28 19 1
Edge found! S12:2 <-> S11:5	Weight: 3917.39	Set col: 20
Set row: 29 ub: 0
99: 29 2 -1 | 100: 29 5 -1 | 101: 29 20 1
Set row: 30 ub: 2
102: 30 2 1 | 103: 30 5 1 | 104: 30 20 1
Set row: 31 lb: 0
105: 31 2 -1 | 106: 31 5 1 | 107: 31 20 1
Set row: 32 lb: 0
108: 32 2 1 | 109: 32 5 -1 | 110: 32 20 1
Edge found! S2:3 <-> S0:1	Weight: 310.904	Set col: 21
Set row: 33 ub: 0
111: 33 3 -1 | 112: 33 1 -1 | 113: 33 21 1
Set row: 34 ub: 2
114: 34 3 1 | 115: 34 1 1 | 116: 34 21 1
Set row: 35 lb: 0
117: 35 3 -1 | 118: 35 1 1 | 119: 35 21 1
Set row: 36 lb: 0
120: 36 3 1 | 121: 36 1 -1 | 122: 36 21 1
Edge found! S2:3 <-> S12:2	Weight: 240.7	Set col: 22
Set row: 37 ub: 0
123: 37 3 -1 | 124: 37 2 -1 | 125: 37 22 1
Set row: 38 ub: 2
126: 38 3 1 | 127: 38 2 1 | 128: 38 22 1
Set row: 39 lb: 0
129: 39 3 -1 | 130: 39 2 1 | 131: 39 22 1
Set row: 40 lb: 0
132: 40 3 1 | 133: 40 2 -1 | 134: 40 22 1
Edge found! S3:6 <-> S0:1	Weight: 435.265	Set col: 23
Set row: 41 ub: 0
135: 41 6 -1 | 136: 41 1 -1 | 137: 41 23 1
Set row: 42 ub: 2
138: 42 6 1 | 139: 42 1 1 | 140: 42 23 1
Set row: 43 lb: 0
141: 43 6 -1 | 142: 43 1 1 | 143: 43 23 1
Set row: 44 lb: 0
144: 44 6 1 | 145: 44 1 -1 | 146: 44 23 1
Edge found! S3:6 <-> S12:2	Weight: 2176.33	Set col: 24
Set row: 45 ub: 0
147: 45 6 -1 | 148: 45 2 -1 | 149: 45 24 1
Set row: 46 ub: 2
150: 46 6 1 | 151: 46 2 1 | 152: 46 24 1
Set row: 47 lb: 0
153: 47 6 -1 | 154: 47 2 1 | 155: 47 24 1
Set row: 48 lb: 0
156: 48 6 1 | 157: 48 2 -1 | 158: 48 24 1
Edge found! S4:7 <-> S1:4	Weight: 99.9627	Set col: 25
Set row: 49 ub: 0
159: 49 7 -1 | 160: 49 4 -1 | 161: 49 25 1
Set row: 50 ub: 2
162: 50 7 1 | 163: 50 4 1 | 164: 50 25 1
Set row: 51 lb: 0
165: 51 7 -1 | 166: 51 4 1 | 167: 51 25 1
Set row: 52 lb: 0
168: 52 7 1 | 169: 52 4 -1 | 170: 52 25 1
Edge found! S4:7 <-> S12:2	Weight: 63.1344	Set col: 26
Set row: 53 ub: 0
171: 53 7 -1 | 172: 53 2 -1 | 173: 53 26 1
Set row: 54 ub: 2
174: 54 7 1 | 175: 54 2 1 | 176: 54 26 1
Set row: 55 lb: 0
177: 55 7 -1 | 178: 55 2 1 | 179: 55 26 1
Set row: 56 lb: 0
180: 56 7 1 | 181: 56 2 -1 | 182: 56 26 1
Edge found! S5:8 <-> S1:4	Weight: 10.0292	Set col: 27
Set row: 57 ub: 0
183: 57 8 -1 | 184: 57 4 -1 | 185: 57 27 1
Set row: 58 ub: 2
186: 58 8 1 | 187: 58 4 1 | 188: 58 27 1
Set row: 59 lb: 0
189: 59 8 -1 | 190: 59 4 1 | 191: 59 27 1
Set row: 60 lb: 0
192: 60 8 1 | 193: 60 4 -1 | 194: 60 27 1
Edge found! S5:8 <-> S12:2	Weight: 60.1749	Set col: 28
Set row: 61 ub: 0
195: 61 8 -1 | 196: 61 2 -1 | 197: 61 28 1
Set row: 62 ub: 2
198: 62 8 1 | 199: 62 2 1 | 200: 62 28 1
Set row: 63 lb: 0
201: 63 8 -1 | 202: 63 2 1 | 203: 63 28 1
Set row: 64 lb: 0
204: 64 8 1 | 205: 64 2 -1 | 206: 64 28 1
Edge found! S5:8 <-> S2:3	Weight: 90.2624	Set col: 29
Set row: 65 ub: 0
207: 65 8 -1 | 208: 65 3 -1 | 209: 65 29 1
Set row: 66 ub: 2
210: 66 8 1 | 211: 66 3 1 | 212: 66 29 1
Set row: 67 lb: 0
213: 67 8 -1 | 214: 67 3 1 | 215: 67 29 1
Set row: 68 lb: 0
216: 68 8 1 | 217: 68 3 -1 | 218: 68 29 1
Edge found! S6:9 <-> S10:13	Weight: 0.000455003	Set col: 30
Set row: 69 ub: 0
219: 69 9 -1 | 220: 69 13 -1 | 221: 69 30 1
Set row: 70 ub: 2
222: 70 9 1 | 223: 70 13 1 | 224: 70 30 1
Set row: 71 lb: 0
225: 71 9 -1 | 226: 71 13 1 | 227: 71 30 1
Set row: 72 lb: 0
228: 72 9 1 | 229: 72 13 -1 | 230: 72 30 1
Edge found! S6:9 <-> S12:2	Weight: 9.01997	Set col: 31
Set row: 73 ub: 0
231: 73 9 -1 | 232: 73 2 -1 | 233: 73 31 1
Set row: 74 ub: 2
234: 74 9 1 | 235: 74 2 1 | 236: 74 31 1
Set row: 75 lb: 0
237: 75 9 -1 | 238: 75 2 1 | 239: 75 31 1
Set row: 76 lb: 0
240: 76 9 1 | 241: 76 2 -1 | 242: 76 31 1
Edge found! S6:9 <-> S4:7	Weight: 10.5224	Set col: 32
Set row: 77 ub: 0
243: 77 9 -1 | 244: 77 7 -1 | 245: 77 32 1
Set row: 78 ub: 2
246: 78 9 1 | 247: 78 7 1 | 248: 78 32 1
Set row: 79 lb: 0
249: 79 9 -1 | 250: 79 7 1 | 251: 79 32 1
Set row: 80 lb: 0
252: 80 9 1 | 253: 80 7 -1 | 254: 80 32 1
Edge found! S7:10 <-> S12:2	Weight: 1.1275	Set col: 33
Set row: 81 ub: 0
255: 81 10 -1 | 256: 81 2 -1 | 257: 81 33 1
Set row: 82 ub: 2
258: 82 10 1 | 259: 82 2 1 | 260: 82 33 1
Set row: 83 lb: 0
261: 83 10 -1 | 262: 83 2 1 | 263: 83 33 1
Set row: 84 lb: 0
264: 84 10 1 | 265: 84 2 -1 | 266: 84 33 1
Edge found! S7:10 <-> S6:9	Weight: 0.751664	Set col: 34
Set row: 85 ub: 0
267: 85 10 -1 | 268: 85 9 -1 | 269: 85 34 1
Set row: 86 ub: 2
270: 86 10 1 | 271: 86 9 1 | 272: 86 34 1
Set row: 87 lb: 0
273: 87 10 -1 | 274: 87 9 1 | 275: 87 34 1
Set row: 88 lb: 0
276: 88 10 1 | 277: 88 9 -1 | 278: 88 34 1
Edge found! S8:11 <-> S12:2	Weight: 0.322142	Set col: 35
Set row: 89 ub: 0
279: 89 11 -1 | 280: 89 2 -1 | 281: 89 35 1
Set row: 90 ub: 2
282: 90 11 1 | 283: 90 2 1 | 284: 90 35 1
Set row: 91 lb: 0
285: 91 11 -1 | 286: 91 2 1 | 287: 91 35 1
Set row: 92 lb: 0
288: 92 11 1 | 289: 92 2 -1 | 290: 92 35 1
Edge found! S8:11 <-> S7:10	Weight: 0.187916	Set col: 36
Set row: 93 ub: 0
291: 93 11 -1 | 292: 93 10 -1 | 293: 93 36 1
Set row: 94 ub: 2
294: 94 11 1 | 295: 94 10 1 | 296: 94 36 1
Set row: 95 lb: 0
297: 95 11 -1 | 298: 95 10 1 | 299: 95 36 1
Set row: 96 lb: 0
300: 96 11 1 | 301: 96 10 -1 | 302: 96 36 1
Edge found! S9:12 <-> S10:13	Weight: 0.00728004	Set col: 37
Set row: 97 ub: 0
303: 97 12 -1 | 304: 97 13 -1 | 305: 97 37 1
Set row: 98 ub: 2
306: 98 12 1 | 307: 98 13 1 | 308: 98 37 1
Set row: 99 lb: 0
309: 99 12 -1 | 310: 99 13 1 | 311: 99 37 1
Set row: 100 lb: 0
312: 100 12 1 | 313: 100 13 -1 | 314: 100 37 1
Edge found! S9:12 <-> S12:2	Weight: 0.0409502	Set col: 38
Set row: 101 ub: 0
315: 101 12 -1 | 316: 101 2 -1 | 317: 101 38 1
Set row: 102 ub: 2
318: 102 12 1 | 319: 102 2 1 | 320: 102 38 1
Set row: 103 lb: 0
321: 103 12 -1 | 322: 103 2 1 | 323: 103 38 1
Set row: 104 lb: 0
324: 104 12 1 | 325: 104 2 -1 | 326: 104 38 1
Edge found! S9:12 <-> S8:11	Weight: 0.0268452	Set col: 39
Set row: 105 ub: 0
327: 105 12 -1 | 328: 105 11 -1 | 329: 105 39 1
Set row: 106 ub: 2
330: 106 12 1 | 331: 106 11 1 | 332: 106 39 1
Set row: 107 lb: 0
333: 107 12 -1 | 334: 107 11 1 | 335: 107 39 1
Set row: 108 lb: 0
336: 108 12 1 | 337: 108 11 -1 | 338: 108 39 1
GLPK Integer Optimizer 5.0
109 rows, 39 columns, 351 non-zeros
39 integer variables, all of which are binary
Preprocessing...
54 hidden covering inequaliti(es) were detected
111 rows, 39 columns, 361 non-zeros
39 integer variables, all of which are binary
Scaling...
 A: min|aij| =  1.000e+00  max|aij| =  2.000e+00  ratio =  2.000e+00
Problem data seem to be well scaled
Constructing initial basis...
Size of triangular part is 111
Solving LP relaxation...
GLPK Simplex Optimizer 5.0
111 rows, 39 columns, 361 non-zeros
      0: obj =   0.000000000e+00 inf =   7.000e+00 (4)
     15: obj =   0.000000000e+00 inf =   0.000e+00 (0)
OPTIMAL LP SOLUTION FOUND
Integer optimization begins...
Long-step dual simplex will be used
+    15: mip =     not found yet >=              -inf        (1; 0)
+    41: >>>>>   1.248126125e+03 >=   1.971678321e-03 100.0% (2; 0)
+    48: mip =   1.248126125e+03 >=     tree is empty   0.0% (0; 3)
INTEGER OPTIMAL SOLUTION FOUND
-----
Objective Function Value: 1248.13
S0	1	0
S1	4	1
S10	13	0
S11	5	0
S12	2	0
S2	3	1
S3	6	0
S4	7	1
S5	8	1
S6	9	1
S7	10	0
S8	11	0
S9	12	0
Number of 0 assigned: 8 | Number of 1 assigned: 5
XOR Constraint 14: 1
XOR Constraint 15: 0
XOR Constraint 16: 0
XOR Constraint 17: 0
XOR Constraint 18: 1
XOR Constraint 19: 0
XOR Constraint 20: 0
XOR Constraint 21: 1
XOR Constraint 22: 1
XOR Constraint 23: 0
XOR Constraint 24: 0
XOR Constraint 25: 0
XOR Constraint 26: 1
XOR Constraint 27: 0
XOR Constraint 28: 1
XOR Constraint 29: 0
XOR Constraint 30: 1
XOR Constraint 31: 1
XOR Constraint 32: 0
XOR Constraint 33: 0
XOR Constraint 34: 1
XOR Constraint 35: 0
XOR Constraint 36: 0
XOR Constraint 37: 0
XOR Constraint 38: 0
XOR Constraint 39: 0
-----
Size of State Group: 4
 - 2 5 1 6
 - 10 13 11 12
 - 8 7 3 4
 - 9

   [   Round 3   ]   
Set col: S0 -> 1
Set col: S1 -> 4
Set col: S10 -> 13
Set col: S11 -> 5
Set col: S12 -> 2
Set col: S2 -> 3
Set col: S3 -> 6
Set col: S4 -> 7
Set col: S5 -> 8
Set col: S6 -> 9
Set col: S7 -> 10
Set col: S8 -> 11
Set col: S9 -> 12
Size of Group: 4
Group 1 | Size 4
Set row: 1 lb: 1 ub: 2
Set row: 2 lb: -3 ub: -2
1: 1 2 1
2: 2 2 -1
3: 1 5 1
4: 2 5 -1
5: 1 1 1
6: 2 1 -1
7: 1 6 1
8: 2 6 -1
Group 2 | Size 4
Set row: 3 lb: 1 ub: 2
Set row: 4 lb: -3 ub: -2
9: 3 10 1
10: 4 10 -1
11: 3 13 1
12: 4 13 -1
13: 3 11 1
14: 4 11 -1
15: 3 12 1
16: 4 12 -1
Group 3 | Size 4
Set row: 5 lb: 1 ub: 2
Set row: 6 lb: -3 ub: -2
17: 5 8 1
18: 6 8 -1
19: 5 7 1
20: 6 7 -1
21: 5 3 1
22: 6 3 -1
23: 5 4 1
24: 6 4 -1
Group 4 | Size 1
Edge found! S1:4 <-> S0:1	Weight: 621.808	Set col: 14
Set row: 7 ub: 0
25: 7 4 -1 | 26: 7 1 -1 | 27: 7 14 1
Set row: 8 ub: 2
28: 8 4 1 | 29: 8 1 1 | 30: 8 14 1
Set row: 9 lb: 0
31: 9 4 -1 | 32: 9 1 1 | 33: 9 14 1
Set row: 10 lb: 0
34: 10 4 1 | 35: 10 1 -1 | 36: 10 14 1
Edge found! S10:13 <-> S0:1	Weight: 0.000910005	Set col: 15
Set row: 11 ub: 0
37: 11 13 -1 | 38: 11 1 -1 | 39: 11 15 1
Set row: 12 ub: 2
40: 12 13 1 | 41: 12 1 1 | 42: 12 15 1
Set row: 13 lb: 0
43: 13 13 -1 | 44: 13 1 1 | 45: 13 15 1
Set row: 14 lb: 0
46: 14 13 1 | 47: 14 1 -1 | 48: 14 15 1
Edge found! S11:5 <-> S0:1	Weight: 1305.8	Set col: 16
Set row: 15 ub: 0
49: 15 5 -1 | 50: 15 1 -1 | 51: 15 16 1
Set row: 16 ub: 2
52: 16 5 1 | 53: 16 1 1 | 54: 16 16 1
Set row: 17 lb: 0
55: 17 5 -1 | 56: 17 1 1 | 57: 17 16 1
Set row: 18 lb: 0
58: 18 5 1 | 59: 18 1 -1 | 60: 18 16 1
Edge found! S12:2 <-> S0:1	Weight: 6342.44	Set col: 17
Set row: 19 ub: 0
61: 19 2 -1 | 62: 19 1 -1 | 63: 19 17 1
Set row: 20 ub: 2
64: 20 2 1 | 65: 20 1 1 | 66: 20 17 1
Set row: 21 lb: 0
67: 21 2 -1 | 68: 21 1 1 | 69: 21 17 1
Set row: 22 lb: 0
70: 22 2 1 | 71: 22 1 -1 | 72: 22 17 1
Edge found! S12:2 <-> S1:4	Weight: 505.075	Set col: 18
Set row: 23 ub: 0
73: 23 2 -1 | 74: 23 4 -1 | 75: 23 18 1
Set row: 24 ub: 2
76: 24 2 1 | 77: 24 4 1 | 78: 24 18 1
Set row: 25 lb: 0
79: 25 2 -1 | 80: 25 4 1 | 81: 25 18 1
Set row: 26 lb: 0
82: 26 2 1 | 83: 26 4 -1 | 84: 26 18 1
Edge found! S12:2 <-> S10:13	Weight: 0.0109201	Set col: 19
Set row: 27 ub: 0
85: 27 2 -1 | 86: 27 13 -1 | 87: 27 19 1
Set row: 28 ub: 2
88: 28 2 1 | 89: 28 13 1 | 90: 28 19 1
Set row: 29 lb: 0
91: 29 2 -1 | 92: 29 13 1 | 93: 29 19 1
Set row: 30 lb: 0
94: 30 2 1 | 95: 30 13 -1 | 96: 30 19 1
Edge found! S12:2 <-> S11:5	Weight: 3917.39	Set col: 20
Set row: 31 ub: 0
97: 31 2 -1 | 98: 31 5 -1 | 99: 31 20 1
Set row: 32 ub: 2
100: 32 2 1 | 101: 32 5 1 | 102: 32 20 1
Set row: 33 lb: 0
103: 33 2 -1 | 104: 33 5 1 | 105: 33 20 1
Set row: 34 lb: 0
106: 34 2 1 | 107: 34 5 -1 | 108: 34 20 1
Edge found! S2:3 <-> S0:1	Weight: 621.808	Set col: 21
Set row: 35 ub: 0
109: 35 3 -1 | 110: 35 1 -1 | 111: 35 21 1
Set row: 36 ub: 2
112: 36 3 1 | 113: 36 1 1 | 114: 36 21 1
Set row: 37 lb: 0
115: 37 3 -1 | 116: 37 1 1 | 117: 37 21 1
Set row: 38 lb: 0
118: 38 3 1 | 119: 38 1 -1 | 120: 38 21 1
Edge found! S2:3 <-> S12:2	Weight: 481.399	Set col: 22
Set row: 39 ub: 0
121: 39 3 -1 | 122: 39 2 -1 | 123: 39 22 1
Set row: 40 ub: 2
124: 40 3 1 | 125: 40 2 1 | 126: 40 22 1
Set row: 41 lb: 0
127: 41 3 -1 | 128: 41 2 1 | 129: 41 22 1
Set row: 42 lb: 0
130: 42 3 1 | 131: 42 2 -1 | 132: 42 22 1
Edge found! S3:6 <-> S0:1	Weight: 435.265	Set col: 23
Set row: 43 ub: 0
133: 43 6 -1 | 134: 43 1 -1 | 135: 43 23 1
Set row: 44 ub: 2
136: 44 6 1 | 137: 44 1 1 | 138: 44 23 1
Set row: 45 lb: 0
139: 45 6 -1 | 140: 45 1 1 | 141: 45 23 1
Set row: 46 lb: 0
142: 46 6 1 | 143: 46 1 -1 | 144: 46 23 1
Edge found! S3:6 <-> S12:2	Weight: 2176.33	Set col: 24
Set row: 47 ub: 0
145: 47 6 -1 | 146: 47 2 -1 | 147: 47 24 1
Set row: 48 ub: 2
148: 48 6 1 | 149: 48 2 1 | 150: 48 24 1
Set row: 49 lb: 0
151: 49 6 -1 | 152: 49 2 1 | 153: 49 24 1
Set row: 50 lb: 0
154: 50 6 1 | 155: 50 2 -1 | 156: 50 24 1
Edge found! S4:7 <-> S1:4	Weight: 99.9627	Set col: 25
Set row: 51 ub: 0
157: 51 7 -1 | 158: 51 4 -1 | 159: 51 25 1
Set row: 52 ub: 2
160: 52 7 1 | 161: 52 4 1 | 162: 52 25 1
Set row: 53 lb: 0
163: 53 7 -1 | 164: 53 4 1 | 165: 53 25 1
Set row: 54 lb: 0
166: 54 7 1 | 167: 54 4 -1 | 168: 54 25 1
Edge found! S4:7 <-> S12:2	Weight: 126.269	Set col: 26
Set row: 55 ub: 0
169: 55 7 -1 | 170: 55 2 -1 | 171: 55 26 1
Set row: 56 ub: 2
172: 56 7 1 | 173: 56 2 1 | 174: 56 26 1
Set row: 57 lb: 0
175: 57 7 -1 | 176: 57 2 1 | 177: 57 26 1
Set row: 58 lb: 0
178: 58 7 1 | 179: 58 2 -1 | 180: 58 26 1
Edge found! S5:8 <-> S1:4	Weight: 10.0292	Set col: 27
Set row: 59 ub: 0
181: 59 8 -1 | 182: 59 4 -1 | 183: 59 27 1
Set row: 60 ub: 2
184: 60 8 1 | 185: 60 4 1 | 186: 60 27 1
Set row: 61 lb: 0
187: 61 8 -1 | 188: 61 4 1 | 189: 61 27 1
Set row: 62 lb: 0
190: 62 8 1 | 191: 62 4 -1 | 192: 62 27 1
Edge found! S5:8 <-> S12:2	Weight: 120.35	Set col: 28
Set row: 63 ub: 0
193: 63 8 -1 | 194: 63 2 -1 | 195: 63 28 1
Set row: 64 ub: 2
196: 64 8 1 | 197: 64 2 1 | 198: 64 28 1
Set row: 65 lb: 0
199: 65 8 -1 | 200: 65 2 1 | 201: 65 28 1
Set row: 66 lb: 0
202: 66 8 1 | 203: 66 2 -1 | 204: 66 28 1
Edge found! S5:8 <-> S2:3	Weight: 90.2624	Set col: 29
Set row: 67 ub: 0
205: 67 8 -1 | 206: 67 3 -1 | 207: 67 29 1
Set row: 68 ub: 2
208: 68 8 1 | 209: 68 3 1 | 210: 68 29 1
Set row: 69 lb: 0
211: 69 8 -1 | 212: 69 3 1 | 213: 69 29 1
Set row: 70 lb: 0
214: 70 8 1 | 215: 70 3 -1 | 216: 70 29 1
Edge found! S6:9 <-> S10:13	Weight: 0.000910005	Set col: 30
Set row: 71 ub: 0
217: 71 9 -1 | 218: 71 13 -1 | 219: 71 30 1
Set row: 72 ub: 2
220: 72 9 1 | 221: 72 13 1 | 222: 72 30 1
Set row: 73 lb: 0
223: 73 9 -1 | 224: 73 13 1 | 225: 73 30 1
Set row: 74 lb: 0
226: 74 9 1 | 227: 74 13 -1 | 228: 74 30 1
Edge found! S6:9 <-> S12:2	Weight: 18.0399	Set col: 31
Set row: 75 ub: 0
229: 75 9 -1 | 230: 75 2 -1 | 231: 75 31 1
Set row: 76 ub: 2
232: 76 9 1 | 233: 76 2 1 | 234: 76 31 1
Set row: 77 lb: 0
235: 77 9 -1 | 236: 77 2 1 | 237: 77 31 1
Set row: 78 lb: 0
238: 78 9 1 | 239: 78 2 -1 | 240: 78 31 1
Edge found! S6:9 <-> S4:7	Weight: 10.5224	Set col: 32
Set row: 79 ub: 0
241: 79 9 -1 | 242: 79 7 -1 | 243: 79 32 1
Set row: 80 ub: 2
244: 80 9 1 | 245: 80 7 1 | 246: 80 32 1
Set row: 81 lb: 0
247: 81 9 -1 | 248: 81 7 1 | 249: 81 32 1
Set row: 82 lb: 0
250: 82 9 1 | 251: 82 7 -1 | 252: 82 32 1
Edge found! S7:10 <-> S12:2	Weight: 1.1275	Set col: 33
Set row: 83 ub: 0
253: 83 10 -1 | 254: 83 2 -1 | 255: 83 33 1
Set row: 84 ub: 2
256: 84 10 1 | 257: 84 2 1 | 258: 84 33 1
Set row: 85 lb: 0
259: 85 10 -1 | 260: 85 2 1 | 261: 85 33 1
Set row: 86 lb: 0
262: 86 10 1 | 263: 86 2 -1 | 264: 86 33 1
Edge found! S7:10 <-> S6:9	Weight: 1.50333	Set col: 34
Set row: 87 ub: 0
265: 87 10 -1 | 266: 87 9 -1 | 267: 87 34 1
Set row: 88 ub: 2
268: 88 10 1 | 269: 88 9 1 | 270: 88 34 1
Set row: 89 lb: 0
271: 89 10 -1 | 272: 89 9 1 | 273: 89 34 1
Set row: 90 lb: 0
274: 90 10 1 | 275: 90 9 -1 | 276: 90 34 1
Edge found! S8:11 <-> S12:2	Weight: 0.322142	Set col: 35
Set row: 91 ub: 0
277: 91 11 -1 | 278: 91 2 -1 | 279: 91 35 1
Set row: 92 ub: 2
280: 92 11 1 | 281: 92 2 1 | 282: 92 35 1
Set row: 93 lb: 0
283: 93 11 -1 | 284: 93 2 1 | 285: 93 35 1
Set row: 94 lb: 0
286: 94 11 1 | 287: 94 2 -1 | 288: 94 35 1
Edge found! S8:11 <-> S7:10	Weight: 0.187916	Set col: 36
Set row: 95 ub: 0
289: 95 11 -1 | 290: 95 10 -1 | 291: 95 36 1
Set row: 96 ub: 2
292: 96 11 1 | 293: 96 10 1 | 294: 96 36 1
Set row: 97 lb: 0
295: 97 11 -1 | 296: 97 10 1 | 297: 97 36 1
Set row: 98 lb: 0
298: 98 11 1 | 299: 98 10 -1 | 300: 98 36 1
Edge found! S9:12 <-> S10:13	Weight: 0.00728004	Set col: 37
Set row: 99 ub: 0
301: 99 12 -1 | 302: 99 13 -1 | 303: 99 37 1
Set row: 100 ub: 2
304: 100 12 1 | 305: 100 13 1 | 306: 100 37 1
Set row: 101 lb: 0
307: 101 12 -1 | 308: 101 13 1 | 309: 101 37 1
Set row: 102 lb: 0
310: 102 12 1 | 311: 102 13 -1 | 312: 102 37 1
Edge found! S9:12 <-> S12:2	Weight: 0.0409502	Set col: 38
Set row: 103 ub: 0
313: 103 12 -1 | 314: 103 2 -1 | 315: 103 38 1
Set row: 104 ub: 2
316: 104 12 1 | 317: 104 2 1 | 318: 104 38 1
Set row: 105 lb: 0
319: 105 12 -1 | 320: 105 2 1 | 321: 105 38 1
Set row: 106 lb: 0
322: 106 12 1 | 323: 106 2 -1 | 324: 106 38 1
Edge found! S9:12 <-> S8:11	Weight: 0.0268452	Set col: 39
Set row: 107 ub: 0
325: 107 12 -1 | 326: 107 11 -1 | 327: 107 39 1
Set row: 108 ub: 2
328: 108 12 1 | 329: 108 11 1 | 330: 108 39 1
Set row: 109 lb: 0
331: 109 12 -1 | 332: 109 11 1 | 333: 109 39 1
Set row: 110 lb: 0
334: 110 12 1 | 335: 110 11 -1 | 336: 110 39 1
GLPK Integer Optimizer 5.0
111 rows, 39 columns, 349 non-zeros
39 integer variables, all of which are binary
Preprocessing...
52 hidden covering inequaliti(es) were detected
111 rows, 39 columns, 349 non-zeros
39 integer variables, all of which are binary
Scaling...
 A: min|aij| =  1.000e+00  max|aij| =  2.000e+00  ratio =  2.000e+00
Problem data seem to be well scaled
Constructing initial basis...
Size of triangular part is 111
Solving LP relaxation...
GLPK Simplex Optimizer 5.0
111 rows, 39 columns, 349 non-zeros
      0: obj =   0.000000000e+00 inf =   9.000e+00 (6)
     14: obj =   0.000000000e+00 inf =   0.000e+00 (0)
OPTIMAL LP SOLUTION FOUND
Integer optimization begins...
Long-step dual simplex will be used
+    14: mip =     not found yet >=              -inf        (1; 0)
+    68: >>>>>   1.104118416e+04 >=   8.705305685e+02  92.1% (4; 0)
+   103: >>>>>   8.292250888e+03 >=   8.276073865e+03   0.2% (3; 4)
+   107: mip =   8.292250888e+03 >=     tree is empty   0.0% (0; 11)
INTEGER OPTIMAL SOLUTION FOUND
-----
Objective Function Value: 8292.25
S0	1	0
S1	4	0
S10	13	1
S11	5	1
S12	2	0
S2	3	0
S3	6	1
S4	7	1
S5	8	1
S6	9	0
S7	10	0
S8	11	0
S9	12	1
Number of 0 assigned: 7 | Number of 1 assigned: 6
XOR Constraint 14: 0
XOR Constraint 15: 1
XOR Constraint 16: 1
XOR Constraint 17: 0
XOR Constraint 18: 0
XOR Constraint 19: 1
XOR Constraint 20: 1
XOR Constraint 21: 0
XOR Constraint 22: 0
XOR Constraint 23: 1
XOR Constraint 24: 1
XOR Constraint 25: 1
XOR Constraint 26: 1
XOR Constraint 27: 1
XOR Constraint 28: 1
XOR Constraint 29: 1
XOR Constraint 30: 1
XOR Constraint 31: 0
XOR Constraint 32: 1
XOR Constraint 33: 0
XOR Constraint 34: 0
XOR Constraint 35: 0
XOR Constraint 36: 0
XOR Constraint 37: 0
XOR Constraint 38: 1
XOR Constraint 39: 1
-----
Size of State Group: 7
 - 2 1
 - 10 11
 - 3 4
 - 9
 - 6 5
 - 12 13
 - 7 8

   [   Round 4   ]   
Set col: S0 -> 1
Set col: S1 -> 4
Set col: S10 -> 13
Set col: S11 -> 5
Set col: S12 -> 2
Set col: S2 -> 3
Set col: S3 -> 6
Set col: S4 -> 7
Set col: S5 -> 8
Set col: S6 -> 9
Set col: S7 -> 10
Set col: S8 -> 11
Set col: S9 -> 12
Size of Group: 7
Group 1 | Size 2
Set row: 1 lb: 1 ub: 1
Set row: 2 lb: -1 ub: -1
1: 1 2 1
2: 2 2 -1
3: 1 1 1
4: 2 1 -1
Group 2 | Size 2
Set row: 3 lb: 1 ub: 1
Set row: 4 lb: -1 ub: -1
5: 3 10 1
6: 4 10 -1
7: 3 11 1
8: 4 11 -1
Group 3 | Size 2
Set row: 5 lb: 1 ub: 1
Set row: 6 lb: -1 ub: -1
9: 5 3 1
10: 6 3 -1
11: 5 4 1
12: 6 4 -1
Group 4 | Size 1
Group 5 | Size 2
Set row: 7 lb: 1 ub: 1
Set row: 8 lb: -1 ub: -1
13: 7 6 1
14: 8 6 -1
15: 7 5 1
16: 8 5 -1
Group 6 | Size 2
Set row: 9 lb: 1 ub: 1
Set row: 10 lb: -1 ub: -1
17: 9 12 1
18: 10 12 -1
19: 9 13 1
20: 10 13 -1
Group 7 | Size 2
Set row: 11 lb: 1 ub: 1
Set row: 12 lb: -1 ub: -1
21: 11 7 1
22: 12 7 -1
23: 11 8 1
24: 12 8 -1
Edge found! S1:4 <-> S0:1	Weight: 621.808	Set col: 14
Set row: 13 ub: 0
25: 13 4 -1 | 26: 13 1 -1 | 27: 13 14 1
Set row: 14 ub: 2
28: 14 4 1 | 29: 14 1 1 | 30: 14 14 1
Set row: 15 lb: 0
31: 15 4 -1 | 32: 15 1 1 | 33: 15 14 1
Set row: 16 lb: 0
34: 16 4 1 | 35: 16 1 -1 | 36: 16 14 1
Edge found! S10:13 <-> S0:1	Weight: 0.00182001	Set col: 15
Set row: 17 ub: 0
37: 17 13 -1 | 38: 17 1 -1 | 39: 17 15 1
Set row: 18 ub: 2
40: 18 13 1 | 41: 18 1 1 | 42: 18 15 1
Set row: 19 lb: 0
43: 19 13 -1 | 44: 19 1 1 | 45: 19 15 1
Set row: 20 lb: 0
46: 20 13 1 | 47: 20 1 -1 | 48: 20 15 1
Edge found! S11:5 <-> S0:1	Weight: 2611.59	Set col: 16
Set row: 21 ub: 0
49: 21 5 -1 | 50: 21 1 -1 | 51: 21 16 1
Set row: 22 ub: 2
52: 22 5 1 | 53: 22 1 1 | 54: 22 16 1
Set row: 23 lb: 0
55: 23 5 -1 | 56: 23 1 1 | 57: 23 16 1
Set row: 24 lb: 0
58: 24 5 1 | 59: 24 1 -1 | 60: 24 16 1
Edge found! S12:2 <-> S0:1	Weight: 6342.44	Set col: 17
Set row: 25 ub: 0
61: 25 2 -1 | 62: 25 1 -1 | 63: 25 17 1
Set row: 26 ub: 2
64: 26 2 1 | 65: 26 1 1 | 66: 26 17 1
Set row: 27 lb: 0
67: 27 2 -1 | 68: 27 1 1 | 69: 27 17 1
Set row: 28 lb: 0
70: 28 2 1 | 71: 28 1 -1 | 72: 28 17 1
Edge found! S12:2 <-> S1:4	Weight: 505.075	Set col: 18
Set row: 29 ub: 0
73: 29 2 -1 | 74: 29 4 -1 | 75: 29 18 1
Set row: 30 ub: 2
76: 30 2 1 | 77: 30 4 1 | 78: 30 18 1
Set row: 31 lb: 0
79: 31 2 -1 | 80: 31 4 1 | 81: 31 18 1
Set row: 32 lb: 0
82: 32 2 1 | 83: 32 4 -1 | 84: 32 18 1
Edge found! S12:2 <-> S10:13	Weight: 0.0218401	Set col: 19
Set row: 33 ub: 0
85: 33 2 -1 | 86: 33 13 -1 | 87: 33 19 1
Set row: 34 ub: 2
88: 34 2 1 | 89: 34 13 1 | 90: 34 19 1
Set row: 35 lb: 0
91: 35 2 -1 | 92: 35 13 1 | 93: 35 19 1
Set row: 36 lb: 0
94: 36 2 1 | 95: 36 13 -1 | 96: 36 19 1
Edge found! S12:2 <-> S11:5	Weight: 7834.78	Set col: 20
Set row: 37 ub: 0
97: 37 2 -1 | 98: 37 5 -1 | 99: 37 20 1
Set row: 38 ub: 2
100: 38 2 1 | 101: 38 5 1 | 102: 38 20 1
Set row: 39 lb: 0
103: 39 2 -1 | 104: 39 5 1 | 105: 39 20 1
Set row: 40 lb: 0
106: 40 2 1 | 107: 40 5 -1 | 108: 40 20 1
Edge found! S2:3 <-> S0:1	Weight: 621.808	Set col: 21
Set row: 41 ub: 0
109: 41 3 -1 | 110: 41 1 -1 | 111: 41 21 1
Set row: 42 ub: 2
112: 42 3 1 | 113: 42 1 1 | 114: 42 21 1
Set row: 43 lb: 0
115: 43 3 -1 | 116: 43 1 1 | 117: 43 21 1
Set row: 44 lb: 0
118: 44 3 1 | 119: 44 1 -1 | 120: 44 21 1
Edge found! S2:3 <-> S12:2	Weight: 481.399	Set col: 22
Set row: 45 ub: 0
121: 45 3 -1 | 122: 45 2 -1 | 123: 45 22 1
Set row: 46 ub: 2
124: 46 3 1 | 125: 46 2 1 | 126: 46 22 1
Set row: 47 lb: 0
127: 47 3 -1 | 128: 47 2 1 | 129: 47 22 1
Set row: 48 lb: 0
130: 48 3 1 | 131: 48 2 -1 | 132: 48 22 1
Edge found! S3:6 <-> S0:1	Weight: 870.531	Set col: 23
Set row: 49 ub: 0
133: 49 6 -1 | 134: 49 1 -1 | 135: 49 23 1
Set row: 50 ub: 2
136: 50 6 1 | 137: 50 1 1 | 138: 50 23 1
Set row: 51 lb: 0
139: 51 6 -1 | 140: 51 1 1 | 141: 51 23 1
Set row: 52 lb: 0
142: 52 6 1 | 143: 52 1 -1 | 144: 52 23 1
Edge found! S3:6 <-> S12:2	Weight: 4352.65	Set col: 24
Set row: 53 ub: 0
145: 53 6 -1 | 146: 53 2 -1 | 147: 53 24 1
Set row: 54 ub: 2
148: 54 6 1 | 149: 54 2 1 | 150: 54 24 1
Set row: 55 lb: 0
151: 55 6 -1 | 152: 55 2 1 | 153: 55 24 1
Set row: 56 lb: 0
154: 56 6 1 | 155: 56 2 -1 | 156: 56 24 1
Edge found! S4:7 <-> S1:4	Weight: 199.925	Set col: 25
Set row: 57 ub: 0
157: 57 7 -1 | 158: 57 4 -1 | 159: 57 25 1
Set row: 58 ub: 2
160: 58 7 1 | 161: 58 4 1 | 162: 58 25 1
Set row: 59 lb: 0
163: 59 7 -1 | 164: 59 4 1 | 165: 59 25 1
Set row: 60 lb: 0
166: 60 7 1 | 167: 60 4 -1 | 168: 60 25 1
Edge found! S4:7 <-> S12:2	Weight: 252.537	Set col: 26
Set row: 61 ub: 0
169: 61 7 -1 | 170: 61 2 -1 | 171: 61 26 1
Set row: 62 ub: 2
172: 62 7 1 | 173: 62 2 1 | 174: 62 26 1
Set row: 63 lb: 0
175: 63 7 -1 | 176: 63 2 1 | 177: 63 26 1
Set row: 64 lb: 0
178: 64 7 1 | 179: 64 2 -1 | 180: 64 26 1
Edge found! S5:8 <-> S1:4	Weight: 20.0583	Set col: 27
Set row: 65 ub: 0
181: 65 8 -1 | 182: 65 4 -1 | 183: 65 27 1
Set row: 66 ub: 2
184: 66 8 1 | 185: 66 4 1 | 186: 66 27 1
Set row: 67 lb: 0
187: 67 8 -1 | 188: 67 4 1 | 189: 67 27 1
Set row: 68 lb: 0
190: 68 8 1 | 191: 68 4 -1 | 192: 68 27 1
Edge found! S5:8 <-> S12:2	Weight: 240.7	Set col: 28
Set row: 69 ub: 0
193: 69 8 -1 | 194: 69 2 -1 | 195: 69 28 1
Set row: 70 ub: 2
196: 70 8 1 | 197: 70 2 1 | 198: 70 28 1
Set row: 71 lb: 0
199: 71 8 -1 | 200: 71 2 1 | 201: 71 28 1
Set row: 72 lb: 0
202: 72 8 1 | 203: 72 2 -1 | 204: 72 28 1
Edge found! S5:8 <-> S2:3	Weight: 180.525	Set col: 29
Set row: 73 ub: 0
205: 73 8 -1 | 206: 73 3 -1 | 207: 73 29 1
Set row: 74 ub: 2
208: 74 8 1 | 209: 74 3 1 | 210: 74 29 1
Set row: 75 lb: 0
211: 75 8 -1 | 212: 75 3 1 | 213: 75 29 1
Set row: 76 lb: 0
214: 76 8 1 | 215: 76 3 -1 | 216: 76 29 1
Edge found! S6:9 <-> S10:13	Weight: 0.00182001	Set col: 30
Set row: 77 ub: 0
217: 77 9 -1 | 218: 77 13 -1 | 219: 77 30 1
Set row: 78 ub: 2
220: 78 9 1 | 221: 78 13 1 | 222: 78 30 1
Set row: 79 lb: 0
223: 79 9 -1 | 224: 79 13 1 | 225: 79 30 1
Set row: 80 lb: 0
226: 80 9 1 | 227: 80 13 -1 | 228: 80 30 1
Edge found! S6:9 <-> S12:2	Weight: 18.0399	Set col: 31
Set row: 81 ub: 0
229: 81 9 -1 | 230: 81 2 -1 | 231: 81 31 1
Set row: 82 ub: 2
232: 82 9 1 | 233: 82 2 1 | 234: 82 31 1
Set row: 83 lb: 0
235: 83 9 -1 | 236: 83 2 1 | 237: 83 31 1
Set row: 84 lb: 0
238: 84 9 1 | 239: 84 2 -1 | 240: 84 31 1
Edge found! S6:9 <-> S4:7	Weight: 21.0448	Set col: 32
Set row: 85 ub: 0
241: 85 9 -1 | 242: 85 7 -1 | 243: 85 32 1
Set row: 86 ub: 2
244: 86 9 1 | 245: 86 7 1 | 246: 86 32 1
Set row: 87 lb: 0
247: 87 9 -1 | 248: 87 7 1 | 249: 87 32 1
Set row: 88 lb: 0
250: 88 9 1 | 251: 88 7 -1 | 252: 88 32 1
Edge found! S7:10 <-> S12:2	Weight: 1.1275	Set col: 33
Set row: 89 ub: 0
253: 89 10 -1 | 254: 89 2 -1 | 255: 89 33 1
Set row: 90 ub: 2
256: 90 10 1 | 257: 90 2 1 | 258: 90 33 1
Set row: 91 lb: 0
259: 91 10 -1 | 260: 91 2 1 | 261: 91 33 1
Set row: 92 lb: 0
262: 92 10 1 | 263: 92 2 -1 | 264: 92 33 1
Edge found! S7:10 <-> S6:9	Weight: 1.50333	Set col: 34
Set row: 93 ub: 0
265: 93 10 -1 | 266: 93 9 -1 | 267: 93 34 1
Set row: 94 ub: 2
268: 94 10 1 | 269: 94 9 1 | 270: 94 34 1
Set row: 95 lb: 0
271: 95 10 -1 | 272: 95 9 1 | 273: 95 34 1
Set row: 96 lb: 0
274: 96 10 1 | 275: 96 9 -1 | 276: 96 34 1
Edge found! S8:11 <-> S12:2	Weight: 0.322142	Set col: 35
Set row: 97 ub: 0
277: 97 11 -1 | 278: 97 2 -1 | 279: 97 35 1
Set row: 98 ub: 2
280: 98 11 1 | 281: 98 2 1 | 282: 98 35 1
Set row: 99 lb: 0
283: 99 11 -1 | 284: 99 2 1 | 285: 99 35 1
Set row: 100 lb: 0
286: 100 11 1 | 287: 100 2 -1 | 288: 100 35 1
Edge found! S8:11 <-> S7:10	Weight: 0.187916	Set col: 36
Set row: 101 ub: 0
289: 101 11 -1 | 290: 101 10 -1 | 291: 101 36 1
Set row: 102 ub: 2
292: 102 11 1 | 293: 102 10 1 | 294: 102 36 1
Set row: 103 lb: 0
295: 103 11 -1 | 296: 103 10 1 | 297: 103 36 1
Set row: 104 lb: 0
298: 104 11 1 | 299: 104 10 -1 | 300: 104 36 1
Edge found! S9:12 <-> S10:13	Weight: 0.00728004	Set col: 37
Set row: 105 ub: 0
301: 105 12 -1 | 302: 105 13 -1 | 303: 105 37 1
Set row: 106 ub: 2
304: 106 12 1 | 305: 106 13 1 | 306: 106 37 1
Set row: 107 lb: 0
307: 107 12 -1 | 308: 107 13 1 | 309: 107 37 1
Set row: 108 lb: 0
310: 108 12 1 | 311: 108 13 -1 | 312: 108 37 1
Edge found! S9:12 <-> S12:2	Weight: 0.0819005	Set col: 38
Set row: 109 ub: 0
313: 109 12 -1 | 314: 109 2 -1 | 315: 109 38 1
Set row: 110 ub: 2
316: 110 12 1 | 317: 110 2 1 | 318: 110 38 1
Set row: 111 lb: 0
319: 111 12 -1 | 320: 111 2 1 | 321: 111 38 1
Set row: 112 lb: 0
322: 112 12 1 | 323: 112 2 -1 | 324: 112 38 1
Edge found! S9:12 <-> S8:11	Weight: 0.0536903	Set col: 39
Set row: 113 ub: 0
325: 113 12 -1 | 326: 113 11 -1 | 327: 113 39 1
Set row: 114 ub: 2
328: 114 12 1 | 329: 114 11 1 | 330: 114 39 1
Set row: 115 lb: 0
331: 115 12 -1 | 332: 115 11 1 | 333: 115 39 1
Set row: 116 lb: 0
334: 116 12 1 | 335: 116 11 -1 | 336: 116 39 1
GLPK Integer Optimizer 5.0
117 rows, 39 columns, 349 non-zeros
39 integer variables, all of which are binary
Preprocessing...
52 hidden covering inequaliti(es) were detected
117 rows, 39 columns, 349 non-zeros
39 integer variables, all of which are binary
Scaling...
 A: min|aij| =  1.000e+00  max|aij| =  2.000e+00  ratio =  2.000e+00
Problem data seem to be well scaled
Constructing initial basis...
Size of triangular part is 111
Solving LP relaxation...
GLPK Simplex Optimizer 5.0
117 rows, 39 columns, 349 non-zeros
      0: obj =   0.000000000e+00 inf =   1.600e+01 (16)
      7: obj =   0.000000000e+00 inf =   0.000e+00 (0)
OPTIMAL LP SOLUTION FOUND
Integer optimization begins...
Long-step dual simplex will be used
+     7: mip =     not found yet >=              -inf        (1; 0)
+    37: >>>>>   1.472554458e+04 >=   5.050748255e+02  96.6% (4; 0)
+    96: >>>>>   1.467124808e+04 >=   7.746804442e+03  47.2% (4; 6)
+    96: >>>>>   1.467124171e+04 >=   1.467124171e+04 < 0.1% (1; 12)
+    96: mip =   1.467124171e+04 >=     tree is empty   0.0% (0; 17)
INTEGER OPTIMAL SOLUTION FOUND
-----
Objective Function Value: 14671.2
S0	1	1
S1	4	0
S10	13	1
S11	5	0
S12	2	0
S2	3	1
S3	6	1
S4	7	0
S5	8	1
S6	9	0
S7	10	0
S8	11	1
S9	12	0
Number of 0 assigned: 7 | Number of 1 assigned: 6
XOR Constraint 14: 1
XOR Constraint 15: 0
XOR Constraint 16: 1
XOR Constraint 17: 1
XOR Constraint 18: 0
XOR Constraint 19: 1
XOR Constraint 20: 0
XOR Constraint 21: 0
XOR Constraint 22: 1
XOR Constraint 23: 0
XOR Constraint 24: 1
XOR Constraint 25: 0
XOR Constraint 26: 0
XOR Constraint 27: 1
XOR Constraint 28: 1
XOR Constraint 29: 0
XOR Constraint 30: 1
XOR Constraint 31: 0
XOR Constraint 32: 0
XOR Constraint 33: 0
XOR Constraint 34: 0
XOR Constraint 35: 1
XOR Constraint 36: 1
XOR Constraint 37: 1
XOR Constraint 38: 0
XOR Constraint 39: 1
-----
Size of State Group: 13
 - 2
 - 10
 - 4
 - 9
 - 5
 - 12
 - 7
 - 1
 - 11
 - 3
 - 6
 - 13
 - 8

Final Results:
Used Length / Total Length:	4 / 13
S0	: 1	| 0001---------
S1	: 4	| 0100---------
S10	: 13	| 1011---------
S11	: 5	| 0010---------
S12	: 2	| 0000---------
S2	: 3	| 0101---------
S3	: 6	| 0011---------
S4	: 7	| 0110---------
S5	: 8	| 0111---------
S6	: 9	| 1100---------
S7	: 10	| 1000---------
S8	: 11	| 1001---------
S9	: 12	| 1010---------

===========================================================================
Writing File ...

===========================================================================

Combinational power estimation, with Zero delay model.
Network: bbsse_opt, Power = 1101.4 uW assuming 20 MHz clock and Vdd = 5V
