
===========================================================================
Reading File ...

===========================================================================
Calculating State Probability ...
glp_exact: 19 rows, 18 columns, 85 non-zeros
GLPK bignum module is being used
(Consider installing GNU MP to attain a much better performance.)
      0:   infsum =                      1   (18)
     18:   infsum =                      0   (1)
*    18:   objval =                      0   (1)
*    18:   objval =                      0   (1)
OPTIMAL SOLUTION FOUND
-----
S0:	0.00236274
S1:	0.324877
S10:	0.0147671
S11:	0.0177206
S12:	0.00236274
S13:	0.00531617
S14:	0.00106323
S15:	0.000212647
S16:	4.25294e-05
S17:	5.31617e-06
S2:	0.162438
S3:	0.0812192
S4:	0.182738
S5:	0.0649754
S6:	0.0812192
S7:	0.0456845
S8:	0.00649754
S9:	0.00649754
-----
S1 <-> S0:	4.61136
S10 <-> S0:	7.20526
S10 <-> S1:	28.821
S11 <-> S1:	34.5852
S11 <-> S10:	7.20526
S12 <-> S0:	1.15284
S12 <-> S1:	4.61136
S12 <-> S10:	7.20526
S13 <-> S1:	10.3756
S13 <-> S11:	17.2926
S13 <-> S12:	2.30568
S14 <-> S1:	2.07511
S14 <-> S13:	5.18778
S15 <-> S1:	0.415023
S15 <-> S14:	1.03756
S16 <-> S1:	0.0830045
S16 <-> S15:	0.207511
S17 <-> S1:	0.0415023
S17 <-> S16:	0.0415023
S2 <-> S1:	634.063
S3 <-> S1:	317.031
S4 <-> S0:	4.61136
S4 <-> S1:	356.65
S4 <-> S10:	28.821
S4 <-> S11:	34.5852
S4 <-> S12:	4.61136
S4 <-> S13:	10.3756
S4 <-> S14:	2.07511
S4 <-> S15:	0.415023
S4 <-> S16:	0.0830045
S4 <-> S2:	317.031
S5 <-> S1:	126.813
S5 <-> S2:	317.031
S5 <-> S4:	126.813
S6 <-> S10:	79.2578
S6 <-> S11:	79.2578
S6 <-> S3:	317.031
S6 <-> S4:	158.516
S7 <-> S1:	356.65
S7 <-> S4:	356.65
S8 <-> S0:	3.17031
S8 <-> S1:	12.6813
S8 <-> S12:	3.17031
S8 <-> S4:	12.6813
S8 <-> S5:	31.7031
S9 <-> S1:	12.6813
S9 <-> S13:	6.34063
S9 <-> S4:	12.6813
S9 <-> S5:	31.7031

===========================================================================
State Assignment ...
   [   Round 1   ]   
Set col: S0 -> 5
Set col: S1 -> 1
Set col: S10 -> 13
Set col: S11 -> 14
Set col: S12 -> 6
Set col: S13 -> 9
Set col: S14 -> 15
Set col: S15 -> 16
Set col: S16 -> 17
Set col: S17 -> 18
Set col: S2 -> 3
Set col: S3 -> 2
Set col: S4 -> 7
Set col: S5 -> 8
Set col: S6 -> 4
Set col: S7 -> 10
Set col: S8 -> 11
Set col: S9 -> 12
Size of Group: 1
Group 1 | Size 18
Set row: 1 lb: 1 ub: 16
Set row: 2 lb: -17 ub: -2
1: 1 12 1
2: 2 12 -1
3: 1 11 1
4: 2 11 -1
5: 1 10 1
6: 2 10 -1
7: 1 4 1
8: 2 4 -1
9: 1 8 1
10: 2 8 -1
11: 1 7 1
12: 2 7 -1
13: 1 2 1
14: 2 2 -1
15: 1 14 1
16: 2 14 -1
17: 1 3 1
18: 2 3 -1
19: 1 13 1
20: 2 13 -1
21: 1 5 1
22: 2 5 -1
23: 1 16 1
24: 2 16 -1
25: 1 6 1
26: 2 6 -1
27: 1 17 1
28: 2 17 -1
29: 1 1 1
30: 2 1 -1
31: 1 9 1
32: 2 9 -1
33: 1 15 1
34: 2 15 -1
35: 1 18 1
36: 2 18 -1
Edge found! S1:1 <-> S0:5	Weight: 4.61136	Set col: 19
Set row: 3 ub: 0
37: 3 1 -1 | 38: 3 5 -1 | 39: 3 19 1
Set row: 4 ub: 2
40: 4 1 1 | 41: 4 5 1 | 42: 4 19 1
Set row: 5 lb: 0
43: 5 1 -1 | 44: 5 5 1 | 45: 5 19 1
Set row: 6 lb: 0
46: 6 1 1 | 47: 6 5 -1 | 48: 6 19 1
Edge found! S10:13 <-> S0:5	Weight: 7.20526	Set col: 20
Set row: 7 ub: 0
49: 7 13 -1 | 50: 7 5 -1 | 51: 7 20 1
Set row: 8 ub: 2
52: 8 13 1 | 53: 8 5 1 | 54: 8 20 1
Set row: 9 lb: 0
55: 9 13 -1 | 56: 9 5 1 | 57: 9 20 1
Set row: 10 lb: 0
58: 10 13 1 | 59: 10 5 -1 | 60: 10 20 1
Edge found! S10:13 <-> S1:1	Weight: 28.821	Set col: 21
Set row: 11 ub: 0
61: 11 13 -1 | 62: 11 1 -1 | 63: 11 21 1
Set row: 12 ub: 2
64: 12 13 1 | 65: 12 1 1 | 66: 12 21 1
Set row: 13 lb: 0
67: 13 13 -1 | 68: 13 1 1 | 69: 13 21 1
Set row: 14 lb: 0
70: 14 13 1 | 71: 14 1 -1 | 72: 14 21 1
Edge found! S11:14 <-> S1:1	Weight: 34.5852	Set col: 22
Set row: 15 ub: 0
73: 15 14 -1 | 74: 15 1 -1 | 75: 15 22 1
Set row: 16 ub: 2
76: 16 14 1 | 77: 16 1 1 | 78: 16 22 1
Set row: 17 lb: 0
79: 17 14 -1 | 80: 17 1 1 | 81: 17 22 1
Set row: 18 lb: 0
82: 18 14 1 | 83: 18 1 -1 | 84: 18 22 1
Edge found! S11:14 <-> S10:13	Weight: 7.20526	Set col: 23
Set row: 19 ub: 0
85: 19 14 -1 | 86: 19 13 -1 | 87: 19 23 1
Set row: 20 ub: 2
88: 20 14 1 | 89: 20 13 1 | 90: 20 23 1
Set row: 21 lb: 0
91: 21 14 -1 | 92: 21 13 1 | 93: 21 23 1
Set row: 22 lb: 0
94: 22 14 1 | 95: 22 13 -1 | 96: 22 23 1
Edge found! S12:6 <-> S0:5	Weight: 1.15284	Set col: 24
Set row: 23 ub: 0
97: 23 6 -1 | 98: 23 5 -1 | 99: 23 24 1
Set row: 24 ub: 2
100: 24 6 1 | 101: 24 5 1 | 102: 24 24 1
Set row: 25 lb: 0
103: 25 6 -1 | 104: 25 5 1 | 105: 25 24 1
Set row: 26 lb: 0
106: 26 6 1 | 107: 26 5 -1 | 108: 26 24 1
Edge found! S12:6 <-> S1:1	Weight: 4.61136	Set col: 25
Set row: 27 ub: 0
109: 27 6 -1 | 110: 27 1 -1 | 111: 27 25 1
Set row: 28 ub: 2
112: 28 6 1 | 113: 28 1 1 | 114: 28 25 1
Set row: 29 lb: 0
115: 29 6 -1 | 116: 29 1 1 | 117: 29 25 1
Set row: 30 lb: 0
118: 30 6 1 | 119: 30 1 -1 | 120: 30 25 1
Edge found! S12:6 <-> S10:13	Weight: 7.20526	Set col: 26
Set row: 31 ub: 0
121: 31 6 -1 | 122: 31 13 -1 | 123: 31 26 1
Set row: 32 ub: 2
124: 32 6 1 | 125: 32 13 1 | 126: 32 26 1
Set row: 33 lb: 0
127: 33 6 -1 | 128: 33 13 1 | 129: 33 26 1
Set row: 34 lb: 0
130: 34 6 1 | 131: 34 13 -1 | 132: 34 26 1
Edge found! S13:9 <-> S1:1	Weight: 10.3756	Set col: 27
Set row: 35 ub: 0
133: 35 9 -1 | 134: 35 1 -1 | 135: 35 27 1
Set row: 36 ub: 2
136: 36 9 1 | 137: 36 1 1 | 138: 36 27 1
Set row: 37 lb: 0
139: 37 9 -1 | 140: 37 1 1 | 141: 37 27 1
Set row: 38 lb: 0
142: 38 9 1 | 143: 38 1 -1 | 144: 38 27 1
Edge found! S13:9 <-> S11:14	Weight: 17.2926	Set col: 28
Set row: 39 ub: 0
145: 39 9 -1 | 146: 39 14 -1 | 147: 39 28 1
Set row: 40 ub: 2
148: 40 9 1 | 149: 40 14 1 | 150: 40 28 1
Set row: 41 lb: 0
151: 41 9 -1 | 152: 41 14 1 | 153: 41 28 1
Set row: 42 lb: 0
154: 42 9 1 | 155: 42 14 -1 | 156: 42 28 1
Edge found! S13:9 <-> S12:6	Weight: 2.30568	Set col: 29
Set row: 43 ub: 0
157: 43 9 -1 | 158: 43 6 -1 | 159: 43 29 1
Set row: 44 ub: 2
160: 44 9 1 | 161: 44 6 1 | 162: 44 29 1
Set row: 45 lb: 0
163: 45 9 -1 | 164: 45 6 1 | 165: 45 29 1
Set row: 46 lb: 0
166: 46 9 1 | 167: 46 6 -1 | 168: 46 29 1
Edge found! S14:15 <-> S1:1	Weight: 2.07511	Set col: 30
Set row: 47 ub: 0
169: 47 15 -1 | 170: 47 1 -1 | 171: 47 30 1
Set row: 48 ub: 2
172: 48 15 1 | 173: 48 1 1 | 174: 48 30 1
Set row: 49 lb: 0
175: 49 15 -1 | 176: 49 1 1 | 177: 49 30 1
Set row: 50 lb: 0
178: 50 15 1 | 179: 50 1 -1 | 180: 50 30 1
Edge found! S14:15 <-> S13:9	Weight: 5.18778	Set col: 31
Set row: 51 ub: 0
181: 51 15 -1 | 182: 51 9 -1 | 183: 51 31 1
Set row: 52 ub: 2
184: 52 15 1 | 185: 52 9 1 | 186: 52 31 1
Set row: 53 lb: 0
187: 53 15 -1 | 188: 53 9 1 | 189: 53 31 1
Set row: 54 lb: 0
190: 54 15 1 | 191: 54 9 -1 | 192: 54 31 1
Edge found! S15:16 <-> S1:1	Weight: 0.415023	Set col: 32
Set row: 55 ub: 0
193: 55 16 -1 | 194: 55 1 -1 | 195: 55 32 1
Set row: 56 ub: 2
196: 56 16 1 | 197: 56 1 1 | 198: 56 32 1
Set row: 57 lb: 0
199: 57 16 -1 | 200: 57 1 1 | 201: 57 32 1
Set row: 58 lb: 0
202: 58 16 1 | 203: 58 1 -1 | 204: 58 32 1
Edge found! S15:16 <-> S14:15	Weight: 1.03756	Set col: 33
Set row: 59 ub: 0
205: 59 16 -1 | 206: 59 15 -1 | 207: 59 33 1
Set row: 60 ub: 2
208: 60 16 1 | 209: 60 15 1 | 210: 60 33 1
Set row: 61 lb: 0
211: 61 16 -1 | 212: 61 15 1 | 213: 61 33 1
Set row: 62 lb: 0
214: 62 16 1 | 215: 62 15 -1 | 216: 62 33 1
Edge found! S16:17 <-> S1:1	Weight: 0.0830045	Set col: 34
Set row: 63 ub: 0
217: 63 17 -1 | 218: 63 1 -1 | 219: 63 34 1
Set row: 64 ub: 2
220: 64 17 1 | 221: 64 1 1 | 222: 64 34 1
Set row: 65 lb: 0
223: 65 17 -1 | 224: 65 1 1 | 225: 65 34 1
Set row: 66 lb: 0
226: 66 17 1 | 227: 66 1 -1 | 228: 66 34 1
Edge found! S16:17 <-> S15:16	Weight: 0.207511	Set col: 35
Set row: 67 ub: 0
229: 67 17 -1 | 230: 67 16 -1 | 231: 67 35 1
Set row: 68 ub: 2
232: 68 17 1 | 233: 68 16 1 | 234: 68 35 1
Set row: 69 lb: 0
235: 69 17 -1 | 236: 69 16 1 | 237: 69 35 1
Set row: 70 lb: 0
238: 70 17 1 | 239: 70 16 -1 | 240: 70 35 1
Edge found! S17:18 <-> S1:1	Weight: 0.0415023	Set col: 36
Set row: 71 ub: 0
241: 71 18 -1 | 242: 71 1 -1 | 243: 71 36 1
Set row: 72 ub: 2
244: 72 18 1 | 245: 72 1 1 | 246: 72 36 1
Set row: 73 lb: 0
247: 73 18 -1 | 248: 73 1 1 | 249: 73 36 1
Set row: 74 lb: 0
250: 74 18 1 | 251: 74 1 -1 | 252: 74 36 1
Edge found! S17:18 <-> S16:17	Weight: 0.0415023	Set col: 37
Set row: 75 ub: 0
253: 75 18 -1 | 254: 75 17 -1 | 255: 75 37 1
Set row: 76 ub: 2
256: 76 18 1 | 257: 76 17 1 | 258: 76 37 1
Set row: 77 lb: 0
259: 77 18 -1 | 260: 77 17 1 | 261: 77 37 1
Set row: 78 lb: 0
262: 78 18 1 | 263: 78 17 -1 | 264: 78 37 1
Edge found! S2:3 <-> S1:1	Weight: 634.063	Set col: 38
Set row: 79 ub: 0
265: 79 3 -1 | 266: 79 1 -1 | 267: 79 38 1
Set row: 80 ub: 2
268: 80 3 1 | 269: 80 1 1 | 270: 80 38 1
Set row: 81 lb: 0
271: 81 3 -1 | 272: 81 1 1 | 273: 81 38 1
Set row: 82 lb: 0
274: 82 3 1 | 275: 82 1 -1 | 276: 82 38 1
Edge found! S3:2 <-> S1:1	Weight: 317.031	Set col: 39
Set row: 83 ub: 0
277: 83 2 -1 | 278: 83 1 -1 | 279: 83 39 1
Set row: 84 ub: 2
280: 84 2 1 | 281: 84 1 1 | 282: 84 39 1
Set row: 85 lb: 0
283: 85 2 -1 | 284: 85 1 1 | 285: 85 39 1
Set row: 86 lb: 0
286: 86 2 1 | 287: 86 1 -1 | 288: 86 39 1
Edge found! S4:7 <-> S0:5	Weight: 4.61136	Set col: 40
Set row: 87 ub: 0
289: 87 7 -1 | 290: 87 5 -1 | 291: 87 40 1
Set row: 88 ub: 2
292: 88 7 1 | 293: 88 5 1 | 294: 88 40 1
Set row: 89 lb: 0
295: 89 7 -1 | 296: 89 5 1 | 297: 89 40 1
Set row: 90 lb: 0
298: 90 7 1 | 299: 90 5 -1 | 300: 90 40 1
Edge found! S4:7 <-> S1:1	Weight: 356.65	Set col: 41
Set row: 91 ub: 0
301: 91 7 -1 | 302: 91 1 -1 | 303: 91 41 1
Set row: 92 ub: 2
304: 92 7 1 | 305: 92 1 1 | 306: 92 41 1
Set row: 93 lb: 0
307: 93 7 -1 | 308: 93 1 1 | 309: 93 41 1
Set row: 94 lb: 0
310: 94 7 1 | 311: 94 1 -1 | 312: 94 41 1
Edge found! S4:7 <-> S10:13	Weight: 28.821	Set col: 42
Set row: 95 ub: 0
313: 95 7 -1 | 314: 95 13 -1 | 315: 95 42 1
Set row: 96 ub: 2
316: 96 7 1 | 317: 96 13 1 | 318: 96 42 1
Set row: 97 lb: 0
319: 97 7 -1 | 320: 97 13 1 | 321: 97 42 1
Set row: 98 lb: 0
322: 98 7 1 | 323: 98 13 -1 | 324: 98 42 1
Edge found! S4:7 <-> S11:14	Weight: 34.5852	Set col: 43
Set row: 99 ub: 0
325: 99 7 -1 | 326: 99 14 -1 | 327: 99 43 1
Set row: 100 ub: 2
328: 100 7 1 | 329: 100 14 1 | 330: 100 43 1
Set row: 101 lb: 0
331: 101 7 -1 | 332: 101 14 1 | 333: 101 43 1
Set row: 102 lb: 0
334: 102 7 1 | 335: 102 14 -1 | 336: 102 43 1
Edge found! S4:7 <-> S12:6	Weight: 4.61136	Set col: 44
Set row: 103 ub: 0
337: 103 7 -1 | 338: 103 6 -1 | 339: 103 44 1
Set row: 104 ub: 2
340: 104 7 1 | 341: 104 6 1 | 342: 104 44 1
Set row: 105 lb: 0
343: 105 7 -1 | 344: 105 6 1 | 345: 105 44 1
Set row: 106 lb: 0
346: 106 7 1 | 347: 106 6 -1 | 348: 106 44 1
Edge found! S4:7 <-> S13:9	Weight: 10.3756	Set col: 45
Set row: 107 ub: 0
349: 107 7 -1 | 350: 107 9 -1 | 351: 107 45 1
Set row: 108 ub: 2
352: 108 7 1 | 353: 108 9 1 | 354: 108 45 1
Set row: 109 lb: 0
355: 109 7 -1 | 356: 109 9 1 | 357: 109 45 1
Set row: 110 lb: 0
358: 110 7 1 | 359: 110 9 -1 | 360: 110 45 1
Edge found! S4:7 <-> S14:15	Weight: 2.07511	Set col: 46
Set row: 111 ub: 0
361: 111 7 -1 | 362: 111 15 -1 | 363: 111 46 1
Set row: 112 ub: 2
364: 112 7 1 | 365: 112 15 1 | 366: 112 46 1
Set row: 113 lb: 0
367: 113 7 -1 | 368: 113 15 1 | 369: 113 46 1
Set row: 114 lb: 0
370: 114 7 1 | 371: 114 15 -1 | 372: 114 46 1
Edge found! S4:7 <-> S15:16	Weight: 0.415023	Set col: 47
Set row: 115 ub: 0
373: 115 7 -1 | 374: 115 16 -1 | 375: 115 47 1
Set row: 116 ub: 2
376: 116 7 1 | 377: 116 16 1 | 378: 116 47 1
Set row: 117 lb: 0
379: 117 7 -1 | 380: 117 16 1 | 381: 117 47 1
Set row: 118 lb: 0
382: 118 7 1 | 383: 118 16 -1 | 384: 118 47 1
Edge found! S4:7 <-> S16:17	Weight: 0.0830045	Set col: 48
Set row: 119 ub: 0
385: 119 7 -1 | 386: 119 17 -1 | 387: 119 48 1
Set row: 120 ub: 2
388: 120 7 1 | 389: 120 17 1 | 390: 120 48 1
Set row: 121 lb: 0
391: 121 7 -1 | 392: 121 17 1 | 393: 121 48 1
Set row: 122 lb: 0
394: 122 7 1 | 395: 122 17 -1 | 396: 122 48 1
Edge found! S4:7 <-> S2:3	Weight: 317.031	Set col: 49
Set row: 123 ub: 0
397: 123 7 -1 | 398: 123 3 -1 | 399: 123 49 1
Set row: 124 ub: 2
400: 124 7 1 | 401: 124 3 1 | 402: 124 49 1
Set row: 125 lb: 0
403: 125 7 -1 | 404: 125 3 1 | 405: 125 49 1
Set row: 126 lb: 0
406: 126 7 1 | 407: 126 3 -1 | 408: 126 49 1
Edge found! S5:8 <-> S1:1	Weight: 126.813	Set col: 50
Set row: 127 ub: 0
409: 127 8 -1 | 410: 127 1 -1 | 411: 127 50 1
Set row: 128 ub: 2
412: 128 8 1 | 413: 128 1 1 | 414: 128 50 1
Set row: 129 lb: 0
415: 129 8 -1 | 416: 129 1 1 | 417: 129 50 1
Set row: 130 lb: 0
418: 130 8 1 | 419: 130 1 -1 | 420: 130 50 1
Edge found! S5:8 <-> S2:3	Weight: 317.031	Set col: 51
Set row: 131 ub: 0
421: 131 8 -1 | 422: 131 3 -1 | 423: 131 51 1
Set row: 132 ub: 2
424: 132 8 1 | 425: 132 3 1 | 426: 132 51 1
Set row: 133 lb: 0
427: 133 8 -1 | 428: 133 3 1 | 429: 133 51 1
Set row: 134 lb: 0
430: 134 8 1 | 431: 134 3 -1 | 432: 134 51 1
Edge found! S5:8 <-> S4:7	Weight: 126.813	Set col: 52
Set row: 135 ub: 0
433: 135 8 -1 | 434: 135 7 -1 | 435: 135 52 1
Set row: 136 ub: 2
436: 136 8 1 | 437: 136 7 1 | 438: 136 52 1
Set row: 137 lb: 0
439: 137 8 -1 | 440: 137 7 1 | 441: 137 52 1
Set row: 138 lb: 0
442: 138 8 1 | 443: 138 7 -1 | 444: 138 52 1
Edge found! S6:4 <-> S10:13	Weight: 79.2578	Set col: 53
Set row: 139 ub: 0
445: 139 4 -1 | 446: 139 13 -1 | 447: 139 53 1
Set row: 140 ub: 2
448: 140 4 1 | 449: 140 13 1 | 450: 140 53 1
Set row: 141 lb: 0
451: 141 4 -1 | 452: 141 13 1 | 453: 141 53 1
Set row: 142 lb: 0
454: 142 4 1 | 455: 142 13 -1 | 456: 142 53 1
Edge found! S6:4 <-> S11:14	Weight: 79.2578	Set col: 54
Set row: 143 ub: 0
457: 143 4 -1 | 458: 143 14 -1 | 459: 143 54 1
Set row: 144 ub: 2
460: 144 4 1 | 461: 144 14 1 | 462: 144 54 1
Set row: 145 lb: 0
463: 145 4 -1 | 464: 145 14 1 | 465: 145 54 1
Set row: 146 lb: 0
466: 146 4 1 | 467: 146 14 -1 | 468: 146 54 1
Edge found! S6:4 <-> S3:2	Weight: 317.031	Set col: 55
Set row: 147 ub: 0
469: 147 4 -1 | 470: 147 2 -1 | 471: 147 55 1
Set row: 148 ub: 2
472: 148 4 1 | 473: 148 2 1 | 474: 148 55 1
Set row: 149 lb: 0
475: 149 4 -1 | 476: 149 2 1 | 477: 149 55 1
Set row: 150 lb: 0
478: 150 4 1 | 479: 150 2 -1 | 480: 150 55 1
Edge found! S6:4 <-> S4:7	Weight: 158.516	Set col: 56
Set row: 151 ub: 0
481: 151 4 -1 | 482: 151 7 -1 | 483: 151 56 1
Set row: 152 ub: 2
484: 152 4 1 | 485: 152 7 1 | 486: 152 56 1
Set row: 153 lb: 0
487: 153 4 -1 | 488: 153 7 1 | 489: 153 56 1
Set row: 154 lb: 0
490: 154 4 1 | 491: 154 7 -1 | 492: 154 56 1
Edge found! S7:10 <-> S1:1	Weight: 356.65	Set col: 57
Set row: 155 ub: 0
493: 155 10 -1 | 494: 155 1 -1 | 495: 155 57 1
Set row: 156 ub: 2
496: 156 10 1 | 497: 156 1 1 | 498: 156 57 1
Set row: 157 lb: 0
499: 157 10 -1 | 500: 157 1 1 | 501: 157 57 1
Set row: 158 lb: 0
502: 158 10 1 | 503: 158 1 -1 | 504: 158 57 1
Edge found! S7:10 <-> S4:7	Weight: 356.65	Set col: 58
Set row: 159 ub: 0
505: 159 10 -1 | 506: 159 7 -1 | 507: 159 58 1
Set row: 160 ub: 2
508: 160 10 1 | 509: 160 7 1 | 510: 160 58 1
Set row: 161 lb: 0
511: 161 10 -1 | 512: 161 7 1 | 513: 161 58 1
Set row: 162 lb: 0
514: 162 10 1 | 515: 162 7 -1 | 516: 162 58 1
Edge found! S8:11 <-> S0:5	Weight: 3.17031	Set col: 59
Set row: 163 ub: 0
517: 163 11 -1 | 518: 163 5 -1 | 519: 163 59 1
Set row: 164 ub: 2
520: 164 11 1 | 521: 164 5 1 | 522: 164 59 1
Set row: 165 lb: 0
523: 165 11 -1 | 524: 165 5 1 | 525: 165 59 1
Set row: 166 lb: 0
526: 166 11 1 | 527: 166 5 -1 | 528: 166 59 1
Edge found! S8:11 <-> S1:1	Weight: 12.6813	Set col: 60
Set row: 167 ub: 0
529: 167 11 -1 | 530: 167 1 -1 | 531: 167 60 1
Set row: 168 ub: 2
532: 168 11 1 | 533: 168 1 1 | 534: 168 60 1
Set row: 169 lb: 0
535: 169 11 -1 | 536: 169 1 1 | 537: 169 60 1
Set row: 170 lb: 0
538: 170 11 1 | 539: 170 1 -1 | 540: 170 60 1
Edge found! S8:11 <-> S12:6	Weight: 3.17031	Set col: 61
Set row: 171 ub: 0
541: 171 11 -1 | 542: 171 6 -1 | 543: 171 61 1
Set row: 172 ub: 2
544: 172 11 1 | 545: 172 6 1 | 546: 172 61 1
Set row: 173 lb: 0
547: 173 11 -1 | 548: 173 6 1 | 549: 173 61 1
Set row: 174 lb: 0
550: 174 11 1 | 551: 174 6 -1 | 552: 174 61 1
Edge found! S8:11 <-> S4:7	Weight: 12.6813	Set col: 62
Set row: 175 ub: 0
553: 175 11 -1 | 554: 175 7 -1 | 555: 175 62 1
Set row: 176 ub: 2
556: 176 11 1 | 557: 176 7 1 | 558: 176 62 1
Set row: 177 lb: 0
559: 177 11 -1 | 560: 177 7 1 | 561: 177 62 1
Set row: 178 lb: 0
562: 178 11 1 | 563: 178 7 -1 | 564: 178 62 1
Edge found! S8:11 <-> S5:8	Weight: 31.7031	Set col: 63
Set row: 179 ub: 0
565: 179 11 -1 | 566: 179 8 -1 | 567: 179 63 1
Set row: 180 ub: 2
568: 180 11 1 | 569: 180 8 1 | 570: 180 63 1
Set row: 181 lb: 0
571: 181 11 -1 | 572: 181 8 1 | 573: 181 63 1
Set row: 182 lb: 0
574: 182 11 1 | 575: 182 8 -1 | 576: 182 63 1
Edge found! S9:12 <-> S1:1	Weight: 12.6813	Set col: 64
Set row: 183 ub: 0
577: 183 12 -1 | 578: 183 1 -1 | 579: 183 64 1
Set row: 184 ub: 2
580: 184 12 1 | 581: 184 1 1 | 582: 184 64 1
Set row: 185 lb: 0
583: 185 12 -1 | 584: 185 1 1 | 585: 185 64 1
Set row: 186 lb: 0
586: 186 12 1 | 587: 186 1 -1 | 588: 186 64 1
Edge found! S9:12 <-> S13:9	Weight: 6.34063	Set col: 65
Set row: 187 ub: 0
589: 187 12 -1 | 590: 187 9 -1 | 591: 187 65 1
Set row: 188 ub: 2
592: 188 12 1 | 593: 188 9 1 | 594: 188 65 1
Set row: 189 lb: 0
595: 189 12 -1 | 596: 189 9 1 | 597: 189 65 1
Set row: 190 lb: 0
598: 190 12 1 | 599: 190 9 -1 | 600: 190 65 1
Edge found! S9:12 <-> S4:7	Weight: 12.6813	Set col: 66
Set row: 191 ub: 0
601: 191 12 -1 | 602: 191 7 -1 | 603: 191 66 1
Set row: 192 ub: 2
604: 192 12 1 | 605: 192 7 1 | 606: 192 66 1
Set row: 193 lb: 0
607: 193 12 -1 | 608: 193 7 1 | 609: 193 66 1
Set row: 194 lb: 0
610: 194 12 1 | 611: 194 7 -1 | 612: 194 66 1
Edge found! S9:12 <-> S5:8	Weight: 31.7031	Set col: 67
Set row: 195 ub: 0
613: 195 12 -1 | 614: 195 8 -1 | 615: 195 67 1
Set row: 196 ub: 2
616: 196 12 1 | 617: 196 8 1 | 618: 196 67 1
Set row: 197 lb: 0
619: 197 12 -1 | 620: 197 8 1 | 621: 197 67 1
Set row: 198 lb: 0
622: 198 12 1 | 623: 198 8 -1 | 624: 198 67 1
GLPK Integer Optimizer 5.0
199 rows, 67 columns, 642 non-zeros
67 integer variables, all of which are binary
Preprocessing...
98 hidden covering inequaliti(es) were detected
199 rows, 67 columns, 642 non-zeros
67 integer variables, all of which are binary
Scaling...
 A: min|aij| =  1.000e+00  max|aij| =  2.000e+00  ratio =  2.000e+00
Problem data seem to be well scaled
Constructing initial basis...
Size of triangular part is 199
Solving LP relaxation...
GLPK Simplex Optimizer 5.0
199 rows, 67 columns, 642 non-zeros
      0: obj =   0.000000000e+00 inf =   3.000e+00 (2)
     19: obj =   0.000000000e+00 inf =   0.000e+00 (0)
OPTIMAL LP SOLUTION FOUND
Integer optimization begins...
Long-step dual simplex will be used
+    19: mip =     not found yet >=              -inf        (1; 0)
+    40: >>>>>   4.150227334e-01 >=   0.000000000e+00 100.0% (2; 0)
+    40: mip =   4.150227334e-01 >=     tree is empty   0.0% (0; 3)
INTEGER OPTIMAL SOLUTION FOUND
-----
Objective Function Value: 0.415023
S0	5	0
S1	1	0
S10	13	0
S11	14	0
S12	6	0
S13	9	0
S14	15	0
S15	16	0
S16	17	1
S17	18	1
S2	3	0
S3	2	0
S4	7	0
S5	8	0
S6	4	0
S7	10	0
S8	11	0
S9	12	0
Number of 0 assigned: 16 | Number of 1 assigned: 2
XOR Constraint 19: 0
XOR Constraint 20: 0
XOR Constraint 21: 0
XOR Constraint 22: 0
XOR Constraint 23: 0
XOR Constraint 24: 0
XOR Constraint 25: 0
XOR Constraint 26: 0
XOR Constraint 27: 0
XOR Constraint 28: 0
XOR Constraint 29: 0
XOR Constraint 30: 0
XOR Constraint 31: 0
XOR Constraint 32: 0
XOR Constraint 33: 0
XOR Constraint 34: 1
XOR Constraint 35: 1
XOR Constraint 36: 1
XOR Constraint 37: 0
XOR Constraint 38: 0
XOR Constraint 39: 0
XOR Constraint 40: 0
XOR Constraint 41: 0
XOR Constraint 42: 0
XOR Constraint 43: 0
XOR Constraint 44: 0
XOR Constraint 45: 0
XOR Constraint 46: 0
XOR Constraint 47: 0
XOR Constraint 48: 1
XOR Constraint 49: 0
XOR Constraint 50: 0
XOR Constraint 51: 0
XOR Constraint 52: 0
XOR Constraint 53: 0
XOR Constraint 54: 0
XOR Constraint 55: 0
XOR Constraint 56: 0
XOR Constraint 57: 0
XOR Constraint 58: 0
XOR Constraint 59: 0
XOR Constraint 60: 0
XOR Constraint 61: 0
XOR Constraint 62: 0
XOR Constraint 63: 0
XOR Constraint 64: 0
XOR Constraint 65: 0
XOR Constraint 66: 0
XOR Constraint 67: 0
-----
Size of State Group: 2
 - 12 11 10 4 8 7 2 14 3 13 5 16 6 1 9 15
 - 18 17

   [   Round 2   ]   
Set col: S0 -> 5
Set col: S1 -> 1
Set col: S10 -> 13
Set col: S11 -> 14
Set col: S12 -> 6
Set col: S13 -> 9
Set col: S14 -> 15
Set col: S15 -> 16
Set col: S16 -> 17
Set col: S17 -> 18
Set col: S2 -> 3
Set col: S3 -> 2
Set col: S4 -> 7
Set col: S5 -> 8
Set col: S6 -> 4
Set col: S7 -> 10
Set col: S8 -> 11
Set col: S9 -> 12
Size of Group: 2
Group 1 | Size 16
Set row: 1 lb: 1 ub: 8
Set row: 2 lb: -15 ub: -8
1: 1 12 1
2: 2 12 -1
3: 1 11 1
4: 2 11 -1
5: 1 10 1
6: 2 10 -1
7: 1 4 1
8: 2 4 -1
9: 1 8 1
10: 2 8 -1
11: 1 7 1
12: 2 7 -1
13: 1 2 1
14: 2 2 -1
15: 1 14 1
16: 2 14 -1
17: 1 3 1
18: 2 3 -1
19: 1 13 1
20: 2 13 -1
21: 1 5 1
22: 2 5 -1
23: 1 16 1
24: 2 16 -1
25: 1 6 1
26: 2 6 -1
27: 1 1 1
28: 2 1 -1
29: 1 9 1
30: 2 9 -1
31: 1 15 1
32: 2 15 -1
Group 2 | Size 2
Set row: 3 lb: 1 ub: 8
Set row: 4 lb: -1 ub: 6
33: 3 18 1
34: 4 18 -1
35: 3 17 1
36: 4 17 -1
Edge found! S1:1 <-> S0:5	Weight: 4.61136	Set col: 19
Set row: 5 ub: 0
37: 5 1 -1 | 38: 5 5 -1 | 39: 5 19 1
Set row: 6 ub: 2
40: 6 1 1 | 41: 6 5 1 | 42: 6 19 1
Set row: 7 lb: 0
43: 7 1 -1 | 44: 7 5 1 | 45: 7 19 1
Set row: 8 lb: 0
46: 8 1 1 | 47: 8 5 -1 | 48: 8 19 1
Edge found! S10:13 <-> S0:5	Weight: 7.20526	Set col: 20
Set row: 9 ub: 0
49: 9 13 -1 | 50: 9 5 -1 | 51: 9 20 1
Set row: 10 ub: 2
52: 10 13 1 | 53: 10 5 1 | 54: 10 20 1
Set row: 11 lb: 0
55: 11 13 -1 | 56: 11 5 1 | 57: 11 20 1
Set row: 12 lb: 0
58: 12 13 1 | 59: 12 5 -1 | 60: 12 20 1
Edge found! S10:13 <-> S1:1	Weight: 28.821	Set col: 21
Set row: 13 ub: 0
61: 13 13 -1 | 62: 13 1 -1 | 63: 13 21 1
Set row: 14 ub: 2
64: 14 13 1 | 65: 14 1 1 | 66: 14 21 1
Set row: 15 lb: 0
67: 15 13 -1 | 68: 15 1 1 | 69: 15 21 1
Set row: 16 lb: 0
70: 16 13 1 | 71: 16 1 -1 | 72: 16 21 1
Edge found! S11:14 <-> S1:1	Weight: 34.5852	Set col: 22
Set row: 17 ub: 0
73: 17 14 -1 | 74: 17 1 -1 | 75: 17 22 1
Set row: 18 ub: 2
76: 18 14 1 | 77: 18 1 1 | 78: 18 22 1
Set row: 19 lb: 0
79: 19 14 -1 | 80: 19 1 1 | 81: 19 22 1
Set row: 20 lb: 0
82: 20 14 1 | 83: 20 1 -1 | 84: 20 22 1
Edge found! S11:14 <-> S10:13	Weight: 7.20526	Set col: 23
Set row: 21 ub: 0
85: 21 14 -1 | 86: 21 13 -1 | 87: 21 23 1
Set row: 22 ub: 2
88: 22 14 1 | 89: 22 13 1 | 90: 22 23 1
Set row: 23 lb: 0
91: 23 14 -1 | 92: 23 13 1 | 93: 23 23 1
Set row: 24 lb: 0
94: 24 14 1 | 95: 24 13 -1 | 96: 24 23 1
Edge found! S12:6 <-> S0:5	Weight: 1.15284	Set col: 24
Set row: 25 ub: 0
97: 25 6 -1 | 98: 25 5 -1 | 99: 25 24 1
Set row: 26 ub: 2
100: 26 6 1 | 101: 26 5 1 | 102: 26 24 1
Set row: 27 lb: 0
103: 27 6 -1 | 104: 27 5 1 | 105: 27 24 1
Set row: 28 lb: 0
106: 28 6 1 | 107: 28 5 -1 | 108: 28 24 1
Edge found! S12:6 <-> S1:1	Weight: 4.61136	Set col: 25
Set row: 29 ub: 0
109: 29 6 -1 | 110: 29 1 -1 | 111: 29 25 1
Set row: 30 ub: 2
112: 30 6 1 | 113: 30 1 1 | 114: 30 25 1
Set row: 31 lb: 0
115: 31 6 -1 | 116: 31 1 1 | 117: 31 25 1
Set row: 32 lb: 0
118: 32 6 1 | 119: 32 1 -1 | 120: 32 25 1
Edge found! S12:6 <-> S10:13	Weight: 7.20526	Set col: 26
Set row: 33 ub: 0
121: 33 6 -1 | 122: 33 13 -1 | 123: 33 26 1
Set row: 34 ub: 2
124: 34 6 1 | 125: 34 13 1 | 126: 34 26 1
Set row: 35 lb: 0
127: 35 6 -1 | 128: 35 13 1 | 129: 35 26 1
Set row: 36 lb: 0
130: 36 6 1 | 131: 36 13 -1 | 132: 36 26 1
Edge found! S13:9 <-> S1:1	Weight: 10.3756	Set col: 27
Set row: 37 ub: 0
133: 37 9 -1 | 134: 37 1 -1 | 135: 37 27 1
Set row: 38 ub: 2
136: 38 9 1 | 137: 38 1 1 | 138: 38 27 1
Set row: 39 lb: 0
139: 39 9 -1 | 140: 39 1 1 | 141: 39 27 1
Set row: 40 lb: 0
142: 40 9 1 | 143: 40 1 -1 | 144: 40 27 1
Edge found! S13:9 <-> S11:14	Weight: 17.2926	Set col: 28
Set row: 41 ub: 0
145: 41 9 -1 | 146: 41 14 -1 | 147: 41 28 1
Set row: 42 ub: 2
148: 42 9 1 | 149: 42 14 1 | 150: 42 28 1
Set row: 43 lb: 0
151: 43 9 -1 | 152: 43 14 1 | 153: 43 28 1
Set row: 44 lb: 0
154: 44 9 1 | 155: 44 14 -1 | 156: 44 28 1
Edge found! S13:9 <-> S12:6	Weight: 2.30568	Set col: 29
Set row: 45 ub: 0
157: 45 9 -1 | 158: 45 6 -1 | 159: 45 29 1
Set row: 46 ub: 2
160: 46 9 1 | 161: 46 6 1 | 162: 46 29 1
Set row: 47 lb: 0
163: 47 9 -1 | 164: 47 6 1 | 165: 47 29 1
Set row: 48 lb: 0
166: 48 9 1 | 167: 48 6 -1 | 168: 48 29 1
Edge found! S14:15 <-> S1:1	Weight: 2.07511	Set col: 30
Set row: 49 ub: 0
169: 49 15 -1 | 170: 49 1 -1 | 171: 49 30 1
Set row: 50 ub: 2
172: 50 15 1 | 173: 50 1 1 | 174: 50 30 1
Set row: 51 lb: 0
175: 51 15 -1 | 176: 51 1 1 | 177: 51 30 1
Set row: 52 lb: 0
178: 52 15 1 | 179: 52 1 -1 | 180: 52 30 1
Edge found! S14:15 <-> S13:9	Weight: 5.18778	Set col: 31
Set row: 53 ub: 0
181: 53 15 -1 | 182: 53 9 -1 | 183: 53 31 1
Set row: 54 ub: 2
184: 54 15 1 | 185: 54 9 1 | 186: 54 31 1
Set row: 55 lb: 0
187: 55 15 -1 | 188: 55 9 1 | 189: 55 31 1
Set row: 56 lb: 0
190: 56 15 1 | 191: 56 9 -1 | 192: 56 31 1
Edge found! S15:16 <-> S1:1	Weight: 0.415023	Set col: 32
Set row: 57 ub: 0
193: 57 16 -1 | 194: 57 1 -1 | 195: 57 32 1
Set row: 58 ub: 2
196: 58 16 1 | 197: 58 1 1 | 198: 58 32 1
Set row: 59 lb: 0
199: 59 16 -1 | 200: 59 1 1 | 201: 59 32 1
Set row: 60 lb: 0
202: 60 16 1 | 203: 60 1 -1 | 204: 60 32 1
Edge found! S15:16 <-> S14:15	Weight: 1.03756	Set col: 33
Set row: 61 ub: 0
205: 61 16 -1 | 206: 61 15 -1 | 207: 61 33 1
Set row: 62 ub: 2
208: 62 16 1 | 209: 62 15 1 | 210: 62 33 1
Set row: 63 lb: 0
211: 63 16 -1 | 212: 63 15 1 | 213: 63 33 1
Set row: 64 lb: 0
214: 64 16 1 | 215: 64 15 -1 | 216: 64 33 1
Edge found! S16:17 <-> S1:1	Weight: 0.166009	Set col: 34
Set row: 65 ub: 0
217: 65 17 -1 | 218: 65 1 -1 | 219: 65 34 1
Set row: 66 ub: 2
220: 66 17 1 | 221: 66 1 1 | 222: 66 34 1
Set row: 67 lb: 0
223: 67 17 -1 | 224: 67 1 1 | 225: 67 34 1
Set row: 68 lb: 0
226: 68 17 1 | 227: 68 1 -1 | 228: 68 34 1
Edge found! S16:17 <-> S15:16	Weight: 0.415023	Set col: 35
Set row: 69 ub: 0
229: 69 17 -1 | 230: 69 16 -1 | 231: 69 35 1
Set row: 70 ub: 2
232: 70 17 1 | 233: 70 16 1 | 234: 70 35 1
Set row: 71 lb: 0
235: 71 17 -1 | 236: 71 16 1 | 237: 71 35 1
Set row: 72 lb: 0
238: 72 17 1 | 239: 72 16 -1 | 240: 72 35 1
Edge found! S17:18 <-> S1:1	Weight: 0.0830045	Set col: 36
Set row: 73 ub: 0
241: 73 18 -1 | 242: 73 1 -1 | 243: 73 36 1
Set row: 74 ub: 2
244: 74 18 1 | 245: 74 1 1 | 246: 74 36 1
Set row: 75 lb: 0
247: 75 18 -1 | 248: 75 1 1 | 249: 75 36 1
Set row: 76 lb: 0
250: 76 18 1 | 251: 76 1 -1 | 252: 76 36 1
Edge found! S17:18 <-> S16:17	Weight: 0.0415023	Set col: 37
Set row: 77 ub: 0
253: 77 18 -1 | 254: 77 17 -1 | 255: 77 37 1
Set row: 78 ub: 2
256: 78 18 1 | 257: 78 17 1 | 258: 78 37 1
Set row: 79 lb: 0
259: 79 18 -1 | 260: 79 17 1 | 261: 79 37 1
Set row: 80 lb: 0
262: 80 18 1 | 263: 80 17 -1 | 264: 80 37 1
Edge found! S2:3 <-> S1:1	Weight: 634.063	Set col: 38
Set row: 81 ub: 0
265: 81 3 -1 | 266: 81 1 -1 | 267: 81 38 1
Set row: 82 ub: 2
268: 82 3 1 | 269: 82 1 1 | 270: 82 38 1
Set row: 83 lb: 0
271: 83 3 -1 | 272: 83 1 1 | 273: 83 38 1
Set row: 84 lb: 0
274: 84 3 1 | 275: 84 1 -1 | 276: 84 38 1
Edge found! S3:2 <-> S1:1	Weight: 317.031	Set col: 39
Set row: 85 ub: 0
277: 85 2 -1 | 278: 85 1 -1 | 279: 85 39 1
Set row: 86 ub: 2
280: 86 2 1 | 281: 86 1 1 | 282: 86 39 1
Set row: 87 lb: 0
283: 87 2 -1 | 284: 87 1 1 | 285: 87 39 1
Set row: 88 lb: 0
286: 88 2 1 | 287: 88 1 -1 | 288: 88 39 1
Edge found! S4:7 <-> S0:5	Weight: 4.61136	Set col: 40
Set row: 89 ub: 0
289: 89 7 -1 | 290: 89 5 -1 | 291: 89 40 1
Set row: 90 ub: 2
292: 90 7 1 | 293: 90 5 1 | 294: 90 40 1
Set row: 91 lb: 0
295: 91 7 -1 | 296: 91 5 1 | 297: 91 40 1
Set row: 92 lb: 0
298: 92 7 1 | 299: 92 5 -1 | 300: 92 40 1
Edge found! S4:7 <-> S1:1	Weight: 356.65	Set col: 41
Set row: 93 ub: 0
301: 93 7 -1 | 302: 93 1 -1 | 303: 93 41 1
Set row: 94 ub: 2
304: 94 7 1 | 305: 94 1 1 | 306: 94 41 1
Set row: 95 lb: 0
307: 95 7 -1 | 308: 95 1 1 | 309: 95 41 1
Set row: 96 lb: 0
310: 96 7 1 | 311: 96 1 -1 | 312: 96 41 1
Edge found! S4:7 <-> S10:13	Weight: 28.821	Set col: 42
Set row: 97 ub: 0
313: 97 7 -1 | 314: 97 13 -1 | 315: 97 42 1
Set row: 98 ub: 2
316: 98 7 1 | 317: 98 13 1 | 318: 98 42 1
Set row: 99 lb: 0
319: 99 7 -1 | 320: 99 13 1 | 321: 99 42 1
Set row: 100 lb: 0
322: 100 7 1 | 323: 100 13 -1 | 324: 100 42 1
Edge found! S4:7 <-> S11:14	Weight: 34.5852	Set col: 43
Set row: 101 ub: 0
325: 101 7 -1 | 326: 101 14 -1 | 327: 101 43 1
Set row: 102 ub: 2
328: 102 7 1 | 329: 102 14 1 | 330: 102 43 1
Set row: 103 lb: 0
331: 103 7 -1 | 332: 103 14 1 | 333: 103 43 1
Set row: 104 lb: 0
334: 104 7 1 | 335: 104 14 -1 | 336: 104 43 1
Edge found! S4:7 <-> S12:6	Weight: 4.61136	Set col: 44
Set row: 105 ub: 0
337: 105 7 -1 | 338: 105 6 -1 | 339: 105 44 1
Set row: 106 ub: 2
340: 106 7 1 | 341: 106 6 1 | 342: 106 44 1
Set row: 107 lb: 0
343: 107 7 -1 | 344: 107 6 1 | 345: 107 44 1
Set row: 108 lb: 0
346: 108 7 1 | 347: 108 6 -1 | 348: 108 44 1
Edge found! S4:7 <-> S13:9	Weight: 10.3756	Set col: 45
Set row: 109 ub: 0
349: 109 7 -1 | 350: 109 9 -1 | 351: 109 45 1
Set row: 110 ub: 2
352: 110 7 1 | 353: 110 9 1 | 354: 110 45 1
Set row: 111 lb: 0
355: 111 7 -1 | 356: 111 9 1 | 357: 111 45 1
Set row: 112 lb: 0
358: 112 7 1 | 359: 112 9 -1 | 360: 112 45 1
Edge found! S4:7 <-> S14:15	Weight: 2.07511	Set col: 46
Set row: 113 ub: 0
361: 113 7 -1 | 362: 113 15 -1 | 363: 113 46 1
Set row: 114 ub: 2
364: 114 7 1 | 365: 114 15 1 | 366: 114 46 1
Set row: 115 lb: 0
367: 115 7 -1 | 368: 115 15 1 | 369: 115 46 1
Set row: 116 lb: 0
370: 116 7 1 | 371: 116 15 -1 | 372: 116 46 1
Edge found! S4:7 <-> S15:16	Weight: 0.415023	Set col: 47
Set row: 117 ub: 0
373: 117 7 -1 | 374: 117 16 -1 | 375: 117 47 1
Set row: 118 ub: 2
376: 118 7 1 | 377: 118 16 1 | 378: 118 47 1
Set row: 119 lb: 0
379: 119 7 -1 | 380: 119 16 1 | 381: 119 47 1
Set row: 120 lb: 0
382: 120 7 1 | 383: 120 16 -1 | 384: 120 47 1
Edge found! S4:7 <-> S16:17	Weight: 0.166009	Set col: 48
Set row: 121 ub: 0
385: 121 7 -1 | 386: 121 17 -1 | 387: 121 48 1
Set row: 122 ub: 2
388: 122 7 1 | 389: 122 17 1 | 390: 122 48 1
Set row: 123 lb: 0
391: 123 7 -1 | 392: 123 17 1 | 393: 123 48 1
Set row: 124 lb: 0
394: 124 7 1 | 395: 124 17 -1 | 396: 124 48 1
Edge found! S4:7 <-> S2:3	Weight: 317.031	Set col: 49
Set row: 125 ub: 0
397: 125 7 -1 | 398: 125 3 -1 | 399: 125 49 1
Set row: 126 ub: 2
400: 126 7 1 | 401: 126 3 1 | 402: 126 49 1
Set row: 127 lb: 0
403: 127 7 -1 | 404: 127 3 1 | 405: 127 49 1
Set row: 128 lb: 0
406: 128 7 1 | 407: 128 3 -1 | 408: 128 49 1
Edge found! S5:8 <-> S1:1	Weight: 126.813	Set col: 50
Set row: 129 ub: 0
409: 129 8 -1 | 410: 129 1 -1 | 411: 129 50 1
Set row: 130 ub: 2
412: 130 8 1 | 413: 130 1 1 | 414: 130 50 1
Set row: 131 lb: 0
415: 131 8 -1 | 416: 131 1 1 | 417: 131 50 1
Set row: 132 lb: 0
418: 132 8 1 | 419: 132 1 -1 | 420: 132 50 1
Edge found! S5:8 <-> S2:3	Weight: 317.031	Set col: 51
Set row: 133 ub: 0
421: 133 8 -1 | 422: 133 3 -1 | 423: 133 51 1
Set row: 134 ub: 2
424: 134 8 1 | 425: 134 3 1 | 426: 134 51 1
Set row: 135 lb: 0
427: 135 8 -1 | 428: 135 3 1 | 429: 135 51 1
Set row: 136 lb: 0
430: 136 8 1 | 431: 136 3 -1 | 432: 136 51 1
Edge found! S5:8 <-> S4:7	Weight: 126.813	Set col: 52
Set row: 137 ub: 0
433: 137 8 -1 | 434: 137 7 -1 | 435: 137 52 1
Set row: 138 ub: 2
436: 138 8 1 | 437: 138 7 1 | 438: 138 52 1
Set row: 139 lb: 0
439: 139 8 -1 | 440: 139 7 1 | 441: 139 52 1
Set row: 140 lb: 0
442: 140 8 1 | 443: 140 7 -1 | 444: 140 52 1
Edge found! S6:4 <-> S10:13	Weight: 79.2578	Set col: 53
Set row: 141 ub: 0
445: 141 4 -1 | 446: 141 13 -1 | 447: 141 53 1
Set row: 142 ub: 2
448: 142 4 1 | 449: 142 13 1 | 450: 142 53 1
Set row: 143 lb: 0
451: 143 4 -1 | 452: 143 13 1 | 453: 143 53 1
Set row: 144 lb: 0
454: 144 4 1 | 455: 144 13 -1 | 456: 144 53 1
Edge found! S6:4 <-> S11:14	Weight: 79.2578	Set col: 54
Set row: 145 ub: 0
457: 145 4 -1 | 458: 145 14 -1 | 459: 145 54 1
Set row: 146 ub: 2
460: 146 4 1 | 461: 146 14 1 | 462: 146 54 1
Set row: 147 lb: 0
463: 147 4 -1 | 464: 147 14 1 | 465: 147 54 1
Set row: 148 lb: 0
466: 148 4 1 | 467: 148 14 -1 | 468: 148 54 1
Edge found! S6:4 <-> S3:2	Weight: 317.031	Set col: 55
Set row: 149 ub: 0
469: 149 4 -1 | 470: 149 2 -1 | 471: 149 55 1
Set row: 150 ub: 2
472: 150 4 1 | 473: 150 2 1 | 474: 150 55 1
Set row: 151 lb: 0
475: 151 4 -1 | 476: 151 2 1 | 477: 151 55 1
Set row: 152 lb: 0
478: 152 4 1 | 479: 152 2 -1 | 480: 152 55 1
Edge found! S6:4 <-> S4:7	Weight: 158.516	Set col: 56
Set row: 153 ub: 0
481: 153 4 -1 | 482: 153 7 -1 | 483: 153 56 1
Set row: 154 ub: 2
484: 154 4 1 | 485: 154 7 1 | 486: 154 56 1
Set row: 155 lb: 0
487: 155 4 -1 | 488: 155 7 1 | 489: 155 56 1
Set row: 156 lb: 0
490: 156 4 1 | 491: 156 7 -1 | 492: 156 56 1
Edge found! S7:10 <-> S1:1	Weight: 356.65	Set col: 57
Set row: 157 ub: 0
493: 157 10 -1 | 494: 157 1 -1 | 495: 157 57 1
Set row: 158 ub: 2
496: 158 10 1 | 497: 158 1 1 | 498: 158 57 1
Set row: 159 lb: 0
499: 159 10 -1 | 500: 159 1 1 | 501: 159 57 1
Set row: 160 lb: 0
502: 160 10 1 | 503: 160 1 -1 | 504: 160 57 1
Edge found! S7:10 <-> S4:7	Weight: 356.65	Set col: 58
Set row: 161 ub: 0
505: 161 10 -1 | 506: 161 7 -1 | 507: 161 58 1
Set row: 162 ub: 2
508: 162 10 1 | 509: 162 7 1 | 510: 162 58 1
Set row: 163 lb: 0
511: 163 10 -1 | 512: 163 7 1 | 513: 163 58 1
Set row: 164 lb: 0
514: 164 10 1 | 515: 164 7 -1 | 516: 164 58 1
Edge found! S8:11 <-> S0:5	Weight: 3.17031	Set col: 59
Set row: 165 ub: 0
517: 165 11 -1 | 518: 165 5 -1 | 519: 165 59 1
Set row: 166 ub: 2
520: 166 11 1 | 521: 166 5 1 | 522: 166 59 1
Set row: 167 lb: 0
523: 167 11 -1 | 524: 167 5 1 | 525: 167 59 1
Set row: 168 lb: 0
526: 168 11 1 | 527: 168 5 -1 | 528: 168 59 1
Edge found! S8:11 <-> S1:1	Weight: 12.6813	Set col: 60
Set row: 169 ub: 0
529: 169 11 -1 | 530: 169 1 -1 | 531: 169 60 1
Set row: 170 ub: 2
532: 170 11 1 | 533: 170 1 1 | 534: 170 60 1
Set row: 171 lb: 0
535: 171 11 -1 | 536: 171 1 1 | 537: 171 60 1
Set row: 172 lb: 0
538: 172 11 1 | 539: 172 1 -1 | 540: 172 60 1
Edge found! S8:11 <-> S12:6	Weight: 3.17031	Set col: 61
Set row: 173 ub: 0
541: 173 11 -1 | 542: 173 6 -1 | 543: 173 61 1
Set row: 174 ub: 2
544: 174 11 1 | 545: 174 6 1 | 546: 174 61 1
Set row: 175 lb: 0
547: 175 11 -1 | 548: 175 6 1 | 549: 175 61 1
Set row: 176 lb: 0
550: 176 11 1 | 551: 176 6 -1 | 552: 176 61 1
Edge found! S8:11 <-> S4:7	Weight: 12.6813	Set col: 62
Set row: 177 ub: 0
553: 177 11 -1 | 554: 177 7 -1 | 555: 177 62 1
Set row: 178 ub: 2
556: 178 11 1 | 557: 178 7 1 | 558: 178 62 1
Set row: 179 lb: 0
559: 179 11 -1 | 560: 179 7 1 | 561: 179 62 1
Set row: 180 lb: 0
562: 180 11 1 | 563: 180 7 -1 | 564: 180 62 1
Edge found! S8:11 <-> S5:8	Weight: 31.7031	Set col: 63
Set row: 181 ub: 0
565: 181 11 -1 | 566: 181 8 -1 | 567: 181 63 1
Set row: 182 ub: 2
568: 182 11 1 | 569: 182 8 1 | 570: 182 63 1
Set row: 183 lb: 0
571: 183 11 -1 | 572: 183 8 1 | 573: 183 63 1
Set row: 184 lb: 0
574: 184 11 1 | 575: 184 8 -1 | 576: 184 63 1
Edge found! S9:12 <-> S1:1	Weight: 12.6813	Set col: 64
Set row: 185 ub: 0
577: 185 12 -1 | 578: 185 1 -1 | 579: 185 64 1
Set row: 186 ub: 2
580: 186 12 1 | 581: 186 1 1 | 582: 186 64 1
Set row: 187 lb: 0
583: 187 12 -1 | 584: 187 1 1 | 585: 187 64 1
Set row: 188 lb: 0
586: 188 12 1 | 587: 188 1 -1 | 588: 188 64 1
Edge found! S9:12 <-> S13:9	Weight: 6.34063	Set col: 65
Set row: 189 ub: 0
589: 189 12 -1 | 590: 189 9 -1 | 591: 189 65 1
Set row: 190 ub: 2
592: 190 12 1 | 593: 190 9 1 | 594: 190 65 1
Set row: 191 lb: 0
595: 191 12 -1 | 596: 191 9 1 | 597: 191 65 1
Set row: 192 lb: 0
598: 192 12 1 | 599: 192 9 -1 | 600: 192 65 1
Edge found! S9:12 <-> S4:7	Weight: 12.6813	Set col: 66
Set row: 193 ub: 0
601: 193 12 -1 | 602: 193 7 -1 | 603: 193 66 1
Set row: 194 ub: 2
604: 194 12 1 | 605: 194 7 1 | 606: 194 66 1
Set row: 195 lb: 0
607: 195 12 -1 | 608: 195 7 1 | 609: 195 66 1
Set row: 196 lb: 0
610: 196 12 1 | 611: 196 7 -1 | 612: 196 66 1
Edge found! S9:12 <-> S5:8	Weight: 31.7031	Set col: 67
Set row: 197 ub: 0
613: 197 12 -1 | 614: 197 8 -1 | 615: 197 67 1
Set row: 198 ub: 2
616: 198 12 1 | 617: 198 8 1 | 618: 198 67 1
Set row: 199 lb: 0
619: 199 12 -1 | 620: 199 8 1 | 621: 199 67 1
Set row: 200 lb: 0
622: 200 12 1 | 623: 200 8 -1 | 624: 200 67 1
GLPK Integer Optimizer 5.0
201 rows, 67 columns, 642 non-zeros
67 integer variables, all of which are binary
Preprocessing...
2 hidden packing inequaliti(es) were detected
98 hidden covering inequaliti(es) were detected
201 rows, 67 columns, 642 non-zeros
67 integer variables, all of which are binary
Scaling...
 A: min|aij| =  1.000e+00  max|aij| =  2.000e+00  ratio =  2.000e+00
Problem data seem to be well scaled
Constructing initial basis...
Size of triangular part is 201
Solving LP relaxation...
GLPK Simplex Optimizer 5.0
201 rows, 67 columns, 642 non-zeros
      0: obj =   0.000000000e+00 inf =   1.000e+01 (3)
     19: obj =   0.000000000e+00 inf =   0.000e+00 (0)
OPTIMAL LP SOLUTION FOUND
Integer optimization begins...
Long-step dual simplex will be used
+    19: mip =     not found yet >=              -inf        (1; 0)
+    87: >>>>>   3.200793661e+02 >=   3.320181867e+00  99.0% (3; 0)
+   127: mip =   3.200793661e+02 >=     tree is empty   0.0% (0; 5)
INTEGER OPTIMAL SOLUTION FOUND
-----
Objective Function Value: 320.079
S0	5	1
S1	1	0
S10	13	1
S11	14	0
S12	6	1
S13	9	1
S14	15	1
S15	16	1
S16	17	1
S17	18	0
S2	3	0
S3	2	0
S4	7	0
S5	8	0
S6	4	0
S7	10	0
S8	11	1
S9	12	1
Number of 0 assigned: 9 | Number of 1 assigned: 9
XOR Constraint 19: 1
XOR Constraint 20: 0
XOR Constraint 21: 1
XOR Constraint 22: 0
XOR Constraint 23: 1
XOR Constraint 24: 0
XOR Constraint 25: 1
XOR Constraint 26: 0
XOR Constraint 27: 1
XOR Constraint 28: 1
XOR Constraint 29: 0
XOR Constraint 30: 1
XOR Constraint 31: 0
XOR Constraint 32: 1
XOR Constraint 33: 0
XOR Constraint 34: 1
XOR Constraint 35: 0
XOR Constraint 36: 0
XOR Constraint 37: 1
XOR Constraint 38: 0
XOR Constraint 39: 0
XOR Constraint 40: 1
XOR Constraint 41: 0
XOR Constraint 42: 1
XOR Constraint 43: 0
XOR Constraint 44: 1
XOR Constraint 45: 1
XOR Constraint 46: 1
XOR Constraint 47: 1
XOR Constraint 48: 1
XOR Constraint 49: 0
XOR Constraint 50: 0
XOR Constraint 51: 0
XOR Constraint 52: 0
XOR Constraint 53: 1
XOR Constraint 54: 0
XOR Constraint 55: 0
XOR Constraint 56: 0
XOR Constraint 57: 0
XOR Constraint 58: 0
XOR Constraint 59: 0
XOR Constraint 60: 1
XOR Constraint 61: 0
XOR Constraint 62: 1
XOR Constraint 63: 1
XOR Constraint 64: 1
XOR Constraint 65: 0
XOR Constraint 66: 1
XOR Constraint 67: 1
-----
Size of State Group: 4
 - 10 4 8 7 2 14 3 1
 - 18
 - 15 9 6 16 5 13 11 12
 - 17

   [   Round 3   ]   
Set col: S0 -> 5
Set col: S1 -> 1
Set col: S10 -> 13
Set col: S11 -> 14
Set col: S12 -> 6
Set col: S13 -> 9
Set col: S14 -> 15
Set col: S15 -> 16
Set col: S16 -> 17
Set col: S17 -> 18
Set col: S2 -> 3
Set col: S3 -> 2
Set col: S4 -> 7
Set col: S5 -> 8
Set col: S6 -> 4
Set col: S7 -> 10
Set col: S8 -> 11
Set col: S9 -> 12
Size of Group: 4
Group 1 | Size 8
Set row: 1 lb: 1 ub: 4
Set row: 2 lb: -7 ub: -4
1: 1 10 1
2: 2 10 -1
3: 1 4 1
4: 2 4 -1
5: 1 8 1
6: 2 8 -1
7: 1 7 1
8: 2 7 -1
9: 1 2 1
10: 2 2 -1
11: 1 14 1
12: 2 14 -1
13: 1 3 1
14: 2 3 -1
15: 1 1 1
16: 2 1 -1
Group 2 | Size 1
Group 3 | Size 8
Set row: 3 lb: 1 ub: 4
Set row: 4 lb: -7 ub: -4
17: 3 15 1
18: 4 15 -1
19: 3 9 1
20: 4 9 -1
21: 3 6 1
22: 4 6 -1
23: 3 16 1
24: 4 16 -1
25: 3 5 1
26: 4 5 -1
27: 3 13 1
28: 4 13 -1
29: 3 11 1
30: 4 11 -1
31: 3 12 1
32: 4 12 -1
Group 4 | Size 1
Edge found! S1:1 <-> S0:5	Weight: 9.22273	Set col: 19
Set row: 5 ub: 0
33: 5 1 -1 | 34: 5 5 -1 | 35: 5 19 1
Set row: 6 ub: 2
36: 6 1 1 | 37: 6 5 1 | 38: 6 19 1
Set row: 7 lb: 0
39: 7 1 -1 | 40: 7 5 1 | 41: 7 19 1
Set row: 8 lb: 0
42: 8 1 1 | 43: 8 5 -1 | 44: 8 19 1
Edge found! S10:13 <-> S0:5	Weight: 7.20526	Set col: 20
Set row: 9 ub: 0
45: 9 13 -1 | 46: 9 5 -1 | 47: 9 20 1
Set row: 10 ub: 2
48: 10 13 1 | 49: 10 5 1 | 50: 10 20 1
Set row: 11 lb: 0
51: 11 13 -1 | 52: 11 5 1 | 53: 11 20 1
Set row: 12 lb: 0
54: 12 13 1 | 55: 12 5 -1 | 56: 12 20 1
Edge found! S10:13 <-> S1:1	Weight: 57.642	Set col: 21
Set row: 13 ub: 0
57: 13 13 -1 | 58: 13 1 -1 | 59: 13 21 1
Set row: 14 ub: 2
60: 14 13 1 | 61: 14 1 1 | 62: 14 21 1
Set row: 15 lb: 0
63: 15 13 -1 | 64: 15 1 1 | 65: 15 21 1
Set row: 16 lb: 0
66: 16 13 1 | 67: 16 1 -1 | 68: 16 21 1
Edge found! S11:14 <-> S1:1	Weight: 34.5852	Set col: 22
Set row: 17 ub: 0
69: 17 14 -1 | 70: 17 1 -1 | 71: 17 22 1
Set row: 18 ub: 2
72: 18 14 1 | 73: 18 1 1 | 74: 18 22 1
Set row: 19 lb: 0
75: 19 14 -1 | 76: 19 1 1 | 77: 19 22 1
Set row: 20 lb: 0
78: 20 14 1 | 79: 20 1 -1 | 80: 20 22 1
Edge found! S11:14 <-> S10:13	Weight: 14.4105	Set col: 23
Set row: 21 ub: 0
81: 21 14 -1 | 82: 21 13 -1 | 83: 21 23 1
Set row: 22 ub: 2
84: 22 14 1 | 85: 22 13 1 | 86: 22 23 1
Set row: 23 lb: 0
87: 23 14 -1 | 88: 23 13 1 | 89: 23 23 1
Set row: 24 lb: 0
90: 24 14 1 | 91: 24 13 -1 | 92: 24 23 1
Edge found! S12:6 <-> S0:5	Weight: 1.15284	Set col: 24
Set row: 25 ub: 0
93: 25 6 -1 | 94: 25 5 -1 | 95: 25 24 1
Set row: 26 ub: 2
96: 26 6 1 | 97: 26 5 1 | 98: 26 24 1
Set row: 27 lb: 0
99: 27 6 -1 | 100: 27 5 1 | 101: 27 24 1
Set row: 28 lb: 0
102: 28 6 1 | 103: 28 5 -1 | 104: 28 24 1
Edge found! S12:6 <-> S1:1	Weight: 9.22273	Set col: 25
Set row: 29 ub: 0
105: 29 6 -1 | 106: 29 1 -1 | 107: 29 25 1
Set row: 30 ub: 2
108: 30 6 1 | 109: 30 1 1 | 110: 30 25 1
Set row: 31 lb: 0
111: 31 6 -1 | 112: 31 1 1 | 113: 31 25 1
Set row: 32 lb: 0
114: 32 6 1 | 115: 32 1 -1 | 116: 32 25 1
Edge found! S12:6 <-> S10:13	Weight: 7.20526	Set col: 26
Set row: 33 ub: 0
117: 33 6 -1 | 118: 33 13 -1 | 119: 33 26 1
Set row: 34 ub: 2
120: 34 6 1 | 121: 34 13 1 | 122: 34 26 1
Set row: 35 lb: 0
123: 35 6 -1 | 124: 35 13 1 | 125: 35 26 1
Set row: 36 lb: 0
126: 36 6 1 | 127: 36 13 -1 | 128: 36 26 1
Edge found! S13:9 <-> S1:1	Weight: 20.7511	Set col: 27
Set row: 37 ub: 0
129: 37 9 -1 | 130: 37 1 -1 | 131: 37 27 1
Set row: 38 ub: 2
132: 38 9 1 | 133: 38 1 1 | 134: 38 27 1
Set row: 39 lb: 0
135: 39 9 -1 | 136: 39 1 1 | 137: 39 27 1
Set row: 40 lb: 0
138: 40 9 1 | 139: 40 1 -1 | 140: 40 27 1
Edge found! S13:9 <-> S11:14	Weight: 34.5852	Set col: 28
Set row: 41 ub: 0
141: 41 9 -1 | 142: 41 14 -1 | 143: 41 28 1
Set row: 42 ub: 2
144: 42 9 1 | 145: 42 14 1 | 146: 42 28 1
Set row: 43 lb: 0
147: 43 9 -1 | 148: 43 14 1 | 149: 43 28 1
Set row: 44 lb: 0
150: 44 9 1 | 151: 44 14 -1 | 152: 44 28 1
Edge found! S13:9 <-> S12:6	Weight: 2.30568	Set col: 29
Set row: 45 ub: 0
153: 45 9 -1 | 154: 45 6 -1 | 155: 45 29 1
Set row: 46 ub: 2
156: 46 9 1 | 157: 46 6 1 | 158: 46 29 1
Set row: 47 lb: 0
159: 47 9 -1 | 160: 47 6 1 | 161: 47 29 1
Set row: 48 lb: 0
162: 48 9 1 | 163: 48 6 -1 | 164: 48 29 1
Edge found! S14:15 <-> S1:1	Weight: 4.15023	Set col: 30
Set row: 49 ub: 0
165: 49 15 -1 | 166: 49 1 -1 | 167: 49 30 1
Set row: 50 ub: 2
168: 50 15 1 | 169: 50 1 1 | 170: 50 30 1
Set row: 51 lb: 0
171: 51 15 -1 | 172: 51 1 1 | 173: 51 30 1
Set row: 52 lb: 0
174: 52 15 1 | 175: 52 1 -1 | 176: 52 30 1
Edge found! S14:15 <-> S13:9	Weight: 5.18778	Set col: 31
Set row: 53 ub: 0
177: 53 15 -1 | 178: 53 9 -1 | 179: 53 31 1
Set row: 54 ub: 2
180: 54 15 1 | 181: 54 9 1 | 182: 54 31 1
Set row: 55 lb: 0
183: 55 15 -1 | 184: 55 9 1 | 185: 55 31 1
Set row: 56 lb: 0
186: 56 15 1 | 187: 56 9 -1 | 188: 56 31 1
Edge found! S15:16 <-> S1:1	Weight: 0.830045	Set col: 32
Set row: 57 ub: 0
189: 57 16 -1 | 190: 57 1 -1 | 191: 57 32 1
Set row: 58 ub: 2
192: 58 16 1 | 193: 58 1 1 | 194: 58 32 1
Set row: 59 lb: 0
195: 59 16 -1 | 196: 59 1 1 | 197: 59 32 1
Set row: 60 lb: 0
198: 60 16 1 | 199: 60 1 -1 | 200: 60 32 1
Edge found! S15:16 <-> S14:15	Weight: 1.03756	Set col: 33
Set row: 61 ub: 0
201: 61 16 -1 | 202: 61 15 -1 | 203: 61 33 1
Set row: 62 ub: 2
204: 62 16 1 | 205: 62 15 1 | 206: 62 33 1
Set row: 63 lb: 0
207: 63 16 -1 | 208: 63 15 1 | 209: 63 33 1
Set row: 64 lb: 0
210: 64 16 1 | 211: 64 15 -1 | 212: 64 33 1
Edge found! S16:17 <-> S1:1	Weight: 0.332018	Set col: 34
Set row: 65 ub: 0
213: 65 17 -1 | 214: 65 1 -1 | 215: 65 34 1
Set row: 66 ub: 2
216: 66 17 1 | 217: 66 1 1 | 218: 66 34 1
Set row: 67 lb: 0
219: 67 17 -1 | 220: 67 1 1 | 221: 67 34 1
Set row: 68 lb: 0
222: 68 17 1 | 223: 68 1 -1 | 224: 68 34 1
Edge found! S16:17 <-> S15:16	Weight: 0.415023	Set col: 35
Set row: 69 ub: 0
225: 69 17 -1 | 226: 69 16 -1 | 227: 69 35 1
Set row: 70 ub: 2
228: 70 17 1 | 229: 70 16 1 | 230: 70 35 1
Set row: 71 lb: 0
231: 71 17 -1 | 232: 71 16 1 | 233: 71 35 1
Set row: 72 lb: 0
234: 72 17 1 | 235: 72 16 -1 | 236: 72 35 1
Edge found! S17:18 <-> S1:1	Weight: 0.0830045	Set col: 36
Set row: 73 ub: 0
237: 73 18 -1 | 238: 73 1 -1 | 239: 73 36 1
Set row: 74 ub: 2
240: 74 18 1 | 241: 74 1 1 | 242: 74 36 1
Set row: 75 lb: 0
243: 75 18 -1 | 244: 75 1 1 | 245: 75 36 1
Set row: 76 lb: 0
246: 76 18 1 | 247: 76 1 -1 | 248: 76 36 1
Edge found! S17:18 <-> S16:17	Weight: 0.0830045	Set col: 37
Set row: 77 ub: 0
249: 77 18 -1 | 250: 77 17 -1 | 251: 77 37 1
Set row: 78 ub: 2
252: 78 18 1 | 253: 78 17 1 | 254: 78 37 1
Set row: 79 lb: 0
255: 79 18 -1 | 256: 79 17 1 | 257: 79 37 1
Set row: 80 lb: 0
258: 80 18 1 | 259: 80 17 -1 | 260: 80 37 1
Edge found! S2:3 <-> S1:1	Weight: 634.063	Set col: 38
Set row: 81 ub: 0
261: 81 3 -1 | 262: 81 1 -1 | 263: 81 38 1
Set row: 82 ub: 2
264: 82 3 1 | 265: 82 1 1 | 266: 82 38 1
Set row: 83 lb: 0
267: 83 3 -1 | 268: 83 1 1 | 269: 83 38 1
Set row: 84 lb: 0
270: 84 3 1 | 271: 84 1 -1 | 272: 84 38 1
Edge found! S3:2 <-> S1:1	Weight: 317.031	Set col: 39
Set row: 85 ub: 0
273: 85 2 -1 | 274: 85 1 -1 | 275: 85 39 1
Set row: 86 ub: 2
276: 86 2 1 | 277: 86 1 1 | 278: 86 39 1
Set row: 87 lb: 0
279: 87 2 -1 | 280: 87 1 1 | 281: 87 39 1
Set row: 88 lb: 0
282: 88 2 1 | 283: 88 1 -1 | 284: 88 39 1
Edge found! S4:7 <-> S0:5	Weight: 9.22273	Set col: 40
Set row: 89 ub: 0
285: 89 7 -1 | 286: 89 5 -1 | 287: 89 40 1
Set row: 90 ub: 2
288: 90 7 1 | 289: 90 5 1 | 290: 90 40 1
Set row: 91 lb: 0
291: 91 7 -1 | 292: 91 5 1 | 293: 91 40 1
Set row: 92 lb: 0
294: 92 7 1 | 295: 92 5 -1 | 296: 92 40 1
Edge found! S4:7 <-> S1:1	Weight: 356.65	Set col: 41
Set row: 93 ub: 0
297: 93 7 -1 | 298: 93 1 -1 | 299: 93 41 1
Set row: 94 ub: 2
300: 94 7 1 | 301: 94 1 1 | 302: 94 41 1
Set row: 95 lb: 0
303: 95 7 -1 | 304: 95 1 1 | 305: 95 41 1
Set row: 96 lb: 0
306: 96 7 1 | 307: 96 1 -1 | 308: 96 41 1
Edge found! S4:7 <-> S10:13	Weight: 57.642	Set col: 42
Set row: 97 ub: 0
309: 97 7 -1 | 310: 97 13 -1 | 311: 97 42 1
Set row: 98 ub: 2
312: 98 7 1 | 313: 98 13 1 | 314: 98 42 1
Set row: 99 lb: 0
315: 99 7 -1 | 316: 99 13 1 | 317: 99 42 1
Set row: 100 lb: 0
318: 100 7 1 | 319: 100 13 -1 | 320: 100 42 1
Edge found! S4:7 <-> S11:14	Weight: 34.5852	Set col: 43
Set row: 101 ub: 0
321: 101 7 -1 | 322: 101 14 -1 | 323: 101 43 1
Set row: 102 ub: 2
324: 102 7 1 | 325: 102 14 1 | 326: 102 43 1
Set row: 103 lb: 0
327: 103 7 -1 | 328: 103 14 1 | 329: 103 43 1
Set row: 104 lb: 0
330: 104 7 1 | 331: 104 14 -1 | 332: 104 43 1
Edge found! S4:7 <-> S12:6	Weight: 9.22273	Set col: 44
Set row: 105 ub: 0
333: 105 7 -1 | 334: 105 6 -1 | 335: 105 44 1
Set row: 106 ub: 2
336: 106 7 1 | 337: 106 6 1 | 338: 106 44 1
Set row: 107 lb: 0
339: 107 7 -1 | 340: 107 6 1 | 341: 107 44 1
Set row: 108 lb: 0
342: 108 7 1 | 343: 108 6 -1 | 344: 108 44 1
Edge found! S4:7 <-> S13:9	Weight: 20.7511	Set col: 45
Set row: 109 ub: 0
345: 109 7 -1 | 346: 109 9 -1 | 347: 109 45 1
Set row: 110 ub: 2
348: 110 7 1 | 349: 110 9 1 | 350: 110 45 1
Set row: 111 lb: 0
351: 111 7 -1 | 352: 111 9 1 | 353: 111 45 1
Set row: 112 lb: 0
354: 112 7 1 | 355: 112 9 -1 | 356: 112 45 1
Edge found! S4:7 <-> S14:15	Weight: 4.15023	Set col: 46
Set row: 113 ub: 0
357: 113 7 -1 | 358: 113 15 -1 | 359: 113 46 1
Set row: 114 ub: 2
360: 114 7 1 | 361: 114 15 1 | 362: 114 46 1
Set row: 115 lb: 0
363: 115 7 -1 | 364: 115 15 1 | 365: 115 46 1
Set row: 116 lb: 0
366: 116 7 1 | 367: 116 15 -1 | 368: 116 46 1
Edge found! S4:7 <-> S15:16	Weight: 0.830045	Set col: 47
Set row: 117 ub: 0
369: 117 7 -1 | 370: 117 16 -1 | 371: 117 47 1
Set row: 118 ub: 2
372: 118 7 1 | 373: 118 16 1 | 374: 118 47 1
Set row: 119 lb: 0
375: 119 7 -1 | 376: 119 16 1 | 377: 119 47 1
Set row: 120 lb: 0
378: 120 7 1 | 379: 120 16 -1 | 380: 120 47 1
Edge found! S4:7 <-> S16:17	Weight: 0.332018	Set col: 48
Set row: 121 ub: 0
381: 121 7 -1 | 382: 121 17 -1 | 383: 121 48 1
Set row: 122 ub: 2
384: 122 7 1 | 385: 122 17 1 | 386: 122 48 1
Set row: 123 lb: 0
387: 123 7 -1 | 388: 123 17 1 | 389: 123 48 1
Set row: 124 lb: 0
390: 124 7 1 | 391: 124 17 -1 | 392: 124 48 1
Edge found! S4:7 <-> S2:3	Weight: 317.031	Set col: 49
Set row: 125 ub: 0
393: 125 7 -1 | 394: 125 3 -1 | 395: 125 49 1
Set row: 126 ub: 2
396: 126 7 1 | 397: 126 3 1 | 398: 126 49 1
Set row: 127 lb: 0
399: 127 7 -1 | 400: 127 3 1 | 401: 127 49 1
Set row: 128 lb: 0
402: 128 7 1 | 403: 128 3 -1 | 404: 128 49 1
Edge found! S5:8 <-> S1:1	Weight: 126.813	Set col: 50
Set row: 129 ub: 0
405: 129 8 -1 | 406: 129 1 -1 | 407: 129 50 1
Set row: 130 ub: 2
408: 130 8 1 | 409: 130 1 1 | 410: 130 50 1
Set row: 131 lb: 0
411: 131 8 -1 | 412: 131 1 1 | 413: 131 50 1
Set row: 132 lb: 0
414: 132 8 1 | 415: 132 1 -1 | 416: 132 50 1
Edge found! S5:8 <-> S2:3	Weight: 317.031	Set col: 51
Set row: 133 ub: 0
417: 133 8 -1 | 418: 133 3 -1 | 419: 133 51 1
Set row: 134 ub: 2
420: 134 8 1 | 421: 134 3 1 | 422: 134 51 1
Set row: 135 lb: 0
423: 135 8 -1 | 424: 135 3 1 | 425: 135 51 1
Set row: 136 lb: 0
426: 136 8 1 | 427: 136 3 -1 | 428: 136 51 1
Edge found! S5:8 <-> S4:7	Weight: 126.813	Set col: 52
Set row: 137 ub: 0
429: 137 8 -1 | 430: 137 7 -1 | 431: 137 52 1
Set row: 138 ub: 2
432: 138 8 1 | 433: 138 7 1 | 434: 138 52 1
Set row: 139 lb: 0
435: 139 8 -1 | 436: 139 7 1 | 437: 139 52 1
Set row: 140 lb: 0
438: 140 8 1 | 439: 140 7 -1 | 440: 140 52 1
Edge found! S6:4 <-> S10:13	Weight: 158.516	Set col: 53
Set row: 141 ub: 0
441: 141 4 -1 | 442: 141 13 -1 | 443: 141 53 1
Set row: 142 ub: 2
444: 142 4 1 | 445: 142 13 1 | 446: 142 53 1
Set row: 143 lb: 0
447: 143 4 -1 | 448: 143 13 1 | 449: 143 53 1
Set row: 144 lb: 0
450: 144 4 1 | 451: 144 13 -1 | 452: 144 53 1
Edge found! S6:4 <-> S11:14	Weight: 79.2578	Set col: 54
Set row: 145 ub: 0
453: 145 4 -1 | 454: 145 14 -1 | 455: 145 54 1
Set row: 146 ub: 2
456: 146 4 1 | 457: 146 14 1 | 458: 146 54 1
Set row: 147 lb: 0
459: 147 4 -1 | 460: 147 14 1 | 461: 147 54 1
Set row: 148 lb: 0
462: 148 4 1 | 463: 148 14 -1 | 464: 148 54 1
Edge found! S6:4 <-> S3:2	Weight: 317.031	Set col: 55
Set row: 149 ub: 0
465: 149 4 -1 | 466: 149 2 -1 | 467: 149 55 1
Set row: 150 ub: 2
468: 150 4 1 | 469: 150 2 1 | 470: 150 55 1
Set row: 151 lb: 0
471: 151 4 -1 | 472: 151 2 1 | 473: 151 55 1
Set row: 152 lb: 0
474: 152 4 1 | 475: 152 2 -1 | 476: 152 55 1
Edge found! S6:4 <-> S4:7	Weight: 158.516	Set col: 56
Set row: 153 ub: 0
477: 153 4 -1 | 478: 153 7 -1 | 479: 153 56 1
Set row: 154 ub: 2
480: 154 4 1 | 481: 154 7 1 | 482: 154 56 1
Set row: 155 lb: 0
483: 155 4 -1 | 484: 155 7 1 | 485: 155 56 1
Set row: 156 lb: 0
486: 156 4 1 | 487: 156 7 -1 | 488: 156 56 1
Edge found! S7:10 <-> S1:1	Weight: 356.65	Set col: 57
Set row: 157 ub: 0
489: 157 10 -1 | 490: 157 1 -1 | 491: 157 57 1
Set row: 158 ub: 2
492: 158 10 1 | 493: 158 1 1 | 494: 158 57 1
Set row: 159 lb: 0
495: 159 10 -1 | 496: 159 1 1 | 497: 159 57 1
Set row: 160 lb: 0
498: 160 10 1 | 499: 160 1 -1 | 500: 160 57 1
Edge found! S7:10 <-> S4:7	Weight: 356.65	Set col: 58
Set row: 161 ub: 0
501: 161 10 -1 | 502: 161 7 -1 | 503: 161 58 1
Set row: 162 ub: 2
504: 162 10 1 | 505: 162 7 1 | 506: 162 58 1
Set row: 163 lb: 0
507: 163 10 -1 | 508: 163 7 1 | 509: 163 58 1
Set row: 164 lb: 0
510: 164 10 1 | 511: 164 7 -1 | 512: 164 58 1
Edge found! S8:11 <-> S0:5	Weight: 3.17031	Set col: 59
Set row: 165 ub: 0
513: 165 11 -1 | 514: 165 5 -1 | 515: 165 59 1
Set row: 166 ub: 2
516: 166 11 1 | 517: 166 5 1 | 518: 166 59 1
Set row: 167 lb: 0
519: 167 11 -1 | 520: 167 5 1 | 521: 167 59 1
Set row: 168 lb: 0
522: 168 11 1 | 523: 168 5 -1 | 524: 168 59 1
Edge found! S8:11 <-> S1:1	Weight: 25.3625	Set col: 60
Set row: 169 ub: 0
525: 169 11 -1 | 526: 169 1 -1 | 527: 169 60 1
Set row: 170 ub: 2
528: 170 11 1 | 529: 170 1 1 | 530: 170 60 1
Set row: 171 lb: 0
531: 171 11 -1 | 532: 171 1 1 | 533: 171 60 1
Set row: 172 lb: 0
534: 172 11 1 | 535: 172 1 -1 | 536: 172 60 1
Edge found! S8:11 <-> S12:6	Weight: 3.17031	Set col: 61
Set row: 173 ub: 0
537: 173 11 -1 | 538: 173 6 -1 | 539: 173 61 1
Set row: 174 ub: 2
540: 174 11 1 | 541: 174 6 1 | 542: 174 61 1
Set row: 175 lb: 0
543: 175 11 -1 | 544: 175 6 1 | 545: 175 61 1
Set row: 176 lb: 0
546: 176 11 1 | 547: 176 6 -1 | 548: 176 61 1
Edge found! S8:11 <-> S4:7	Weight: 25.3625	Set col: 62
Set row: 177 ub: 0
549: 177 11 -1 | 550: 177 7 -1 | 551: 177 62 1
Set row: 178 ub: 2
552: 178 11 1 | 553: 178 7 1 | 554: 178 62 1
Set row: 179 lb: 0
555: 179 11 -1 | 556: 179 7 1 | 557: 179 62 1
Set row: 180 lb: 0
558: 180 11 1 | 559: 180 7 -1 | 560: 180 62 1
Edge found! S8:11 <-> S5:8	Weight: 63.4063	Set col: 63
Set row: 181 ub: 0
561: 181 11 -1 | 562: 181 8 -1 | 563: 181 63 1
Set row: 182 ub: 2
564: 182 11 1 | 565: 182 8 1 | 566: 182 63 1
Set row: 183 lb: 0
567: 183 11 -1 | 568: 183 8 1 | 569: 183 63 1
Set row: 184 lb: 0
570: 184 11 1 | 571: 184 8 -1 | 572: 184 63 1
Edge found! S9:12 <-> S1:1	Weight: 25.3625	Set col: 64
Set row: 185 ub: 0
573: 185 12 -1 | 574: 185 1 -1 | 575: 185 64 1
Set row: 186 ub: 2
576: 186 12 1 | 577: 186 1 1 | 578: 186 64 1
Set row: 187 lb: 0
579: 187 12 -1 | 580: 187 1 1 | 581: 187 64 1
Set row: 188 lb: 0
582: 188 12 1 | 583: 188 1 -1 | 584: 188 64 1
Edge found! S9:12 <-> S13:9	Weight: 6.34063	Set col: 65
Set row: 189 ub: 0
585: 189 12 -1 | 586: 189 9 -1 | 587: 189 65 1
Set row: 190 ub: 2
588: 190 12 1 | 589: 190 9 1 | 590: 190 65 1
Set row: 191 lb: 0
591: 191 12 -1 | 592: 191 9 1 | 593: 191 65 1
Set row: 192 lb: 0
594: 192 12 1 | 595: 192 9 -1 | 596: 192 65 1
Edge found! S9:12 <-> S4:7	Weight: 25.3625	Set col: 66
Set row: 193 ub: 0
597: 193 12 -1 | 598: 193 7 -1 | 599: 193 66 1
Set row: 194 ub: 2
600: 194 12 1 | 601: 194 7 1 | 602: 194 66 1
Set row: 195 lb: 0
603: 195 12 -1 | 604: 195 7 1 | 605: 195 66 1
Set row: 196 lb: 0
606: 196 12 1 | 607: 196 7 -1 | 608: 196 66 1
Edge found! S9:12 <-> S5:8	Weight: 63.4063	Set col: 67
Set row: 197 ub: 0
609: 197 12 -1 | 610: 197 8 -1 | 611: 197 67 1
Set row: 198 ub: 2
612: 198 12 1 | 613: 198 8 1 | 614: 198 67 1
Set row: 199 lb: 0
615: 199 12 -1 | 616: 199 8 1 | 617: 199 67 1
Set row: 200 lb: 0
618: 200 12 1 | 619: 200 8 -1 | 620: 200 67 1
GLPK Integer Optimizer 5.0
201 rows, 67 columns, 638 non-zeros
67 integer variables, all of which are binary
Preprocessing...
98 hidden covering inequaliti(es) were detected
201 rows, 67 columns, 638 non-zeros
67 integer variables, all of which are binary
Scaling...
 A: min|aij| =  1.000e+00  max|aij| =  2.000e+00  ratio =  2.000e+00
Problem data seem to be well scaled
Constructing initial basis...
Size of triangular part is 201
Solving LP relaxation...
GLPK Simplex Optimizer 5.0
201 rows, 67 columns, 638 non-zeros
      0: obj =   0.000000000e+00 inf =   1.000e+01 (4)
     19: obj =   0.000000000e+00 inf =   0.000e+00 (0)
OPTIMAL LP SOLUTION FOUND
Integer optimization begins...
Long-step dual simplex will be used
+    19: mip =     not found yet >=              -inf        (1; 0)
+   113: >>>>>   1.448235662e+03 >=   1.844545482e+01  98.7% (5; 0)
+   236: >>>>>   1.396897350e+03 >=   1.263696265e+03   9.5% (7; 5)
+   298: mip =   1.396897350e+03 >=     tree is empty   0.0% (0; 21)
INTEGER OPTIMAL SOLUTION FOUND
-----
Objective Function Value: 1396.9
S0	5	0
S1	1	0
S10	13	1
S11	14	1
S12	6	0
S13	9	0
S14	15	0
S15	16	1
S16	17	0
S17	18	0
S2	3	0
S3	2	1
S4	7	0
S5	8	1
S6	4	1
S7	10	0
S8	11	1
S9	12	1
Number of 0 assigned: 10 | Number of 1 assigned: 8
XOR Constraint 19: 0
XOR Constraint 20: 1
XOR Constraint 21: 1
XOR Constraint 22: 1
XOR Constraint 23: 0
XOR Constraint 24: 0
XOR Constraint 25: 0
XOR Constraint 26: 1
XOR Constraint 27: 0
XOR Constraint 28: 1
XOR Constraint 29: 0
XOR Constraint 30: 0
XOR Constraint 31: 0
XOR Constraint 32: 1
XOR Constraint 33: 1
XOR Constraint 34: 0
XOR Constraint 35: 1
XOR Constraint 36: 0
XOR Constraint 37: 0
XOR Constraint 38: 0
XOR Constraint 39: 1
XOR Constraint 40: 0
XOR Constraint 41: 0
XOR Constraint 42: 1
XOR Constraint 43: 1
XOR Constraint 44: 0
XOR Constraint 45: 0
XOR Constraint 46: 0
XOR Constraint 47: 1
XOR Constraint 48: 0
XOR Constraint 49: 0
XOR Constraint 50: 1
XOR Constraint 51: 1
XOR Constraint 52: 1
XOR Constraint 53: 0
XOR Constraint 54: 0
XOR Constraint 55: 0
XOR Constraint 56: 1
XOR Constraint 57: 0
XOR Constraint 58: 0
XOR Constraint 59: 1
XOR Constraint 60: 1
XOR Constraint 61: 1
XOR Constraint 62: 1
XOR Constraint 63: 0
XOR Constraint 64: 1
XOR Constraint 65: 1
XOR Constraint 66: 1
XOR Constraint 67: 0
-----
Size of State Group: 6
 - 10 7 3 1
 - 18
 - 15 9 6 5
 - 17
 - 14 2 8 4
 - 12 11 13 16

   [   Round 4   ]   
Set col: S0 -> 5
Set col: S1 -> 1
Set col: S10 -> 13
Set col: S11 -> 14
Set col: S12 -> 6
Set col: S13 -> 9
Set col: S14 -> 15
Set col: S15 -> 16
Set col: S16 -> 17
Set col: S17 -> 18
Set col: S2 -> 3
Set col: S3 -> 2
Set col: S4 -> 7
Set col: S5 -> 8
Set col: S6 -> 4
Set col: S7 -> 10
Set col: S8 -> 11
Set col: S9 -> 12
Size of Group: 6
Group 1 | Size 4
Set row: 1 lb: 1 ub: 2
Set row: 2 lb: -3 ub: -2
1: 1 10 1
2: 2 10 -1
3: 1 7 1
4: 2 7 -1
5: 1 3 1
6: 2 3 -1
7: 1 1 1
8: 2 1 -1
Group 2 | Size 1
Group 3 | Size 4
Set row: 3 lb: 1 ub: 2
Set row: 4 lb: -3 ub: -2
9: 3 15 1
10: 4 15 -1
11: 3 9 1
12: 4 9 -1
13: 3 6 1
14: 4 6 -1
15: 3 5 1
16: 4 5 -1
Group 4 | Size 1
Group 5 | Size 4
Set row: 5 lb: 1 ub: 2
Set row: 6 lb: -3 ub: -2
17: 5 14 1
18: 6 14 -1
19: 5 2 1
20: 6 2 -1
21: 5 8 1
22: 6 8 -1
23: 5 4 1
24: 6 4 -1
Group 6 | Size 4
Set row: 7 lb: 1 ub: 2
Set row: 8 lb: -3 ub: -2
25: 7 12 1
26: 8 12 -1
27: 7 11 1
28: 8 11 -1
29: 7 13 1
30: 8 13 -1
31: 7 16 1
32: 8 16 -1
Edge found! S1:1 <-> S0:5	Weight: 9.22273	Set col: 19
Set row: 9 ub: 0
33: 9 1 -1 | 34: 9 5 -1 | 35: 9 19 1
Set row: 10 ub: 2
36: 10 1 1 | 37: 10 5 1 | 38: 10 19 1
Set row: 11 lb: 0
39: 11 1 -1 | 40: 11 5 1 | 41: 11 19 1
Set row: 12 lb: 0
42: 12 1 1 | 43: 12 5 -1 | 44: 12 19 1
Edge found! S10:13 <-> S0:5	Weight: 14.4105	Set col: 20
Set row: 13 ub: 0
45: 13 13 -1 | 46: 13 5 -1 | 47: 13 20 1
Set row: 14 ub: 2
48: 14 13 1 | 49: 14 5 1 | 50: 14 20 1
Set row: 15 lb: 0
51: 15 13 -1 | 52: 15 5 1 | 53: 15 20 1
Set row: 16 lb: 0
54: 16 13 1 | 55: 16 5 -1 | 56: 16 20 1
Edge found! S10:13 <-> S1:1	Weight: 115.284	Set col: 21
Set row: 17 ub: 0
57: 17 13 -1 | 58: 17 1 -1 | 59: 17 21 1
Set row: 18 ub: 2
60: 18 13 1 | 61: 18 1 1 | 62: 18 21 1
Set row: 19 lb: 0
63: 19 13 -1 | 64: 19 1 1 | 65: 19 21 1
Set row: 20 lb: 0
66: 20 13 1 | 67: 20 1 -1 | 68: 20 21 1
Edge found! S11:14 <-> S1:1	Weight: 69.1705	Set col: 22
Set row: 21 ub: 0
69: 21 14 -1 | 70: 21 1 -1 | 71: 21 22 1
Set row: 22 ub: 2
72: 22 14 1 | 73: 22 1 1 | 74: 22 22 1
Set row: 23 lb: 0
75: 23 14 -1 | 76: 23 1 1 | 77: 23 22 1
Set row: 24 lb: 0
78: 24 14 1 | 79: 24 1 -1 | 80: 24 22 1
Edge found! S11:14 <-> S10:13	Weight: 14.4105	Set col: 23
Set row: 25 ub: 0
81: 25 14 -1 | 82: 25 13 -1 | 83: 25 23 1
Set row: 26 ub: 2
84: 26 14 1 | 85: 26 13 1 | 86: 26 23 1
Set row: 27 lb: 0
87: 27 14 -1 | 88: 27 13 1 | 89: 27 23 1
Set row: 28 lb: 0
90: 28 14 1 | 91: 28 13 -1 | 92: 28 23 1
Edge found! S12:6 <-> S0:5	Weight: 1.15284	Set col: 24
Set row: 29 ub: 0
93: 29 6 -1 | 94: 29 5 -1 | 95: 29 24 1
Set row: 30 ub: 2
96: 30 6 1 | 97: 30 5 1 | 98: 30 24 1
Set row: 31 lb: 0
99: 31 6 -1 | 100: 31 5 1 | 101: 31 24 1
Set row: 32 lb: 0
102: 32 6 1 | 103: 32 5 -1 | 104: 32 24 1
Edge found! S12:6 <-> S1:1	Weight: 9.22273	Set col: 25
Set row: 33 ub: 0
105: 33 6 -1 | 106: 33 1 -1 | 107: 33 25 1
Set row: 34 ub: 2
108: 34 6 1 | 109: 34 1 1 | 110: 34 25 1
Set row: 35 lb: 0
111: 35 6 -1 | 112: 35 1 1 | 113: 35 25 1
Set row: 36 lb: 0
114: 36 6 1 | 115: 36 1 -1 | 116: 36 25 1
Edge found! S12:6 <-> S10:13	Weight: 14.4105	Set col: 26
Set row: 37 ub: 0
117: 37 6 -1 | 118: 37 13 -1 | 119: 37 26 1
Set row: 38 ub: 2
120: 38 6 1 | 121: 38 13 1 | 122: 38 26 1
Set row: 39 lb: 0
123: 39 6 -1 | 124: 39 13 1 | 125: 39 26 1
Set row: 40 lb: 0
126: 40 6 1 | 127: 40 13 -1 | 128: 40 26 1
Edge found! S13:9 <-> S1:1	Weight: 20.7511	Set col: 27
Set row: 41 ub: 0
129: 41 9 -1 | 130: 41 1 -1 | 131: 41 27 1
Set row: 42 ub: 2
132: 42 9 1 | 133: 42 1 1 | 134: 42 27 1
Set row: 43 lb: 0
135: 43 9 -1 | 136: 43 1 1 | 137: 43 27 1
Set row: 44 lb: 0
138: 44 9 1 | 139: 44 1 -1 | 140: 44 27 1
Edge found! S13:9 <-> S11:14	Weight: 69.1705	Set col: 28
Set row: 45 ub: 0
141: 45 9 -1 | 142: 45 14 -1 | 143: 45 28 1
Set row: 46 ub: 2
144: 46 9 1 | 145: 46 14 1 | 146: 46 28 1
Set row: 47 lb: 0
147: 47 9 -1 | 148: 47 14 1 | 149: 47 28 1
Set row: 48 lb: 0
150: 48 9 1 | 151: 48 14 -1 | 152: 48 28 1
Edge found! S13:9 <-> S12:6	Weight: 2.30568	Set col: 29
Set row: 49 ub: 0
153: 49 9 -1 | 154: 49 6 -1 | 155: 49 29 1
Set row: 50 ub: 2
156: 50 9 1 | 157: 50 6 1 | 158: 50 29 1
Set row: 51 lb: 0
159: 51 9 -1 | 160: 51 6 1 | 161: 51 29 1
Set row: 52 lb: 0
162: 52 9 1 | 163: 52 6 -1 | 164: 52 29 1
Edge found! S14:15 <-> S1:1	Weight: 4.15023	Set col: 30
Set row: 53 ub: 0
165: 53 15 -1 | 166: 53 1 -1 | 167: 53 30 1
Set row: 54 ub: 2
168: 54 15 1 | 169: 54 1 1 | 170: 54 30 1
Set row: 55 lb: 0
171: 55 15 -1 | 172: 55 1 1 | 173: 55 30 1
Set row: 56 lb: 0
174: 56 15 1 | 175: 56 1 -1 | 176: 56 30 1
Edge found! S14:15 <-> S13:9	Weight: 5.18778	Set col: 31
Set row: 57 ub: 0
177: 57 15 -1 | 178: 57 9 -1 | 179: 57 31 1
Set row: 58 ub: 2
180: 58 15 1 | 181: 58 9 1 | 182: 58 31 1
Set row: 59 lb: 0
183: 59 15 -1 | 184: 59 9 1 | 185: 59 31 1
Set row: 60 lb: 0
186: 60 15 1 | 187: 60 9 -1 | 188: 60 31 1
Edge found! S15:16 <-> S1:1	Weight: 1.66009	Set col: 32
Set row: 61 ub: 0
189: 61 16 -1 | 190: 61 1 -1 | 191: 61 32 1
Set row: 62 ub: 2
192: 62 16 1 | 193: 62 1 1 | 194: 62 32 1
Set row: 63 lb: 0
195: 63 16 -1 | 196: 63 1 1 | 197: 63 32 1
Set row: 64 lb: 0
198: 64 16 1 | 199: 64 1 -1 | 200: 64 32 1
Edge found! S15:16 <-> S14:15	Weight: 2.07511	Set col: 33
Set row: 65 ub: 0
201: 65 16 -1 | 202: 65 15 -1 | 203: 65 33 1
Set row: 66 ub: 2
204: 66 16 1 | 205: 66 15 1 | 206: 66 33 1
Set row: 67 lb: 0
207: 67 16 -1 | 208: 67 15 1 | 209: 67 33 1
Set row: 68 lb: 0
210: 68 16 1 | 211: 68 15 -1 | 212: 68 33 1
Edge found! S16:17 <-> S1:1	Weight: 0.332018	Set col: 34
Set row: 69 ub: 0
213: 69 17 -1 | 214: 69 1 -1 | 215: 69 34 1
Set row: 70 ub: 2
216: 70 17 1 | 217: 70 1 1 | 218: 70 34 1
Set row: 71 lb: 0
219: 71 17 -1 | 220: 71 1 1 | 221: 71 34 1
Set row: 72 lb: 0
222: 72 17 1 | 223: 72 1 -1 | 224: 72 34 1
Edge found! S16:17 <-> S15:16	Weight: 0.830045	Set col: 35
Set row: 73 ub: 0
225: 73 17 -1 | 226: 73 16 -1 | 227: 73 35 1
Set row: 74 ub: 2
228: 74 17 1 | 229: 74 16 1 | 230: 74 35 1
Set row: 75 lb: 0
231: 75 17 -1 | 232: 75 16 1 | 233: 75 35 1
Set row: 76 lb: 0
234: 76 17 1 | 235: 76 16 -1 | 236: 76 35 1
Edge found! S17:18 <-> S1:1	Weight: 0.0830045	Set col: 36
Set row: 77 ub: 0
237: 77 18 -1 | 238: 77 1 -1 | 239: 77 36 1
Set row: 78 ub: 2
240: 78 18 1 | 241: 78 1 1 | 242: 78 36 1
Set row: 79 lb: 0
243: 79 18 -1 | 244: 79 1 1 | 245: 79 36 1
Set row: 80 lb: 0
246: 80 18 1 | 247: 80 1 -1 | 248: 80 36 1
Edge found! S17:18 <-> S16:17	Weight: 0.0830045	Set col: 37
Set row: 81 ub: 0
249: 81 18 -1 | 250: 81 17 -1 | 251: 81 37 1
Set row: 82 ub: 2
252: 82 18 1 | 253: 82 17 1 | 254: 82 37 1
Set row: 83 lb: 0
255: 83 18 -1 | 256: 83 17 1 | 257: 83 37 1
Set row: 84 lb: 0
258: 84 18 1 | 259: 84 17 -1 | 260: 84 37 1
Edge found! S2:3 <-> S1:1	Weight: 634.063	Set col: 38
Set row: 85 ub: 0
261: 85 3 -1 | 262: 85 1 -1 | 263: 85 38 1
Set row: 86 ub: 2
264: 86 3 1 | 265: 86 1 1 | 266: 86 38 1
Set row: 87 lb: 0
267: 87 3 -1 | 268: 87 1 1 | 269: 87 38 1
Set row: 88 lb: 0
270: 88 3 1 | 271: 88 1 -1 | 272: 88 38 1
Edge found! S3:2 <-> S1:1	Weight: 634.063	Set col: 39
Set row: 89 ub: 0
273: 89 2 -1 | 274: 89 1 -1 | 275: 89 39 1
Set row: 90 ub: 2
276: 90 2 1 | 277: 90 1 1 | 278: 90 39 1
Set row: 91 lb: 0
279: 91 2 -1 | 280: 91 1 1 | 281: 91 39 1
Set row: 92 lb: 0
282: 92 2 1 | 283: 92 1 -1 | 284: 92 39 1
Edge found! S4:7 <-> S0:5	Weight: 9.22273	Set col: 40
Set row: 93 ub: 0
285: 93 7 -1 | 286: 93 5 -1 | 287: 93 40 1
Set row: 94 ub: 2
288: 94 7 1 | 289: 94 5 1 | 290: 94 40 1
Set row: 95 lb: 0
291: 95 7 -1 | 292: 95 5 1 | 293: 95 40 1
Set row: 96 lb: 0
294: 96 7 1 | 295: 96 5 -1 | 296: 96 40 1
Edge found! S4:7 <-> S1:1	Weight: 356.65	Set col: 41
Set row: 97 ub: 0
297: 97 7 -1 | 298: 97 1 -1 | 299: 97 41 1
Set row: 98 ub: 2
300: 98 7 1 | 301: 98 1 1 | 302: 98 41 1
Set row: 99 lb: 0
303: 99 7 -1 | 304: 99 1 1 | 305: 99 41 1
Set row: 100 lb: 0
306: 100 7 1 | 307: 100 1 -1 | 308: 100 41 1
Edge found! S4:7 <-> S10:13	Weight: 115.284	Set col: 42
Set row: 101 ub: 0
309: 101 7 -1 | 310: 101 13 -1 | 311: 101 42 1
Set row: 102 ub: 2
312: 102 7 1 | 313: 102 13 1 | 314: 102 42 1
Set row: 103 lb: 0
315: 103 7 -1 | 316: 103 13 1 | 317: 103 42 1
Set row: 104 lb: 0
318: 104 7 1 | 319: 104 13 -1 | 320: 104 42 1
Edge found! S4:7 <-> S11:14	Weight: 69.1705	Set col: 43
Set row: 105 ub: 0
321: 105 7 -1 | 322: 105 14 -1 | 323: 105 43 1
Set row: 106 ub: 2
324: 106 7 1 | 325: 106 14 1 | 326: 106 43 1
Set row: 107 lb: 0
327: 107 7 -1 | 328: 107 14 1 | 329: 107 43 1
Set row: 108 lb: 0
330: 108 7 1 | 331: 108 14 -1 | 332: 108 43 1
Edge found! S4:7 <-> S12:6	Weight: 9.22273	Set col: 44
Set row: 109 ub: 0
333: 109 7 -1 | 334: 109 6 -1 | 335: 109 44 1
Set row: 110 ub: 2
336: 110 7 1 | 337: 110 6 1 | 338: 110 44 1
Set row: 111 lb: 0
339: 111 7 -1 | 340: 111 6 1 | 341: 111 44 1
Set row: 112 lb: 0
342: 112 7 1 | 343: 112 6 -1 | 344: 112 44 1
Edge found! S4:7 <-> S13:9	Weight: 20.7511	Set col: 45
Set row: 113 ub: 0
345: 113 7 -1 | 346: 113 9 -1 | 347: 113 45 1
Set row: 114 ub: 2
348: 114 7 1 | 349: 114 9 1 | 350: 114 45 1
Set row: 115 lb: 0
351: 115 7 -1 | 352: 115 9 1 | 353: 115 45 1
Set row: 116 lb: 0
354: 116 7 1 | 355: 116 9 -1 | 356: 116 45 1
Edge found! S4:7 <-> S14:15	Weight: 4.15023	Set col: 46
Set row: 117 ub: 0
357: 117 7 -1 | 358: 117 15 -1 | 359: 117 46 1
Set row: 118 ub: 2
360: 118 7 1 | 361: 118 15 1 | 362: 118 46 1
Set row: 119 lb: 0
363: 119 7 -1 | 364: 119 15 1 | 365: 119 46 1
Set row: 120 lb: 0
366: 120 7 1 | 367: 120 15 -1 | 368: 120 46 1
Edge found! S4:7 <-> S15:16	Weight: 1.66009	Set col: 47
Set row: 121 ub: 0
369: 121 7 -1 | 370: 121 16 -1 | 371: 121 47 1
Set row: 122 ub: 2
372: 122 7 1 | 373: 122 16 1 | 374: 122 47 1
Set row: 123 lb: 0
375: 123 7 -1 | 376: 123 16 1 | 377: 123 47 1
Set row: 124 lb: 0
378: 124 7 1 | 379: 124 16 -1 | 380: 124 47 1
Edge found! S4:7 <-> S16:17	Weight: 0.332018	Set col: 48
Set row: 125 ub: 0
381: 125 7 -1 | 382: 125 17 -1 | 383: 125 48 1
Set row: 126 ub: 2
384: 126 7 1 | 385: 126 17 1 | 386: 126 48 1
Set row: 127 lb: 0
387: 127 7 -1 | 388: 127 17 1 | 389: 127 48 1
Set row: 128 lb: 0
390: 128 7 1 | 391: 128 17 -1 | 392: 128 48 1
Edge found! S4:7 <-> S2:3	Weight: 317.031	Set col: 49
Set row: 129 ub: 0
393: 129 7 -1 | 394: 129 3 -1 | 395: 129 49 1
Set row: 130 ub: 2
396: 130 7 1 | 397: 130 3 1 | 398: 130 49 1
Set row: 131 lb: 0
399: 131 7 -1 | 400: 131 3 1 | 401: 131 49 1
Set row: 132 lb: 0
402: 132 7 1 | 403: 132 3 -1 | 404: 132 49 1
Edge found! S5:8 <-> S1:1	Weight: 253.625	Set col: 50
Set row: 133 ub: 0
405: 133 8 -1 | 406: 133 1 -1 | 407: 133 50 1
Set row: 134 ub: 2
408: 134 8 1 | 409: 134 1 1 | 410: 134 50 1
Set row: 135 lb: 0
411: 135 8 -1 | 412: 135 1 1 | 413: 135 50 1
Set row: 136 lb: 0
414: 136 8 1 | 415: 136 1 -1 | 416: 136 50 1
Edge found! S5:8 <-> S2:3	Weight: 634.063	Set col: 51
Set row: 137 ub: 0
417: 137 8 -1 | 418: 137 3 -1 | 419: 137 51 1
Set row: 138 ub: 2
420: 138 8 1 | 421: 138 3 1 | 422: 138 51 1
Set row: 139 lb: 0
423: 139 8 -1 | 424: 139 3 1 | 425: 139 51 1
Set row: 140 lb: 0
426: 140 8 1 | 427: 140 3 -1 | 428: 140 51 1
Edge found! S5:8 <-> S4:7	Weight: 253.625	Set col: 52
Set row: 141 ub: 0
429: 141 8 -1 | 430: 141 7 -1 | 431: 141 52 1
Set row: 142 ub: 2
432: 142 8 1 | 433: 142 7 1 | 434: 142 52 1
Set row: 143 lb: 0
435: 143 8 -1 | 436: 143 7 1 | 437: 143 52 1
Set row: 144 lb: 0
438: 144 8 1 | 439: 144 7 -1 | 440: 144 52 1
Edge found! S6:4 <-> S10:13	Weight: 158.516	Set col: 53
Set row: 145 ub: 0
441: 145 4 -1 | 442: 145 13 -1 | 443: 145 53 1
Set row: 146 ub: 2
444: 146 4 1 | 445: 146 13 1 | 446: 146 53 1
Set row: 147 lb: 0
447: 147 4 -1 | 448: 147 13 1 | 449: 147 53 1
Set row: 148 lb: 0
450: 148 4 1 | 451: 148 13 -1 | 452: 148 53 1
Edge found! S6:4 <-> S11:14	Weight: 79.2578	Set col: 54
Set row: 149 ub: 0
453: 149 4 -1 | 454: 149 14 -1 | 455: 149 54 1
Set row: 150 ub: 2
456: 150 4 1 | 457: 150 14 1 | 458: 150 54 1
Set row: 151 lb: 0
459: 151 4 -1 | 460: 151 14 1 | 461: 151 54 1
Set row: 152 lb: 0
462: 152 4 1 | 463: 152 14 -1 | 464: 152 54 1
Edge found! S6:4 <-> S3:2	Weight: 317.031	Set col: 55
Set row: 153 ub: 0
465: 153 4 -1 | 466: 153 2 -1 | 467: 153 55 1
Set row: 154 ub: 2
468: 154 4 1 | 469: 154 2 1 | 470: 154 55 1
Set row: 155 lb: 0
471: 155 4 -1 | 472: 155 2 1 | 473: 155 55 1
Set row: 156 lb: 0
474: 156 4 1 | 475: 156 2 -1 | 476: 156 55 1
Edge found! S6:4 <-> S4:7	Weight: 317.031	Set col: 56
Set row: 157 ub: 0
477: 157 4 -1 | 478: 157 7 -1 | 479: 157 56 1
Set row: 158 ub: 2
480: 158 4 1 | 481: 158 7 1 | 482: 158 56 1
Set row: 159 lb: 0
483: 159 4 -1 | 484: 159 7 1 | 485: 159 56 1
Set row: 160 lb: 0
486: 160 4 1 | 487: 160 7 -1 | 488: 160 56 1
Edge found! S7:10 <-> S1:1	Weight: 356.65	Set col: 57
Set row: 161 ub: 0
489: 161 10 -1 | 490: 161 1 -1 | 491: 161 57 1
Set row: 162 ub: 2
492: 162 10 1 | 493: 162 1 1 | 494: 162 57 1
Set row: 163 lb: 0
495: 163 10 -1 | 496: 163 1 1 | 497: 163 57 1
Set row: 164 lb: 0
498: 164 10 1 | 499: 164 1 -1 | 500: 164 57 1
Edge found! S7:10 <-> S4:7	Weight: 356.65	Set col: 58
Set row: 165 ub: 0
501: 165 10 -1 | 502: 165 7 -1 | 503: 165 58 1
Set row: 166 ub: 2
504: 166 10 1 | 505: 166 7 1 | 506: 166 58 1
Set row: 167 lb: 0
507: 167 10 -1 | 508: 167 7 1 | 509: 167 58 1
Set row: 168 lb: 0
510: 168 10 1 | 511: 168 7 -1 | 512: 168 58 1
Edge found! S8:11 <-> S0:5	Weight: 6.34063	Set col: 59
Set row: 169 ub: 0
513: 169 11 -1 | 514: 169 5 -1 | 515: 169 59 1
Set row: 170 ub: 2
516: 170 11 1 | 517: 170 5 1 | 518: 170 59 1
Set row: 171 lb: 0
519: 171 11 -1 | 520: 171 5 1 | 521: 171 59 1
Set row: 172 lb: 0
522: 172 11 1 | 523: 172 5 -1 | 524: 172 59 1
Edge found! S8:11 <-> S1:1	Weight: 50.725	Set col: 60
Set row: 173 ub: 0
525: 173 11 -1 | 526: 173 1 -1 | 527: 173 60 1
Set row: 174 ub: 2
528: 174 11 1 | 529: 174 1 1 | 530: 174 60 1
Set row: 175 lb: 0
531: 175 11 -1 | 532: 175 1 1 | 533: 175 60 1
Set row: 176 lb: 0
534: 176 11 1 | 535: 176 1 -1 | 536: 176 60 1
Edge found! S8:11 <-> S12:6	Weight: 6.34063	Set col: 61
Set row: 177 ub: 0
537: 177 11 -1 | 538: 177 6 -1 | 539: 177 61 1
Set row: 178 ub: 2
540: 178 11 1 | 541: 178 6 1 | 542: 178 61 1
Set row: 179 lb: 0
543: 179 11 -1 | 544: 179 6 1 | 545: 179 61 1
Set row: 180 lb: 0
546: 180 11 1 | 547: 180 6 -1 | 548: 180 61 1
Edge found! S8:11 <-> S4:7	Weight: 50.725	Set col: 62
Set row: 181 ub: 0
549: 181 11 -1 | 550: 181 7 -1 | 551: 181 62 1
Set row: 182 ub: 2
552: 182 11 1 | 553: 182 7 1 | 554: 182 62 1
Set row: 183 lb: 0
555: 183 11 -1 | 556: 183 7 1 | 557: 183 62 1
Set row: 184 lb: 0
558: 184 11 1 | 559: 184 7 -1 | 560: 184 62 1
Edge found! S8:11 <-> S5:8	Weight: 63.4063	Set col: 63
Set row: 185 ub: 0
561: 185 11 -1 | 562: 185 8 -1 | 563: 185 63 1
Set row: 186 ub: 2
564: 186 11 1 | 565: 186 8 1 | 566: 186 63 1
Set row: 187 lb: 0
567: 187 11 -1 | 568: 187 8 1 | 569: 187 63 1
Set row: 188 lb: 0
570: 188 11 1 | 571: 188 8 -1 | 572: 188 63 1
Edge found! S9:12 <-> S1:1	Weight: 50.725	Set col: 64
Set row: 189 ub: 0
573: 189 12 -1 | 574: 189 1 -1 | 575: 189 64 1
Set row: 190 ub: 2
576: 190 12 1 | 577: 190 1 1 | 578: 190 64 1
Set row: 191 lb: 0
579: 191 12 -1 | 580: 191 1 1 | 581: 191 64 1
Set row: 192 lb: 0
582: 192 12 1 | 583: 192 1 -1 | 584: 192 64 1
Edge found! S9:12 <-> S13:9	Weight: 12.6813	Set col: 65
Set row: 193 ub: 0
585: 193 12 -1 | 586: 193 9 -1 | 587: 193 65 1
Set row: 194 ub: 2
588: 194 12 1 | 589: 194 9 1 | 590: 194 65 1
Set row: 195 lb: 0
591: 195 12 -1 | 592: 195 9 1 | 593: 195 65 1
Set row: 196 lb: 0
594: 196 12 1 | 595: 196 9 -1 | 596: 196 65 1
Edge found! S9:12 <-> S4:7	Weight: 50.725	Set col: 66
Set row: 197 ub: 0
597: 197 12 -1 | 598: 197 7 -1 | 599: 197 66 1
Set row: 198 ub: 2
600: 198 12 1 | 601: 198 7 1 | 602: 198 66 1
Set row: 199 lb: 0
603: 199 12 -1 | 604: 199 7 1 | 605: 199 66 1
Set row: 200 lb: 0
606: 200 12 1 | 607: 200 7 -1 | 608: 200 66 1
Edge found! S9:12 <-> S5:8	Weight: 63.4063	Set col: 67
Set row: 201 ub: 0
609: 201 12 -1 | 610: 201 8 -1 | 611: 201 67 1
Set row: 202 ub: 2
612: 202 12 1 | 613: 202 8 1 | 614: 202 67 1
Set row: 203 lb: 0
615: 203 12 -1 | 616: 203 8 1 | 617: 203 67 1
Set row: 204 lb: 0
618: 204 12 1 | 619: 204 8 -1 | 620: 204 67 1
GLPK Integer Optimizer 5.0
205 rows, 67 columns, 638 non-zeros
67 integer variables, all of which are binary
Preprocessing...
98 hidden covering inequaliti(es) were detected
205 rows, 67 columns, 638 non-zeros
67 integer variables, all of which are binary
Scaling...
 A: min|aij| =  1.000e+00  max|aij| =  2.000e+00  ratio =  2.000e+00
Problem data seem to be well scaled
Constructing initial basis...
Size of triangular part is 205
Solving LP relaxation...
GLPK Simplex Optimizer 5.0
205 rows, 67 columns, 638 non-zeros
      0: obj =   0.000000000e+00 inf =   1.200e+01 (8)
     19: obj =   0.000000000e+00 inf =   0.000e+00 (0)
OPTIMAL LP SOLUTION FOUND
Integer optimization begins...
Long-step dual simplex will be used
+    19: mip =     not found yet >=              -inf        (1; 0)
+    99: >>>>>   1.974161693e+03 >=   1.844545482e+01  99.1% (4; 0)
+   172: mip =   1.974161693e+03 >=     tree is empty   0.0% (0; 9)
INTEGER OPTIMAL SOLUTION FOUND
-----
Objective Function Value: 1974.16
S0	5	0
S1	1	0
S10	13	1
S11	14	1
S12	6	1
S13	9	1
S14	15	0
S15	16	1
S16	17	1
S17	18	0
S2	3	0
S3	2	0
S4	7	1
S5	8	0
S6	4	1
S7	10	1
S8	11	0
S9	12	0
Number of 0 assigned: 9 | Number of 1 assigned: 9
XOR Constraint 19: 0
XOR Constraint 20: 1
XOR Constraint 21: 1
XOR Constraint 22: 1
XOR Constraint 23: 0
XOR Constraint 24: 1
XOR Constraint 25: 1
XOR Constraint 26: 0
XOR Constraint 27: 1
XOR Constraint 28: 0
XOR Constraint 29: 0
XOR Constraint 30: 0
XOR Constraint 31: 1
XOR Constraint 32: 1
XOR Constraint 33: 1
XOR Constraint 34: 1
XOR Constraint 35: 0
XOR Constraint 36: 0
XOR Constraint 37: 1
XOR Constraint 38: 0
XOR Constraint 39: 0
XOR Constraint 40: 1
XOR Constraint 41: 1
XOR Constraint 42: 0
XOR Constraint 43: 0
XOR Constraint 44: 0
XOR Constraint 45: 0
XOR Constraint 46: 1
XOR Constraint 47: 0
XOR Constraint 48: 0
XOR Constraint 49: 1
XOR Constraint 50: 0
XOR Constraint 51: 0
XOR Constraint 52: 1
XOR Constraint 53: 0
XOR Constraint 54: 0
XOR Constraint 55: 1
XOR Constraint 56: 0
XOR Constraint 57: 1
XOR Constraint 58: 0
XOR Constraint 59: 0
XOR Constraint 60: 0
XOR Constraint 61: 1
XOR Constraint 62: 1
XOR Constraint 63: 0
XOR Constraint 64: 0
XOR Constraint 65: 1
XOR Constraint 66: 1
XOR Constraint 67: 0
-----
Size of State Group: 10
 - 3 1
 - 18
 - 15 5
 - 17
 - 2 8
 - 12 11
 - 7 10
 - 6 9
 - 4 14
 - 16 13

   [   Round 5   ]   
Set col: S0 -> 5
Set col: S1 -> 1
Set col: S10 -> 13
Set col: S11 -> 14
Set col: S12 -> 6
Set col: S13 -> 9
Set col: S14 -> 15
Set col: S15 -> 16
Set col: S16 -> 17
Set col: S17 -> 18
Set col: S2 -> 3
Set col: S3 -> 2
Set col: S4 -> 7
Set col: S5 -> 8
Set col: S6 -> 4
Set col: S7 -> 10
Set col: S8 -> 11
Set col: S9 -> 12
Size of Group: 10
Group 1 | Size 2
Set row: 1 lb: 1 ub: 1
Set row: 2 lb: -1 ub: -1
1: 1 3 1
2: 2 3 -1
3: 1 1 1
4: 2 1 -1
Group 2 | Size 1
Group 3 | Size 2
Set row: 3 lb: 1 ub: 1
Set row: 4 lb: -1 ub: -1
5: 3 15 1
6: 4 15 -1
7: 3 5 1
8: 4 5 -1
Group 4 | Size 1
Group 5 | Size 2
Set row: 5 lb: 1 ub: 1
Set row: 6 lb: -1 ub: -1
9: 5 2 1
10: 6 2 -1
11: 5 8 1
12: 6 8 -1
Group 6 | Size 2
Set row: 7 lb: 1 ub: 1
Set row: 8 lb: -1 ub: -1
13: 7 12 1
14: 8 12 -1
15: 7 11 1
16: 8 11 -1
Group 7 | Size 2
Set row: 9 lb: 1 ub: 1
Set row: 10 lb: -1 ub: -1
17: 9 7 1
18: 10 7 -1
19: 9 10 1
20: 10 10 -1
Group 8 | Size 2
Set row: 11 lb: 1 ub: 1
Set row: 12 lb: -1 ub: -1
21: 11 6 1
22: 12 6 -1
23: 11 9 1
24: 12 9 -1
Group 9 | Size 2
Set row: 13 lb: 1 ub: 1
Set row: 14 lb: -1 ub: -1
25: 13 4 1
26: 14 4 -1
27: 13 14 1
28: 14 14 -1
Group 10 | Size 2
Set row: 15 lb: 1 ub: 1
Set row: 16 lb: -1 ub: -1
29: 15 16 1
30: 16 16 -1
31: 15 13 1
32: 16 13 -1
Edge found! S1:1 <-> S0:5	Weight: 9.22273	Set col: 19
Set row: 17 ub: 0
33: 17 1 -1 | 34: 17 5 -1 | 35: 17 19 1
Set row: 18 ub: 2
36: 18 1 1 | 37: 18 5 1 | 38: 18 19 1
Set row: 19 lb: 0
39: 19 1 -1 | 40: 19 5 1 | 41: 19 19 1
Set row: 20 lb: 0
42: 20 1 1 | 43: 20 5 -1 | 44: 20 19 1
Edge found! S10:13 <-> S0:5	Weight: 28.821	Set col: 20
Set row: 21 ub: 0
45: 21 13 -1 | 46: 21 5 -1 | 47: 21 20 1
Set row: 22 ub: 2
48: 22 13 1 | 49: 22 5 1 | 50: 22 20 1
Set row: 23 lb: 0
51: 23 13 -1 | 52: 23 5 1 | 53: 23 20 1
Set row: 24 lb: 0
54: 24 13 1 | 55: 24 5 -1 | 56: 24 20 1
Edge found! S10:13 <-> S1:1	Weight: 230.568	Set col: 21
Set row: 25 ub: 0
57: 25 13 -1 | 58: 25 1 -1 | 59: 25 21 1
Set row: 26 ub: 2
60: 26 13 1 | 61: 26 1 1 | 62: 26 21 1
Set row: 27 lb: 0
63: 27 13 -1 | 64: 27 1 1 | 65: 27 21 1
Set row: 28 lb: 0
66: 28 13 1 | 67: 28 1 -1 | 68: 28 21 1
Edge found! S11:14 <-> S1:1	Weight: 138.341	Set col: 22
Set row: 29 ub: 0
69: 29 14 -1 | 70: 29 1 -1 | 71: 29 22 1
Set row: 30 ub: 2
72: 30 14 1 | 73: 30 1 1 | 74: 30 22 1
Set row: 31 lb: 0
75: 31 14 -1 | 76: 31 1 1 | 77: 31 22 1
Set row: 32 lb: 0
78: 32 14 1 | 79: 32 1 -1 | 80: 32 22 1
Edge found! S11:14 <-> S10:13	Weight: 14.4105	Set col: 23
Set row: 33 ub: 0
81: 33 14 -1 | 82: 33 13 -1 | 83: 33 23 1
Set row: 34 ub: 2
84: 34 14 1 | 85: 34 13 1 | 86: 34 23 1
Set row: 35 lb: 0
87: 35 14 -1 | 88: 35 13 1 | 89: 35 23 1
Set row: 36 lb: 0
90: 36 14 1 | 91: 36 13 -1 | 92: 36 23 1
Edge found! S12:6 <-> S0:5	Weight: 2.30568	Set col: 24
Set row: 37 ub: 0
93: 37 6 -1 | 94: 37 5 -1 | 95: 37 24 1
Set row: 38 ub: 2
96: 38 6 1 | 97: 38 5 1 | 98: 38 24 1
Set row: 39 lb: 0
99: 39 6 -1 | 100: 39 5 1 | 101: 39 24 1
Set row: 40 lb: 0
102: 40 6 1 | 103: 40 5 -1 | 104: 40 24 1
Edge found! S12:6 <-> S1:1	Weight: 18.4455	Set col: 25
Set row: 41 ub: 0
105: 41 6 -1 | 106: 41 1 -1 | 107: 41 25 1
Set row: 42 ub: 2
108: 42 6 1 | 109: 42 1 1 | 110: 42 25 1
Set row: 43 lb: 0
111: 43 6 -1 | 112: 43 1 1 | 113: 43 25 1
Set row: 44 lb: 0
114: 44 6 1 | 115: 44 1 -1 | 116: 44 25 1
Edge found! S12:6 <-> S10:13	Weight: 14.4105	Set col: 26
Set row: 45 ub: 0
117: 45 6 -1 | 118: 45 13 -1 | 119: 45 26 1
Set row: 46 ub: 2
120: 46 6 1 | 121: 46 13 1 | 122: 46 26 1
Set row: 47 lb: 0
123: 47 6 -1 | 124: 47 13 1 | 125: 47 26 1
Set row: 48 lb: 0
126: 48 6 1 | 127: 48 13 -1 | 128: 48 26 1
Edge found! S13:9 <-> S1:1	Weight: 41.5023	Set col: 27
Set row: 49 ub: 0
129: 49 9 -1 | 130: 49 1 -1 | 131: 49 27 1
Set row: 50 ub: 2
132: 50 9 1 | 133: 50 1 1 | 134: 50 27 1
Set row: 51 lb: 0
135: 51 9 -1 | 136: 51 1 1 | 137: 51 27 1
Set row: 52 lb: 0
138: 52 9 1 | 139: 52 1 -1 | 140: 52 27 1
Edge found! S13:9 <-> S11:14	Weight: 69.1705	Set col: 28
Set row: 53 ub: 0
141: 53 9 -1 | 142: 53 14 -1 | 143: 53 28 1
Set row: 54 ub: 2
144: 54 9 1 | 145: 54 14 1 | 146: 54 28 1
Set row: 55 lb: 0
147: 55 9 -1 | 148: 55 14 1 | 149: 55 28 1
Set row: 56 lb: 0
150: 56 9 1 | 151: 56 14 -1 | 152: 56 28 1
Edge found! S13:9 <-> S12:6	Weight: 2.30568	Set col: 29
Set row: 57 ub: 0
153: 57 9 -1 | 154: 57 6 -1 | 155: 57 29 1
Set row: 58 ub: 2
156: 58 9 1 | 157: 58 6 1 | 158: 58 29 1
Set row: 59 lb: 0
159: 59 9 -1 | 160: 59 6 1 | 161: 59 29 1
Set row: 60 lb: 0
162: 60 9 1 | 163: 60 6 -1 | 164: 60 29 1
Edge found! S14:15 <-> S1:1	Weight: 4.15023	Set col: 30
Set row: 61 ub: 0
165: 61 15 -1 | 166: 61 1 -1 | 167: 61 30 1
Set row: 62 ub: 2
168: 62 15 1 | 169: 62 1 1 | 170: 62 30 1
Set row: 63 lb: 0
171: 63 15 -1 | 172: 63 1 1 | 173: 63 30 1
Set row: 64 lb: 0
174: 64 15 1 | 175: 64 1 -1 | 176: 64 30 1
Edge found! S14:15 <-> S13:9	Weight: 10.3756	Set col: 31
Set row: 65 ub: 0
177: 65 15 -1 | 178: 65 9 -1 | 179: 65 31 1
Set row: 66 ub: 2
180: 66 15 1 | 181: 66 9 1 | 182: 66 31 1
Set row: 67 lb: 0
183: 67 15 -1 | 184: 67 9 1 | 185: 67 31 1
Set row: 68 lb: 0
186: 68 15 1 | 187: 68 9 -1 | 188: 68 31 1
Edge found! S15:16 <-> S1:1	Weight: 3.32018	Set col: 32
Set row: 69 ub: 0
189: 69 16 -1 | 190: 69 1 -1 | 191: 69 32 1
Set row: 70 ub: 2
192: 70 16 1 | 193: 70 1 1 | 194: 70 32 1
Set row: 71 lb: 0
195: 71 16 -1 | 196: 71 1 1 | 197: 71 32 1
Set row: 72 lb: 0
198: 72 16 1 | 199: 72 1 -1 | 200: 72 32 1
Edge found! S15:16 <-> S14:15	Weight: 4.15023	Set col: 33
Set row: 73 ub: 0
201: 73 16 -1 | 202: 73 15 -1 | 203: 73 33 1
Set row: 74 ub: 2
204: 74 16 1 | 205: 74 15 1 | 206: 74 33 1
Set row: 75 lb: 0
207: 75 16 -1 | 208: 75 15 1 | 209: 75 33 1
Set row: 76 lb: 0
210: 76 16 1 | 211: 76 15 -1 | 212: 76 33 1
Edge found! S16:17 <-> S1:1	Weight: 0.664036	Set col: 34
Set row: 77 ub: 0
213: 77 17 -1 | 214: 77 1 -1 | 215: 77 34 1
Set row: 78 ub: 2
216: 78 17 1 | 217: 78 1 1 | 218: 78 34 1
Set row: 79 lb: 0
219: 79 17 -1 | 220: 79 1 1 | 221: 79 34 1
Set row: 80 lb: 0
222: 80 17 1 | 223: 80 1 -1 | 224: 80 34 1
Edge found! S16:17 <-> S15:16	Weight: 0.830045	Set col: 35
Set row: 81 ub: 0
225: 81 17 -1 | 226: 81 16 -1 | 227: 81 35 1
Set row: 82 ub: 2
228: 82 17 1 | 229: 82 16 1 | 230: 82 35 1
Set row: 83 lb: 0
231: 83 17 -1 | 232: 83 16 1 | 233: 83 35 1
Set row: 84 lb: 0
234: 84 17 1 | 235: 84 16 -1 | 236: 84 35 1
Edge found! S17:18 <-> S1:1	Weight: 0.0830045	Set col: 36
Set row: 85 ub: 0
237: 85 18 -1 | 238: 85 1 -1 | 239: 85 36 1
Set row: 86 ub: 2
240: 86 18 1 | 241: 86 1 1 | 242: 86 36 1
Set row: 87 lb: 0
243: 87 18 -1 | 244: 87 1 1 | 245: 87 36 1
Set row: 88 lb: 0
246: 88 18 1 | 247: 88 1 -1 | 248: 88 36 1
Edge found! S17:18 <-> S16:17	Weight: 0.166009	Set col: 37
Set row: 89 ub: 0
249: 89 18 -1 | 250: 89 17 -1 | 251: 89 37 1
Set row: 90 ub: 2
252: 90 18 1 | 253: 90 17 1 | 254: 90 37 1
Set row: 91 lb: 0
255: 91 18 -1 | 256: 91 17 1 | 257: 91 37 1
Set row: 92 lb: 0
258: 92 18 1 | 259: 92 17 -1 | 260: 92 37 1
Edge found! S2:3 <-> S1:1	Weight: 634.063	Set col: 38
Set row: 93 ub: 0
261: 93 3 -1 | 262: 93 1 -1 | 263: 93 38 1
Set row: 94 ub: 2
264: 94 3 1 | 265: 94 1 1 | 266: 94 38 1
Set row: 95 lb: 0
267: 95 3 -1 | 268: 95 1 1 | 269: 95 38 1
Set row: 96 lb: 0
270: 96 3 1 | 271: 96 1 -1 | 272: 96 38 1
Edge found! S3:2 <-> S1:1	Weight: 634.063	Set col: 39
Set row: 97 ub: 0
273: 97 2 -1 | 274: 97 1 -1 | 275: 97 39 1
Set row: 98 ub: 2
276: 98 2 1 | 277: 98 1 1 | 278: 98 39 1
Set row: 99 lb: 0
279: 99 2 -1 | 280: 99 1 1 | 281: 99 39 1
Set row: 100 lb: 0
282: 100 2 1 | 283: 100 1 -1 | 284: 100 39 1
Edge found! S4:7 <-> S0:5	Weight: 18.4455	Set col: 40
Set row: 101 ub: 0
285: 101 7 -1 | 286: 101 5 -1 | 287: 101 40 1
Set row: 102 ub: 2
288: 102 7 1 | 289: 102 5 1 | 290: 102 40 1
Set row: 103 lb: 0
291: 103 7 -1 | 292: 103 5 1 | 293: 103 40 1
Set row: 104 lb: 0
294: 104 7 1 | 295: 104 5 -1 | 296: 104 40 1
Edge found! S4:7 <-> S1:1	Weight: 713.3	Set col: 41
Set row: 105 ub: 0
297: 105 7 -1 | 298: 105 1 -1 | 299: 105 41 1
Set row: 106 ub: 2
300: 106 7 1 | 301: 106 1 1 | 302: 106 41 1
Set row: 107 lb: 0
303: 107 7 -1 | 304: 107 1 1 | 305: 107 41 1
Set row: 108 lb: 0
306: 108 7 1 | 307: 108 1 -1 | 308: 108 41 1
Edge found! S4:7 <-> S10:13	Weight: 115.284	Set col: 42
Set row: 109 ub: 0
309: 109 7 -1 | 310: 109 13 -1 | 311: 109 42 1
Set row: 110 ub: 2
312: 110 7 1 | 313: 110 13 1 | 314: 110 42 1
Set row: 111 lb: 0
315: 111 7 -1 | 316: 111 13 1 | 317: 111 42 1
Set row: 112 lb: 0
318: 112 7 1 | 319: 112 13 -1 | 320: 112 42 1
Edge found! S4:7 <-> S11:14	Weight: 69.1705	Set col: 43
Set row: 113 ub: 0
321: 113 7 -1 | 322: 113 14 -1 | 323: 113 43 1
Set row: 114 ub: 2
324: 114 7 1 | 325: 114 14 1 | 326: 114 43 1
Set row: 115 lb: 0
327: 115 7 -1 | 328: 115 14 1 | 329: 115 43 1
Set row: 116 lb: 0
330: 116 7 1 | 331: 116 14 -1 | 332: 116 43 1
Edge found! S4:7 <-> S12:6	Weight: 9.22273	Set col: 44
Set row: 117 ub: 0
333: 117 7 -1 | 334: 117 6 -1 | 335: 117 44 1
Set row: 118 ub: 2
336: 118 7 1 | 337: 118 6 1 | 338: 118 44 1
Set row: 119 lb: 0
339: 119 7 -1 | 340: 119 6 1 | 341: 119 44 1
Set row: 120 lb: 0
342: 120 7 1 | 343: 120 6 -1 | 344: 120 44 1
Edge found! S4:7 <-> S13:9	Weight: 20.7511	Set col: 45
Set row: 121 ub: 0
345: 121 7 -1 | 346: 121 9 -1 | 347: 121 45 1
Set row: 122 ub: 2
348: 122 7 1 | 349: 122 9 1 | 350: 122 45 1
Set row: 123 lb: 0
351: 123 7 -1 | 352: 123 9 1 | 353: 123 45 1
Set row: 124 lb: 0
354: 124 7 1 | 355: 124 9 -1 | 356: 124 45 1
Edge found! S4:7 <-> S14:15	Weight: 8.30045	Set col: 46
Set row: 125 ub: 0
357: 125 7 -1 | 358: 125 15 -1 | 359: 125 46 1
Set row: 126 ub: 2
360: 126 7 1 | 361: 126 15 1 | 362: 126 46 1
Set row: 127 lb: 0
363: 127 7 -1 | 364: 127 15 1 | 365: 127 46 1
Set row: 128 lb: 0
366: 128 7 1 | 367: 128 15 -1 | 368: 128 46 1
Edge found! S4:7 <-> S15:16	Weight: 1.66009	Set col: 47
Set row: 129 ub: 0
369: 129 7 -1 | 370: 129 16 -1 | 371: 129 47 1
Set row: 130 ub: 2
372: 130 7 1 | 373: 130 16 1 | 374: 130 47 1
Set row: 131 lb: 0
375: 131 7 -1 | 376: 131 16 1 | 377: 131 47 1
Set row: 132 lb: 0
378: 132 7 1 | 379: 132 16 -1 | 380: 132 47 1
Edge found! S4:7 <-> S16:17	Weight: 0.332018	Set col: 48
Set row: 133 ub: 0
381: 133 7 -1 | 382: 133 17 -1 | 383: 133 48 1
Set row: 134 ub: 2
384: 134 7 1 | 385: 134 17 1 | 386: 134 48 1
Set row: 135 lb: 0
387: 135 7 -1 | 388: 135 17 1 | 389: 135 48 1
Set row: 136 lb: 0
390: 136 7 1 | 391: 136 17 -1 | 392: 136 48 1
Edge found! S4:7 <-> S2:3	Weight: 634.063	Set col: 49
Set row: 137 ub: 0
393: 137 7 -1 | 394: 137 3 -1 | 395: 137 49 1
Set row: 138 ub: 2
396: 138 7 1 | 397: 138 3 1 | 398: 138 49 1
Set row: 139 lb: 0
399: 139 7 -1 | 400: 139 3 1 | 401: 139 49 1
Set row: 140 lb: 0
402: 140 7 1 | 403: 140 3 -1 | 404: 140 49 1
Edge found! S5:8 <-> S1:1	Weight: 253.625	Set col: 50
Set row: 141 ub: 0
405: 141 8 -1 | 406: 141 1 -1 | 407: 141 50 1
Set row: 142 ub: 2
408: 142 8 1 | 409: 142 1 1 | 410: 142 50 1
Set row: 143 lb: 0
411: 143 8 -1 | 412: 143 1 1 | 413: 143 50 1
Set row: 144 lb: 0
414: 144 8 1 | 415: 144 1 -1 | 416: 144 50 1
Edge found! S5:8 <-> S2:3	Weight: 634.063	Set col: 51
Set row: 145 ub: 0
417: 145 8 -1 | 418: 145 3 -1 | 419: 145 51 1
Set row: 146 ub: 2
420: 146 8 1 | 421: 146 3 1 | 422: 146 51 1
Set row: 147 lb: 0
423: 147 8 -1 | 424: 147 3 1 | 425: 147 51 1
Set row: 148 lb: 0
426: 148 8 1 | 427: 148 3 -1 | 428: 148 51 1
Edge found! S5:8 <-> S4:7	Weight: 507.25	Set col: 52
Set row: 149 ub: 0
429: 149 8 -1 | 430: 149 7 -1 | 431: 149 52 1
Set row: 150 ub: 2
432: 150 8 1 | 433: 150 7 1 | 434: 150 52 1
Set row: 151 lb: 0
435: 151 8 -1 | 436: 151 7 1 | 437: 151 52 1
Set row: 152 lb: 0
438: 152 8 1 | 439: 152 7 -1 | 440: 152 52 1
Edge found! S6:4 <-> S10:13	Weight: 158.516	Set col: 53
Set row: 153 ub: 0
441: 153 4 -1 | 442: 153 13 -1 | 443: 153 53 1
Set row: 154 ub: 2
444: 154 4 1 | 445: 154 13 1 | 446: 154 53 1
Set row: 155 lb: 0
447: 155 4 -1 | 448: 155 13 1 | 449: 155 53 1
Set row: 156 lb: 0
450: 156 4 1 | 451: 156 13 -1 | 452: 156 53 1
Edge found! S6:4 <-> S11:14	Weight: 79.2578	Set col: 54
Set row: 157 ub: 0
453: 157 4 -1 | 454: 157 14 -1 | 455: 157 54 1
Set row: 158 ub: 2
456: 158 4 1 | 457: 158 14 1 | 458: 158 54 1
Set row: 159 lb: 0
459: 159 4 -1 | 460: 159 14 1 | 461: 159 54 1
Set row: 160 lb: 0
462: 160 4 1 | 463: 160 14 -1 | 464: 160 54 1
Edge found! S6:4 <-> S3:2	Weight: 634.063	Set col: 55
Set row: 161 ub: 0
465: 161 4 -1 | 466: 161 2 -1 | 467: 161 55 1
Set row: 162 ub: 2
468: 162 4 1 | 469: 162 2 1 | 470: 162 55 1
Set row: 163 lb: 0
471: 163 4 -1 | 472: 163 2 1 | 473: 163 55 1
Set row: 164 lb: 0
474: 164 4 1 | 475: 164 2 -1 | 476: 164 55 1
Edge found! S6:4 <-> S4:7	Weight: 317.031	Set col: 56
Set row: 165 ub: 0
477: 165 4 -1 | 478: 165 7 -1 | 479: 165 56 1
Set row: 166 ub: 2
480: 166 4 1 | 481: 166 7 1 | 482: 166 56 1
Set row: 167 lb: 0
483: 167 4 -1 | 484: 167 7 1 | 485: 167 56 1
Set row: 168 lb: 0
486: 168 4 1 | 487: 168 7 -1 | 488: 168 56 1
Edge found! S7:10 <-> S1:1	Weight: 713.3	Set col: 57
Set row: 169 ub: 0
489: 169 10 -1 | 490: 169 1 -1 | 491: 169 57 1
Set row: 170 ub: 2
492: 170 10 1 | 493: 170 1 1 | 494: 170 57 1
Set row: 171 lb: 0
495: 171 10 -1 | 496: 171 1 1 | 497: 171 57 1
Set row: 172 lb: 0
498: 172 10 1 | 499: 172 1 -1 | 500: 172 57 1
Edge found! S7:10 <-> S4:7	Weight: 356.65	Set col: 58
Set row: 173 ub: 0
501: 173 10 -1 | 502: 173 7 -1 | 503: 173 58 1
Set row: 174 ub: 2
504: 174 10 1 | 505: 174 7 1 | 506: 174 58 1
Set row: 175 lb: 0
507: 175 10 -1 | 508: 175 7 1 | 509: 175 58 1
Set row: 176 lb: 0
510: 176 10 1 | 511: 176 7 -1 | 512: 176 58 1
Edge found! S8:11 <-> S0:5	Weight: 6.34063	Set col: 59
Set row: 177 ub: 0
513: 177 11 -1 | 514: 177 5 -1 | 515: 177 59 1
Set row: 178 ub: 2
516: 178 11 1 | 517: 178 5 1 | 518: 178 59 1
Set row: 179 lb: 0
519: 179 11 -1 | 520: 179 5 1 | 521: 179 59 1
Set row: 180 lb: 0
522: 180 11 1 | 523: 180 5 -1 | 524: 180 59 1
Edge found! S8:11 <-> S1:1	Weight: 50.725	Set col: 60
Set row: 181 ub: 0
525: 181 11 -1 | 526: 181 1 -1 | 527: 181 60 1
Set row: 182 ub: 2
528: 182 11 1 | 529: 182 1 1 | 530: 182 60 1
Set row: 183 lb: 0
531: 183 11 -1 | 532: 183 1 1 | 533: 183 60 1
Set row: 184 lb: 0
534: 184 11 1 | 535: 184 1 -1 | 536: 184 60 1
Edge found! S8:11 <-> S12:6	Weight: 12.6813	Set col: 61
Set row: 185 ub: 0
537: 185 11 -1 | 538: 185 6 -1 | 539: 185 61 1
Set row: 186 ub: 2
540: 186 11 1 | 541: 186 6 1 | 542: 186 61 1
Set row: 187 lb: 0
543: 187 11 -1 | 544: 187 6 1 | 545: 187 61 1
Set row: 188 lb: 0
546: 188 11 1 | 547: 188 6 -1 | 548: 188 61 1
Edge found! S8:11 <-> S4:7	Weight: 101.45	Set col: 62
Set row: 189 ub: 0
549: 189 11 -1 | 550: 189 7 -1 | 551: 189 62 1
Set row: 190 ub: 2
552: 190 11 1 | 553: 190 7 1 | 554: 190 62 1
Set row: 191 lb: 0
555: 191 11 -1 | 556: 191 7 1 | 557: 191 62 1
Set row: 192 lb: 0
558: 192 11 1 | 559: 192 7 -1 | 560: 192 62 1
Edge found! S8:11 <-> S5:8	Weight: 63.4063	Set col: 63
Set row: 193 ub: 0
561: 193 11 -1 | 562: 193 8 -1 | 563: 193 63 1
Set row: 194 ub: 2
564: 194 11 1 | 565: 194 8 1 | 566: 194 63 1
Set row: 195 lb: 0
567: 195 11 -1 | 568: 195 8 1 | 569: 195 63 1
Set row: 196 lb: 0
570: 196 11 1 | 571: 196 8 -1 | 572: 196 63 1
Edge found! S9:12 <-> S1:1	Weight: 50.725	Set col: 64
Set row: 197 ub: 0
573: 197 12 -1 | 574: 197 1 -1 | 575: 197 64 1
Set row: 198 ub: 2
576: 198 12 1 | 577: 198 1 1 | 578: 198 64 1
Set row: 199 lb: 0
579: 199 12 -1 | 580: 199 1 1 | 581: 199 64 1
Set row: 200 lb: 0
582: 200 12 1 | 583: 200 1 -1 | 584: 200 64 1
Edge found! S9:12 <-> S13:9	Weight: 25.3625	Set col: 65
Set row: 201 ub: 0
585: 201 12 -1 | 586: 201 9 -1 | 587: 201 65 1
Set row: 202 ub: 2
588: 202 12 1 | 589: 202 9 1 | 590: 202 65 1
Set row: 203 lb: 0
591: 203 12 -1 | 592: 203 9 1 | 593: 203 65 1
Set row: 204 lb: 0
594: 204 12 1 | 595: 204 9 -1 | 596: 204 65 1
Edge found! S9:12 <-> S4:7	Weight: 101.45	Set col: 66
Set row: 205 ub: 0
597: 205 12 -1 | 598: 205 7 -1 | 599: 205 66 1
Set row: 206 ub: 2
600: 206 12 1 | 601: 206 7 1 | 602: 206 66 1
Set row: 207 lb: 0
603: 207 12 -1 | 604: 207 7 1 | 605: 207 66 1
Set row: 208 lb: 0
606: 208 12 1 | 607: 208 7 -1 | 608: 208 66 1
Edge found! S9:12 <-> S5:8	Weight: 63.4063	Set col: 67
Set row: 209 ub: 0
609: 209 12 -1 | 610: 209 8 -1 | 611: 209 67 1
Set row: 210 ub: 2
612: 210 12 1 | 613: 210 8 1 | 614: 210 67 1
Set row: 211 lb: 0
615: 211 12 -1 | 616: 211 8 1 | 617: 211 67 1
Set row: 212 lb: 0
618: 212 12 1 | 619: 212 8 -1 | 620: 212 67 1
GLPK Integer Optimizer 5.0
213 rows, 67 columns, 638 non-zeros
67 integer variables, all of which are binary
Preprocessing...
98 hidden covering inequaliti(es) were detected
213 rows, 67 columns, 638 non-zeros
67 integer variables, all of which are binary
Scaling...
 A: min|aij| =  1.000e+00  max|aij| =  2.000e+00  ratio =  2.000e+00
Problem data seem to be well scaled
Constructing initial basis...
Size of triangular part is 205
Solving LP relaxation...
GLPK Simplex Optimizer 5.0
213 rows, 67 columns, 638 non-zeros
      0: obj =   0.000000000e+00 inf =   2.100e+01 (21)
     10: obj =   0.000000000e+00 inf =   0.000e+00 (0)
OPTIMAL LP SOLUTION FOUND
Integer optimization begins...
Long-step dual simplex will be used
+    10: mip =     not found yet >=              -inf        (1; 0)
+    55: >>>>>   2.917319300e+03 >=   8.300454667e-02 100.0% (3; 0)
+    99: >>>>>   2.917236295e+03 >=   2.917236295e+03   0.0% (1; 3)
+    99: mip =   2.917236295e+03 >=     tree is empty   0.0% (0; 5)
INTEGER OPTIMAL SOLUTION FOUND
-----
Objective Function Value: 2917.24
S0	5	1
S1	1	1
S10	13	1
S11	14	0
S12	6	1
S13	9	0
S14	15	0
S15	16	0
S16	17	0
S17	18	0
S2	3	0
S3	2	1
S4	7	0
S5	8	0
S6	4	1
S7	10	1
S8	11	1
S9	12	0
Number of 0 assigned: 10 | Number of 1 assigned: 8
XOR Constraint 19: 0
XOR Constraint 20: 0
XOR Constraint 21: 0
XOR Constraint 22: 1
XOR Constraint 23: 1
XOR Constraint 24: 0
XOR Constraint 25: 0
XOR Constraint 26: 0
XOR Constraint 27: 1
XOR Constraint 28: 0
XOR Constraint 29: 1
XOR Constraint 30: 1
XOR Constraint 31: 0
XOR Constraint 32: 1
XOR Constraint 33: 0
XOR Constraint 34: 1
XOR Constraint 35: 0
XOR Constraint 36: 1
XOR Constraint 37: 0
XOR Constraint 38: 1
XOR Constraint 39: 0
XOR Constraint 40: 1
XOR Constraint 41: 1
XOR Constraint 42: 1
XOR Constraint 43: 0
XOR Constraint 44: 1
XOR Constraint 45: 0
XOR Constraint 46: 0
XOR Constraint 47: 0
XOR Constraint 48: 0
XOR Constraint 49: 0
XOR Constraint 50: 1
XOR Constraint 51: 0
XOR Constraint 52: 0
XOR Constraint 53: 0
XOR Constraint 54: 1
XOR Constraint 55: 0
XOR Constraint 56: 1
XOR Constraint 57: 0
XOR Constraint 58: 1
XOR Constraint 59: 0
XOR Constraint 60: 0
XOR Constraint 61: 0
XOR Constraint 62: 1
XOR Constraint 63: 1
XOR Constraint 64: 1
XOR Constraint 65: 0
XOR Constraint 66: 0
XOR Constraint 67: 0
-----
Size of State Group: 18
 - 3
 - 18
 - 15
 - 17
 - 8
 - 12
 - 7
 - 9
 - 14
 - 16
 - 1
 - 5
 - 2
 - 11
 - 10
 - 6
 - 4
 - 13

Final Results:
Used Length / Total Length:	5 / 18
S0	: 5	| 01001-------------
S1	: 1	| 00001-------------
S10	: 13	| 01111-------------
S11	: 14	| 00110-------------
S12	: 6	| 01011-------------
S13	: 9	| 01010-------------
S14	: 15	| 01000-------------
S15	: 16	| 01110-------------
S16	: 17	| 11010-------------
S17	: 18	| 10000-------------
S2	: 3	| 00000-------------
S3	: 2	| 00101-------------
S4	: 7	| 00010-------------
S5	: 8	| 00100-------------
S6	: 4	| 00111-------------
S7	: 10	| 00011-------------
S8	: 11	| 01101-------------
S9	: 12	| 01100-------------

===========================================================================
Writing File ...

===========================================================================

Combinational power estimation, with Zero delay model.
Network: ex1_opt, Power = 2491.5 uW assuming 20 MHz clock and Vdd = 5V
