
===========================================================================
Reading File ...

===========================================================================
Calculating State Probability ...
glp_exact: 6 rows, 5 columns, 23 non-zeros
GLPK bignum module is being used
(Consider installing GNU MP to attain a much better performance.)
      0:   infsum =                      1   (5)
      5:   infsum =                      0   (1)
*     5:   objval =                      0   (1)
*     5:   objval =                      0   (1)
OPTIMAL SOLUTION FOUND
-----
S0:	0.310924
S1:	0.246499
S2:	0.285714
S3:	0.134454
S4:	0.022409
-----
S1 <-> S0:	4.65462
S2 <-> S0:	4.98208
S2 <-> S1:	5.637
S3 <-> S0:	0.561361
S3 <-> S1:	2.05832
S3 <-> S2:	1.12272
S4 <-> S0:	0.18712
S4 <-> S2:	0.18712
S4 <-> S3:	0.748481

===========================================================================
State Assignment ...
   [   Round 1   ]   
Set col: S0 -> 1
Set col: S1 -> 2
Set col: S2 -> 3
Set col: S3 -> 4
Set col: S4 -> 5
Size of Group: 1
Group 1 | Size 5
Set row: 1 lb: 1 ub: 4
Set row: 2 lb: -4 ub: -1
1: 1 5 1
2: 2 5 -1
3: 1 4 1
4: 2 4 -1
5: 1 3 1
6: 2 3 -1
7: 1 1 1
8: 2 1 -1
9: 1 2 1
10: 2 2 -1
Edge found! S1:2 <-> S0:1	Weight: 4.65462	Set col: 6
Set row: 3 ub: 0
11: 3 2 -1 | 12: 3 1 -1 | 13: 3 6 1
Set row: 4 ub: 2
14: 4 2 1 | 15: 4 1 1 | 16: 4 6 1
Set row: 5 lb: 0
17: 5 2 -1 | 18: 5 1 1 | 19: 5 6 1
Set row: 6 lb: 0
20: 6 2 1 | 21: 6 1 -1 | 22: 6 6 1
Edge found! S2:3 <-> S0:1	Weight: 4.98208	Set col: 7
Set row: 7 ub: 0
23: 7 3 -1 | 24: 7 1 -1 | 25: 7 7 1
Set row: 8 ub: 2
26: 8 3 1 | 27: 8 1 1 | 28: 8 7 1
Set row: 9 lb: 0
29: 9 3 -1 | 30: 9 1 1 | 31: 9 7 1
Set row: 10 lb: 0
32: 10 3 1 | 33: 10 1 -1 | 34: 10 7 1
Edge found! S2:3 <-> S1:2	Weight: 5.637	Set col: 8
Set row: 11 ub: 0
35: 11 3 -1 | 36: 11 2 -1 | 37: 11 8 1
Set row: 12 ub: 2
38: 12 3 1 | 39: 12 2 1 | 40: 12 8 1
Set row: 13 lb: 0
41: 13 3 -1 | 42: 13 2 1 | 43: 13 8 1
Set row: 14 lb: 0
44: 14 3 1 | 45: 14 2 -1 | 46: 14 8 1
Edge found! S3:4 <-> S0:1	Weight: 0.561361	Set col: 9
Set row: 15 ub: 0
47: 15 4 -1 | 48: 15 1 -1 | 49: 15 9 1
Set row: 16 ub: 2
50: 16 4 1 | 51: 16 1 1 | 52: 16 9 1
Set row: 17 lb: 0
53: 17 4 -1 | 54: 17 1 1 | 55: 17 9 1
Set row: 18 lb: 0
56: 18 4 1 | 57: 18 1 -1 | 58: 18 9 1
Edge found! S3:4 <-> S1:2	Weight: 2.05832	Set col: 10
Set row: 19 ub: 0
59: 19 4 -1 | 60: 19 2 -1 | 61: 19 10 1
Set row: 20 ub: 2
62: 20 4 1 | 63: 20 2 1 | 64: 20 10 1
Set row: 21 lb: 0
65: 21 4 -1 | 66: 21 2 1 | 67: 21 10 1
Set row: 22 lb: 0
68: 22 4 1 | 69: 22 2 -1 | 70: 22 10 1
Edge found! S3:4 <-> S2:3	Weight: 1.12272	Set col: 11
Set row: 23 ub: 0
71: 23 4 -1 | 72: 23 3 -1 | 73: 23 11 1
Set row: 24 ub: 2
74: 24 4 1 | 75: 24 3 1 | 76: 24 11 1
Set row: 25 lb: 0
77: 25 4 -1 | 78: 25 3 1 | 79: 25 11 1
Set row: 26 lb: 0
80: 26 4 1 | 81: 26 3 -1 | 82: 26 11 1
Edge found! S4:5 <-> S0:1	Weight: 0.18712	Set col: 12
Set row: 27 ub: 0
83: 27 5 -1 | 84: 27 1 -1 | 85: 27 12 1
Set row: 28 ub: 2
86: 28 5 1 | 87: 28 1 1 | 88: 28 12 1
Set row: 29 lb: 0
89: 29 5 -1 | 90: 29 1 1 | 91: 29 12 1
Set row: 30 lb: 0
92: 30 5 1 | 93: 30 1 -1 | 94: 30 12 1
Edge found! S4:5 <-> S2:3	Weight: 0.18712	Set col: 13
Set row: 31 ub: 0
95: 31 5 -1 | 96: 31 3 -1 | 97: 31 13 1
Set row: 32 ub: 2
98: 32 5 1 | 99: 32 3 1 | 100: 32 13 1
Set row: 33 lb: 0
101: 33 5 -1 | 102: 33 3 1 | 103: 33 13 1
Set row: 34 lb: 0
104: 34 5 1 | 105: 34 3 -1 | 106: 34 13 1
Edge found! S4:5 <-> S3:4	Weight: 0.748481	Set col: 14
Set row: 35 ub: 0
107: 35 5 -1 | 108: 35 4 -1 | 109: 35 14 1
Set row: 36 ub: 2
110: 36 5 1 | 111: 36 4 1 | 112: 36 14 1
Set row: 37 lb: 0
113: 37 5 -1 | 114: 37 4 1 | 115: 37 14 1
Set row: 38 lb: 0
116: 38 5 1 | 117: 38 4 -1 | 118: 38 14 1
GLPK Integer Optimizer 5.0
39 rows, 14 columns, 123 non-zeros
14 integer variables, all of which are binary
Preprocessing...
20 hidden covering inequaliti(es) were detected
41 rows, 14 columns, 133 non-zeros
14 integer variables, all of which are binary
Scaling...
 A: min|aij| =  1.000e+00  max|aij| =  2.000e+00  ratio =  2.000e+00
Problem data seem to be well scaled
Constructing initial basis...
Size of triangular part is 41
Solving LP relaxation...
GLPK Simplex Optimizer 5.0
41 rows, 14 columns, 133 non-zeros
      0: obj =   0.000000000e+00 inf =   2.000e+00 (2)
      5: obj =   0.000000000e+00 inf =   5.551e-17 (0)
OPTIMAL LP SOLUTION FOUND
Integer optimization begins...
Long-step dual simplex will be used
+     5: mip =     not found yet >=              -inf        (1; 0)
+    14: >>>>>   1.122721783e+00 >=   0.000000000e+00 100.0% (2; 0)
+    14: mip =   1.122721783e+00 >=     tree is empty   0.0% (0; 3)
INTEGER OPTIMAL SOLUTION FOUND
-----
Objective Function Value: 1.12272
S0	1	0
S1	2	0
S2	3	0
S3	4	0
S4	5	1
Number of 0 assigned: 4 | Number of 1 assigned: 1
XOR Constraint 6: 0
XOR Constraint 7: 0
XOR Constraint 8: 0
XOR Constraint 9: 0
XOR Constraint 10: 0
XOR Constraint 11: 0
XOR Constraint 12: 1
XOR Constraint 13: 1
XOR Constraint 14: 1
-----
Size of State Group: 2
 - 4 3 1 2
 - 5

   [   Round 2   ]   
Set col: S0 -> 1
Set col: S1 -> 2
Set col: S2 -> 3
Set col: S3 -> 4
Set col: S4 -> 5
Size of Group: 2
Group 1 | Size 4
Set row: 1 lb: 1 ub: 2
Set row: 2 lb: -3 ub: -2
1: 1 4 1
2: 2 4 -1
3: 1 3 1
4: 2 3 -1
5: 1 1 1
6: 2 1 -1
7: 1 2 1
8: 2 2 -1
Group 2 | Size 1
Edge found! S1:2 <-> S0:1	Weight: 4.65462	Set col: 6
Set row: 3 ub: 0
9: 3 2 -1 | 10: 3 1 -1 | 11: 3 6 1
Set row: 4 ub: 2
12: 4 2 1 | 13: 4 1 1 | 14: 4 6 1
Set row: 5 lb: 0
15: 5 2 -1 | 16: 5 1 1 | 17: 5 6 1
Set row: 6 lb: 0
18: 6 2 1 | 19: 6 1 -1 | 20: 6 6 1
Edge found! S2:3 <-> S0:1	Weight: 4.98208	Set col: 7
Set row: 7 ub: 0
21: 7 3 -1 | 22: 7 1 -1 | 23: 7 7 1
Set row: 8 ub: 2
24: 8 3 1 | 25: 8 1 1 | 26: 8 7 1
Set row: 9 lb: 0
27: 9 3 -1 | 28: 9 1 1 | 29: 9 7 1
Set row: 10 lb: 0
30: 10 3 1 | 31: 10 1 -1 | 32: 10 7 1
Edge found! S2:3 <-> S1:2	Weight: 5.637	Set col: 8
Set row: 11 ub: 0
33: 11 3 -1 | 34: 11 2 -1 | 35: 11 8 1
Set row: 12 ub: 2
36: 12 3 1 | 37: 12 2 1 | 38: 12 8 1
Set row: 13 lb: 0
39: 13 3 -1 | 40: 13 2 1 | 41: 13 8 1
Set row: 14 lb: 0
42: 14 3 1 | 43: 14 2 -1 | 44: 14 8 1
Edge found! S3:4 <-> S0:1	Weight: 0.561361	Set col: 9
Set row: 15 ub: 0
45: 15 4 -1 | 46: 15 1 -1 | 47: 15 9 1
Set row: 16 ub: 2
48: 16 4 1 | 49: 16 1 1 | 50: 16 9 1
Set row: 17 lb: 0
51: 17 4 -1 | 52: 17 1 1 | 53: 17 9 1
Set row: 18 lb: 0
54: 18 4 1 | 55: 18 1 -1 | 56: 18 9 1
Edge found! S3:4 <-> S1:2	Weight: 2.05832	Set col: 10
Set row: 19 ub: 0
57: 19 4 -1 | 58: 19 2 -1 | 59: 19 10 1
Set row: 20 ub: 2
60: 20 4 1 | 61: 20 2 1 | 62: 20 10 1
Set row: 21 lb: 0
63: 21 4 -1 | 64: 21 2 1 | 65: 21 10 1
Set row: 22 lb: 0
66: 22 4 1 | 67: 22 2 -1 | 68: 22 10 1
Edge found! S3:4 <-> S2:3	Weight: 1.12272	Set col: 11
Set row: 23 ub: 0
69: 23 4 -1 | 70: 23 3 -1 | 71: 23 11 1
Set row: 24 ub: 2
72: 24 4 1 | 73: 24 3 1 | 74: 24 11 1
Set row: 25 lb: 0
75: 25 4 -1 | 76: 25 3 1 | 77: 25 11 1
Set row: 26 lb: 0
78: 26 4 1 | 79: 26 3 -1 | 80: 26 11 1
Edge found! S4:5 <-> S0:1	Weight: 0.374241	Set col: 12
Set row: 27 ub: 0
81: 27 5 -1 | 82: 27 1 -1 | 83: 27 12 1
Set row: 28 ub: 2
84: 28 5 1 | 85: 28 1 1 | 86: 28 12 1
Set row: 29 lb: 0
87: 29 5 -1 | 88: 29 1 1 | 89: 29 12 1
Set row: 30 lb: 0
90: 30 5 1 | 91: 30 1 -1 | 92: 30 12 1
Edge found! S4:5 <-> S2:3	Weight: 0.374241	Set col: 13
Set row: 31 ub: 0
93: 31 5 -1 | 94: 31 3 -1 | 95: 31 13 1
Set row: 32 ub: 2
96: 32 5 1 | 97: 32 3 1 | 98: 32 13 1
Set row: 33 lb: 0
99: 33 5 -1 | 100: 33 3 1 | 101: 33 13 1
Set row: 34 lb: 0
102: 34 5 1 | 103: 34 3 -1 | 104: 34 13 1
Edge found! S4:5 <-> S3:4	Weight: 1.49696	Set col: 14
Set row: 35 ub: 0
105: 35 5 -1 | 106: 35 4 -1 | 107: 35 14 1
Set row: 36 ub: 2
108: 36 5 1 | 109: 36 4 1 | 110: 36 14 1
Set row: 37 lb: 0
111: 37 5 -1 | 112: 37 4 1 | 113: 37 14 1
Set row: 38 lb: 0
114: 38 5 1 | 115: 38 4 -1 | 116: 38 14 1
GLPK Integer Optimizer 5.0
39 rows, 14 columns, 121 non-zeros
14 integer variables, all of which are binary
Preprocessing...
18 hidden covering inequaliti(es) were detected
39 rows, 14 columns, 121 non-zeros
14 integer variables, all of which are binary
Scaling...
 A: min|aij| =  1.000e+00  max|aij| =  2.000e+00  ratio =  2.000e+00
Problem data seem to be well scaled
Constructing initial basis...
Size of triangular part is 39
Solving LP relaxation...
GLPK Simplex Optimizer 5.0
39 rows, 14 columns, 121 non-zeros
      0: obj =   0.000000000e+00 inf =   3.000e+00 (2)
      6: obj =   0.000000000e+00 inf =   0.000e+00 (0)
OPTIMAL LP SOLUTION FOUND
Integer optimization begins...
Long-step dual simplex will be used
+     6: mip =     not found yet >=              -inf        (1; 0)
+    26: >>>>>   1.510996399e+01 >=   1.122721783e+00  92.6% (4; 0)
+    34: >>>>>   1.361300162e+01 >=   7.718712257e+00  43.3% (5; 1)
+    34: >>>>>   1.347266139e+01 >=   1.272418021e+01   5.6% (3; 3)
+    34: >>>>>   1.272418021e+01 >=   1.272418021e+01 < 0.1% (2; 4)
+    34: mip =   1.272418021e+01 >=     tree is empty   0.0% (0; 11)
INTEGER OPTIMAL SOLUTION FOUND
-----
Objective Function Value: 12.7242
S0	1	1
S1	2	0
S2	3	1
S3	4	0
S4	5	0
Number of 0 assigned: 3 | Number of 1 assigned: 2
XOR Constraint 6: 1
XOR Constraint 7: 0
XOR Constraint 8: 1
XOR Constraint 9: 1
XOR Constraint 10: 0
XOR Constraint 11: 1
XOR Constraint 12: 1
XOR Constraint 13: 1
XOR Constraint 14: 0
-----
Size of State Group: 3
 - 4 2
 - 5
 - 1 3

   [   Round 3   ]   
Set col: S0 -> 1
Set col: S1 -> 2
Set col: S2 -> 3
Set col: S3 -> 4
Set col: S4 -> 5
Size of Group: 3
Group 1 | Size 2
Set row: 1 lb: 1 ub: 1
Set row: 2 lb: -1 ub: -1
1: 1 4 1
2: 2 4 -1
3: 1 2 1
4: 2 2 -1
Group 2 | Size 1
Group 3 | Size 2
Set row: 3 lb: 1 ub: 1
Set row: 4 lb: -1 ub: -1
5: 3 1 1
6: 4 1 -1
7: 3 3 1
8: 4 3 -1
Edge found! S1:2 <-> S0:1	Weight: 9.30923	Set col: 6
Set row: 5 ub: 0
9: 5 2 -1 | 10: 5 1 -1 | 11: 5 6 1
Set row: 6 ub: 2
12: 6 2 1 | 13: 6 1 1 | 14: 6 6 1
Set row: 7 lb: 0
15: 7 2 -1 | 16: 7 1 1 | 17: 7 6 1
Set row: 8 lb: 0
18: 8 2 1 | 19: 8 1 -1 | 20: 8 6 1
Edge found! S2:3 <-> S0:1	Weight: 4.98208	Set col: 7
Set row: 9 ub: 0
21: 9 3 -1 | 22: 9 1 -1 | 23: 9 7 1
Set row: 10 ub: 2
24: 10 3 1 | 25: 10 1 1 | 26: 10 7 1
Set row: 11 lb: 0
27: 11 3 -1 | 28: 11 1 1 | 29: 11 7 1
Set row: 12 lb: 0
30: 12 3 1 | 31: 12 1 -1 | 32: 12 7 1
Edge found! S2:3 <-> S1:2	Weight: 11.274	Set col: 8
Set row: 13 ub: 0
33: 13 3 -1 | 34: 13 2 -1 | 35: 13 8 1
Set row: 14 ub: 2
36: 14 3 1 | 37: 14 2 1 | 38: 14 8 1
Set row: 15 lb: 0
39: 15 3 -1 | 40: 15 2 1 | 41: 15 8 1
Set row: 16 lb: 0
42: 16 3 1 | 43: 16 2 -1 | 44: 16 8 1
Edge found! S3:4 <-> S0:1	Weight: 1.12272	Set col: 9
Set row: 17 ub: 0
45: 17 4 -1 | 46: 17 1 -1 | 47: 17 9 1
Set row: 18 ub: 2
48: 18 4 1 | 49: 18 1 1 | 50: 18 9 1
Set row: 19 lb: 0
51: 19 4 -1 | 52: 19 1 1 | 53: 19 9 1
Set row: 20 lb: 0
54: 20 4 1 | 55: 20 1 -1 | 56: 20 9 1
Edge found! S3:4 <-> S1:2	Weight: 2.05832	Set col: 10
Set row: 21 ub: 0
57: 21 4 -1 | 58: 21 2 -1 | 59: 21 10 1
Set row: 22 ub: 2
60: 22 4 1 | 61: 22 2 1 | 62: 22 10 1
Set row: 23 lb: 0
63: 23 4 -1 | 64: 23 2 1 | 65: 23 10 1
Set row: 24 lb: 0
66: 24 4 1 | 67: 24 2 -1 | 68: 24 10 1
Edge found! S3:4 <-> S2:3	Weight: 2.24544	Set col: 11
Set row: 25 ub: 0
69: 25 4 -1 | 70: 25 3 -1 | 71: 25 11 1
Set row: 26 ub: 2
72: 26 4 1 | 73: 26 3 1 | 74: 26 11 1
Set row: 27 lb: 0
75: 27 4 -1 | 76: 27 3 1 | 77: 27 11 1
Set row: 28 lb: 0
78: 28 4 1 | 79: 28 3 -1 | 80: 28 11 1
Edge found! S4:5 <-> S0:1	Weight: 0.748481	Set col: 12
Set row: 29 ub: 0
81: 29 5 -1 | 82: 29 1 -1 | 83: 29 12 1
Set row: 30 ub: 2
84: 30 5 1 | 85: 30 1 1 | 86: 30 12 1
Set row: 31 lb: 0
87: 31 5 -1 | 88: 31 1 1 | 89: 31 12 1
Set row: 32 lb: 0
90: 32 5 1 | 91: 32 1 -1 | 92: 32 12 1
Edge found! S4:5 <-> S2:3	Weight: 0.748481	Set col: 13
Set row: 33 ub: 0
93: 33 5 -1 | 94: 33 3 -1 | 95: 33 13 1
Set row: 34 ub: 2
96: 34 5 1 | 97: 34 3 1 | 98: 34 13 1
Set row: 35 lb: 0
99: 35 5 -1 | 100: 35 3 1 | 101: 35 13 1
Set row: 36 lb: 0
102: 36 5 1 | 103: 36 3 -1 | 104: 36 13 1
Edge found! S4:5 <-> S3:4	Weight: 1.49696	Set col: 14
Set row: 37 ub: 0
105: 37 5 -1 | 106: 37 4 -1 | 107: 37 14 1
Set row: 38 ub: 2
108: 38 5 1 | 109: 38 4 1 | 110: 38 14 1
Set row: 39 lb: 0
111: 39 5 -1 | 112: 39 4 1 | 113: 39 14 1
Set row: 40 lb: 0
114: 40 5 1 | 115: 40 4 -1 | 116: 40 14 1
GLPK Integer Optimizer 5.0
41 rows, 14 columns, 121 non-zeros
14 integer variables, all of which are binary
Preprocessing...
18 hidden covering inequaliti(es) were detected
41 rows, 14 columns, 121 non-zeros
14 integer variables, all of which are binary
Scaling...
 A: min|aij| =  1.000e+00  max|aij| =  2.000e+00  ratio =  2.000e+00
Problem data seem to be well scaled
Constructing initial basis...
Size of triangular part is 39
Solving LP relaxation...
GLPK Simplex Optimizer 5.0
41 rows, 14 columns, 121 non-zeros
      0: obj =   0.000000000e+00 inf =   6.000e+00 (6)
      3: obj =   0.000000000e+00 inf =   0.000e+00 (0)
OPTIMAL LP SOLUTION FOUND
Integer optimization begins...
Long-step dual simplex will be used
+     3: mip =     not found yet >=              -inf        (1; 0)
+    12: >>>>>   2.018560205e+01 >=   4.654617391e+00  76.9% (3; 0)
+    23: >>>>>   1.934356072e+01 >=   1.934356072e+01   0.0% (1; 2)
+    23: mip =   1.934356072e+01 >=     tree is empty   0.0% (0; 5)
INTEGER OPTIMAL SOLUTION FOUND
-----
Objective Function Value: 19.3436
S0	1	0
S1	2	1
S2	3	1
S3	4	0
S4	5	0
Number of 0 assigned: 3 | Number of 1 assigned: 2
XOR Constraint 6: 1
XOR Constraint 7: 1
XOR Constraint 8: 0
XOR Constraint 9: 0
XOR Constraint 10: 1
XOR Constraint 11: 1
XOR Constraint 12: 0
XOR Constraint 13: 1
XOR Constraint 14: 0
-----
Size of State Group: 5
 - 4
 - 5
 - 1
 - 2
 - 3

Final Results:
Used Length / Total Length:	3 / 5
S0	: 1	| 010--
S1	: 2	| 001--
S2	: 3	| 011--
S3	: 4	| 000--
S4	: 5	| 100--

===========================================================================
Writing File ...

===========================================================================

Combinational power estimation, with Zero delay model.
Network: s27_opt, Power = 377.1 uW assuming 20 MHz clock and Vdd = 5V
